<?xml version="1.0" encoding="UTF-8"?>
<!-- Generated by org.testng.reporters.JUnitXMLReporter -->
<testsuite hostname="ChethanBidare-pc" ignored="0" name="Default test" tests="13" failures="1" timestamp="03 Aug 2018 10:42:24 GMT" time="780.81" errors="0">
  <testcase name="verifyBranchName" time="96.333" classname="com.c2info.EG360_SalesReportsTCs.VerifySalesReportForYesterday"/>
  <testcase name="verifyBranchShortName" time="66.86" classname="com.c2info.EG360_SalesReportsTCs.VerifySalesReportForYesterday"/>
  <testcase name="verifyBranchWiseNumberOfInvoices" time="58.985" classname="com.c2info.EG360_SalesReportsTCs.VerifySalesReportForYesterday"/>
  <testcase name="verifyBranchwiseNumberOfCustomers" time="59.425" classname="com.c2info.EG360_SalesReportsTCs.VerifySalesReportForYesterday"/>
  <testcase name="verifyBranchwiseDiscAmount" time="60.29" classname="com.c2info.EG360_SalesReportsTCs.VerifySalesReportForYesterday"/>
  <testcase name="verifyBranchwiseInvoiceValAfterDisc" time="9.387" classname="com.c2info.EG360_SalesReportsTCs.VerifySalesReportForYesterday">
    <failure type="java.lang.AssertionError" message="expected [20665.49] but found [20665.41]">
      <![CDATA[java.lang.AssertionError: expected [20665.49] but found [20665.41]
	at org.testng.Assert.fail(Assert.java:93)
	at org.testng.Assert.failNotEquals(Assert.java:512)
	at org.testng.Assert.assertEqualsImpl(Assert.java:134)
	at org.testng.Assert.assertEquals(Assert.java:115)
	at org.testng.Assert.assertEquals(Assert.java:178)
	at com.c2info.EG360_SalesReportsTCs.VerifySalesReportForYesterday.verifyBranchwiseInvoiceValAfterDisc(VerifySalesReportForYesterday.java:174)
	at sun.reflect.NativeMethodAccessorImpl.invoke0(Native Method)
	at sun.reflect.NativeMethodAccessorImpl.invoke(NativeMethodAccessorImpl.java:62)
	at sun.reflect.DelegatingMethodAccessorImpl.invoke(DelegatingMethodAccessorImpl.java:43)
	at java.lang.reflect.Method.invoke(Method.java:498)
	at org.testng.internal.MethodInvocationHelper.invokeMethod(MethodInvocationHelper.java:108)
	at org.testng.internal.Invoker.invokeMethod(Invoker.java:661)
	at org.testng.internal.Invoker.invokeTestMethod(Invoker.java:869)
	at org.testng.internal.Invoker.invokeTestMethods(Invoker.java:1193)
	at org.testng.internal.TestMethodWorker.invokeTestMethods(TestMethodWorker.java:126)
	at org.testng.internal.TestMethodWorker.run(TestMethodWorker.java:109)
	at org.testng.TestRunner.privateRun(TestRunner.java:744)
	at org.testng.TestRunner.run(TestRunner.java:602)
	at org.testng.SuiteRunner.runTest(SuiteRunner.java:380)
	at org.testng.SuiteRunner.runSequentially(SuiteRunner.java:375)
	at org.testng.SuiteRunner.privateRun(SuiteRunner.java:340)
	at org.testng.SuiteRunner.run(SuiteRunner.java:289)
	at org.testng.SuiteRunnerWorker.runSuite(SuiteRunnerWorker.java:52)
	at org.testng.SuiteRunnerWorker.run(SuiteRunnerWorker.java:86)
	at org.testng.TestNG.runSuitesSequentially(TestNG.java:1301)
	at org.testng.TestNG.runSuitesLocally(TestNG.java:1226)
	at org.testng.TestNG.runSuites(TestNG.java:1144)
	at org.testng.TestNG.run(TestNG.java:1115)
	at org.testng.remote.AbstractRemoteTestNG.run(AbstractRemoteTestNG.java:114)
	at org.testng.remote.RemoteTestNG.initAndRun(RemoteTestNG.java:251)
	at org.testng.remote.RemoteTestNG.main(RemoteTestNG.java:77)
]]>
    </failure>
  </testcase> <!-- verifyBranchwiseInvoiceValAfterDisc -->
  <testcase name="verifyBranchwiseInvoiceValTax" time="60.611" classname="com.c2info.EG360_SalesReportsTCs.VerifySalesReportForYesterday"/>
  <testcase name="verifyBranchwiseTaxAmount" time="57.957" classname="com.c2info.EG360_SalesReportsTCs.VerifySalesReportForYesterday"/>
  <testcase name="verifyBranchwiseCGSTAmount" time="61.005" classname="com.c2info.EG360_SalesReportsTCs.VerifySalesReportForYesterday"/>
  <testcase name="verifyBranchwiseSGSTAmount" time="60.374" classname="com.c2info.EG360_SalesReportsTCs.VerifySalesReportForYesterday"/>
  <testcase name="verifyBranchwiseIGSTAmount" time="58.249" classname="com.c2info.EG360_SalesReportsTCs.VerifySalesReportForYesterday"/>
  <testcase name="verifyBranchwiseCessAmount" time="59.265" classname="com.c2info.EG360_SalesReportsTCs.VerifySalesReportForYesterday"/>
  <testcase name="verifyBranchwiseServiceChargeAmount" time="59.101" classname="com.c2info.EG360_SalesReportsTCs.VerifySalesReportForYesterday"/>
</testsuite> <!-- Default test -->
