<?xml version="1.0" encoding="UTF-8"?>
<!-- Generated by org.testng.reporters.JUnitXMLReporter -->
<testsuite hostname="ChethanBidare-pc" ignored="0" name="Test" tests="91" failures="75" timestamp="04 Aug 2018 09:37:02 GMT" time="514.939" errors="0">
  <testcase name="verifyBranchName" time="28.574" classname="com.c2info.EG360_SalesReportsTCs.TC_008_VerifySalesReportForToday_SalesReturn"/>
  <testcase name="verifyBranchName" time="29.07" classname="com.c2info.EG360_SalesReportsTCs.TC_009_VerifySalesReportForYesterday_SalesReturn"/>
  <testcase name="verifyBranchName" time="29.116" classname="com.c2info.EG360_SalesReportsTCs.TC_010_VerifySalesReportForLastWeek_SalesReturn"/>
  <testcase name="verifyBranchName" time="28.861" classname="com.c2info.EG360_SalesReportsTCs.TC_011_VerifySalesReportForCurrentMonth_SalesReturn"/>
  <testcase name="verifyBranchName" time="28.858" classname="com.c2info.EG360_SalesReportsTCs.TC_012_VerifySalesReportForLastMonth_SalesReturn"/>
  <testcase name="verifyBranchName" time="28.665" classname="com.c2info.EG360_SalesReportsTCs.TC_013_VerifySalesReportForCurrentQuarter_SalesReturn"/>
  <testcase name="verifyBranchName" time="31.92" classname="com.c2info.EG360_SalesReportsTCs.TC_014_VerifySalesReportForCurrentYear_SalesReturn"/>
  <testcase name="verifyBranchShortName" time="3.089" classname="com.c2info.EG360_SalesReportsTCs.TC_008_VerifySalesReportForToday_SalesReturn"/>
  <testcase name="verifyBranchShortName" time="3.139" classname="com.c2info.EG360_SalesReportsTCs.TC_009_VerifySalesReportForYesterday_SalesReturn"/>
  <testcase name="verifyBranchShortName" time="2.856" classname="com.c2info.EG360_SalesReportsTCs.TC_010_VerifySalesReportForLastWeek_SalesReturn"/>
  <testcase name="verifyBranchShortName" time="2.94" classname="com.c2info.EG360_SalesReportsTCs.TC_011_VerifySalesReportForCurrentMonth_SalesReturn"/>
  <testcase name="verifyBranchShortName" time="2.805" classname="com.c2info.EG360_SalesReportsTCs.TC_012_VerifySalesReportForLastMonth_SalesReturn"/>
  <testcase name="verifyBranchShortName" time="2.968" classname="com.c2info.EG360_SalesReportsTCs.TC_013_VerifySalesReportForCurrentQuarter_SalesReturn"/>
  <testcase name="verifyBranchShortName" time="2.985" classname="com.c2info.EG360_SalesReportsTCs.TC_014_VerifySalesReportForCurrentYear_SalesReturn"/>
  <testcase name="verifyBranchWiseNumberOfInvoices" time="2.963" classname="com.c2info.EG360_SalesReportsTCs.TC_008_VerifySalesReportForToday_SalesReturn">
    <failure type="java.lang.AssertionError" message="expected [587] but found [0]">
      <![CDATA[java.lang.AssertionError: expected [587] but found [0]
	at com.c2info.EG360_SalesReportsTCs.TC_008_VerifySalesReportForToday_SalesReturn.verifyBranchWiseNumberOfInvoices(TC_008_VerifySalesReportForToday_SalesReturn.java:97)
... Removed 31 stack frames]]>
    </failure>
  </testcase> <!-- verifyBranchWiseNumberOfInvoices -->
  <testcase name="verifyBranchWiseNumberOfInvoices" time="3.253" classname="com.c2info.EG360_SalesReportsTCs.TC_009_VerifySalesReportForYesterday_SalesReturn">
    <failure type="java.lang.AssertionError" message="expected [587] but found [0]">
      <![CDATA[java.lang.AssertionError: expected [587] but found [0]
	at com.c2info.EG360_SalesReportsTCs.TC_009_VerifySalesReportForYesterday_SalesReturn.verifyBranchWiseNumberOfInvoices(TC_009_VerifySalesReportForYesterday_SalesReturn.java:98)
... Removed 31 stack frames]]>
    </failure>
  </testcase> <!-- verifyBranchWiseNumberOfInvoices -->
  <testcase name="verifyBranchWiseNumberOfInvoices" time="2.915" classname="com.c2info.EG360_SalesReportsTCs.TC_010_VerifySalesReportForLastWeek_SalesReturn">
    <failure type="java.lang.AssertionError" message="expected [587] but found [0]">
      <![CDATA[java.lang.AssertionError: expected [587] but found [0]
	at com.c2info.EG360_SalesReportsTCs.TC_010_VerifySalesReportForLastWeek_SalesReturn.verifyBranchWiseNumberOfInvoices(TC_010_VerifySalesReportForLastWeek_SalesReturn.java:95)
... Removed 31 stack frames]]>
    </failure>
  </testcase> <!-- verifyBranchWiseNumberOfInvoices -->
  <testcase name="verifyBranchWiseNumberOfInvoices" time="3.059" classname="com.c2info.EG360_SalesReportsTCs.TC_011_VerifySalesReportForCurrentMonth_SalesReturn">
    <failure type="java.lang.AssertionError" message="expected [587] but found [0]">
      <![CDATA[java.lang.AssertionError: expected [587] but found [0]
	at com.c2info.EG360_SalesReportsTCs.TC_011_VerifySalesReportForCurrentMonth_SalesReturn.verifyBranchWiseNumberOfInvoices(TC_011_VerifySalesReportForCurrentMonth_SalesReturn.java:95)
... Removed 31 stack frames]]>
    </failure>
  </testcase> <!-- verifyBranchWiseNumberOfInvoices -->
  <testcase name="verifyBranchWiseNumberOfInvoices" time="2.956" classname="com.c2info.EG360_SalesReportsTCs.TC_012_VerifySalesReportForLastMonth_SalesReturn">
    <failure type="java.lang.AssertionError" message="expected [587] but found [437]">
      <![CDATA[java.lang.AssertionError: expected [587] but found [437]
	at com.c2info.EG360_SalesReportsTCs.TC_012_VerifySalesReportForLastMonth_SalesReturn.verifyBranchWiseNumberOfInvoices(TC_012_VerifySalesReportForLastMonth_SalesReturn.java:95)
... Removed 31 stack frames]]>
    </failure>
  </testcase> <!-- verifyBranchWiseNumberOfInvoices -->
  <testcase name="verifyBranchWiseNumberOfInvoices" time="2.847" classname="com.c2info.EG360_SalesReportsTCs.TC_013_VerifySalesReportForCurrentQuarter_SalesReturn">
    <failure type="java.lang.AssertionError" message="expected [587] but found [0]">
      <![CDATA[java.lang.AssertionError: expected [587] but found [0]
	at com.c2info.EG360_SalesReportsTCs.TC_013_VerifySalesReportForCurrentQuarter_SalesReturn.verifyBranchWiseNumberOfInvoices(TC_013_VerifySalesReportForCurrentQuarter_SalesReturn.java:95)
... Removed 31 stack frames]]>
    </failure>
  </testcase> <!-- verifyBranchWiseNumberOfInvoices -->
  <testcase name="verifyBranchWiseNumberOfInvoices" time="2.87" classname="com.c2info.EG360_SalesReportsTCs.TC_014_VerifySalesReportForCurrentYear_SalesReturn">
    <failure type="java.lang.AssertionError" message="expected [587] but found [2329]">
      <![CDATA[java.lang.AssertionError: expected [587] but found [2329]
	at com.c2info.EG360_SalesReportsTCs.TC_014_VerifySalesReportForCurrentYear_SalesReturn.verifyBranchWiseNumberOfInvoices(TC_014_VerifySalesReportForCurrentYear_SalesReturn.java:95)
... Removed 31 stack frames]]>
    </failure>
  </testcase> <!-- verifyBranchWiseNumberOfInvoices -->
  <testcase name="verifyBranchwiseNumberOfCustomers" time="3.007" classname="com.c2info.EG360_SalesReportsTCs.TC_008_VerifySalesReportForToday_SalesReturn">
    <failure type="java.lang.AssertionError" message="expected [3] but found [0]">
      <![CDATA[java.lang.AssertionError: expected [3] but found [0]
	at com.c2info.EG360_SalesReportsTCs.TC_008_VerifySalesReportForToday_SalesReturn.verifyBranchwiseNumberOfCustomers(TC_008_VerifySalesReportForToday_SalesReturn.java:121)
... Removed 31 stack frames]]>
    </failure>
  </testcase> <!-- verifyBranchwiseNumberOfCustomers -->
  <testcase name="verifyBranchwiseNumberOfCustomers" time="2.76" classname="com.c2info.EG360_SalesReportsTCs.TC_009_VerifySalesReportForYesterday_SalesReturn">
    <failure type="java.lang.AssertionError" message="expected [3] but found [0]">
      <![CDATA[java.lang.AssertionError: expected [3] but found [0]
	at com.c2info.EG360_SalesReportsTCs.TC_009_VerifySalesReportForYesterday_SalesReturn.verifyBranchwiseNumberOfCustomers(TC_009_VerifySalesReportForYesterday_SalesReturn.java:123)
... Removed 31 stack frames]]>
    </failure>
  </testcase> <!-- verifyBranchwiseNumberOfCustomers -->
  <testcase name="verifyBranchwiseNumberOfCustomers" time="3.554" classname="com.c2info.EG360_SalesReportsTCs.TC_010_VerifySalesReportForLastWeek_SalesReturn">
    <failure type="java.lang.AssertionError" message="expected [3] but found [0]">
      <![CDATA[java.lang.AssertionError: expected [3] but found [0]
	at com.c2info.EG360_SalesReportsTCs.TC_010_VerifySalesReportForLastWeek_SalesReturn.verifyBranchwiseNumberOfCustomers(TC_010_VerifySalesReportForLastWeek_SalesReturn.java:118)
... Removed 31 stack frames]]>
    </failure>
  </testcase> <!-- verifyBranchwiseNumberOfCustomers -->
  <testcase name="verifyBranchwiseNumberOfCustomers" time="2.996" classname="com.c2info.EG360_SalesReportsTCs.TC_011_VerifySalesReportForCurrentMonth_SalesReturn">
    <failure type="java.lang.AssertionError" message="expected [3] but found [0]">
      <![CDATA[java.lang.AssertionError: expected [3] but found [0]
	at com.c2info.EG360_SalesReportsTCs.TC_011_VerifySalesReportForCurrentMonth_SalesReturn.verifyBranchwiseNumberOfCustomers(TC_011_VerifySalesReportForCurrentMonth_SalesReturn.java:118)
... Removed 31 stack frames]]>
    </failure>
  </testcase> <!-- verifyBranchwiseNumberOfCustomers -->
  <testcase name="verifyBranchwiseNumberOfCustomers" time="2.939" classname="com.c2info.EG360_SalesReportsTCs.TC_012_VerifySalesReportForLastMonth_SalesReturn"/>
  <testcase name="verifyBranchwiseNumberOfCustomers" time="2.85" classname="com.c2info.EG360_SalesReportsTCs.TC_013_VerifySalesReportForCurrentQuarter_SalesReturn">
    <failure type="java.lang.AssertionError" message="expected [3] but found [0]">
      <![CDATA[java.lang.AssertionError: expected [3] but found [0]
	at com.c2info.EG360_SalesReportsTCs.TC_013_VerifySalesReportForCurrentQuarter_SalesReturn.verifyBranchwiseNumberOfCustomers(TC_013_VerifySalesReportForCurrentQuarter_SalesReturn.java:118)
... Removed 31 stack frames]]>
    </failure>
  </testcase> <!-- verifyBranchwiseNumberOfCustomers -->
  <testcase name="verifyBranchwiseNumberOfCustomers" time="2.914" classname="com.c2info.EG360_SalesReportsTCs.TC_014_VerifySalesReportForCurrentYear_SalesReturn">
    <failure type="java.lang.AssertionError" message="expected [3] but found [5]">
      <![CDATA[java.lang.AssertionError: expected [3] but found [5]
	at com.c2info.EG360_SalesReportsTCs.TC_014_VerifySalesReportForCurrentYear_SalesReturn.verifyBranchwiseNumberOfCustomers(TC_014_VerifySalesReportForCurrentYear_SalesReturn.java:118)
... Removed 31 stack frames]]>
    </failure>
  </testcase> <!-- verifyBranchwiseNumberOfCustomers -->
  <testcase name="verifyBranchwiseDiscAmount" time="3.095" classname="com.c2info.EG360_SalesReportsTCs.TC_008_VerifySalesReportForToday_SalesReturn">
    <failure type="java.lang.AssertionError" message="expected [18046.76] but found [0.0]">
      <![CDATA[java.lang.AssertionError: expected [18046.76] but found [0.0]
	at com.c2info.EG360_SalesReportsTCs.TC_008_VerifySalesReportForToday_SalesReturn.verifyBranchwiseDiscAmount(TC_008_VerifySalesReportForToday_SalesReturn.java:147)
... Removed 30 stack frames]]>
    </failure>
  </testcase> <!-- verifyBranchwiseDiscAmount -->
  <testcase name="verifyBranchwiseDiscAmount" time="2.865" classname="com.c2info.EG360_SalesReportsTCs.TC_009_VerifySalesReportForYesterday_SalesReturn">
    <failure type="java.lang.AssertionError" message="expected [18046.76] but found [0.0]">
      <![CDATA[java.lang.AssertionError: expected [18046.76] but found [0.0]
	at com.c2info.EG360_SalesReportsTCs.TC_009_VerifySalesReportForYesterday_SalesReturn.verifyBranchwiseDiscAmount(TC_009_VerifySalesReportForYesterday_SalesReturn.java:150)
... Removed 30 stack frames]]>
    </failure>
  </testcase> <!-- verifyBranchwiseDiscAmount -->
  <testcase name="verifyBranchwiseDiscAmount" time="2.913" classname="com.c2info.EG360_SalesReportsTCs.TC_010_VerifySalesReportForLastWeek_SalesReturn">
    <failure type="java.lang.AssertionError" message="expected [18046.76] but found [0.0]">
      <![CDATA[java.lang.AssertionError: expected [18046.76] but found [0.0]
	at com.c2info.EG360_SalesReportsTCs.TC_010_VerifySalesReportForLastWeek_SalesReturn.verifyBranchwiseDiscAmount(TC_010_VerifySalesReportForLastWeek_SalesReturn.java:143)
... Removed 30 stack frames]]>
    </failure>
  </testcase> <!-- verifyBranchwiseDiscAmount -->
  <testcase name="verifyBranchwiseDiscAmount" time="3.123" classname="com.c2info.EG360_SalesReportsTCs.TC_011_VerifySalesReportForCurrentMonth_SalesReturn">
    <failure type="java.lang.AssertionError" message="expected [18046.76] but found [0.0]">
      <![CDATA[java.lang.AssertionError: expected [18046.76] but found [0.0]
	at com.c2info.EG360_SalesReportsTCs.TC_011_VerifySalesReportForCurrentMonth_SalesReturn.verifyBranchwiseDiscAmount(TC_011_VerifySalesReportForCurrentMonth_SalesReturn.java:143)
... Removed 30 stack frames]]>
    </failure>
  </testcase> <!-- verifyBranchwiseDiscAmount -->
  <testcase name="verifyBranchwiseDiscAmount" time="3.029" classname="com.c2info.EG360_SalesReportsTCs.TC_012_VerifySalesReportForLastMonth_SalesReturn">
    <failure type="java.lang.AssertionError" message="expected [18046.76] but found [13025.57]">
      <![CDATA[java.lang.AssertionError: expected [18046.76] but found [13025.57]
	at com.c2info.EG360_SalesReportsTCs.TC_012_VerifySalesReportForLastMonth_SalesReturn.verifyBranchwiseDiscAmount(TC_012_VerifySalesReportForLastMonth_SalesReturn.java:143)
... Removed 30 stack frames]]>
    </failure>
  </testcase> <!-- verifyBranchwiseDiscAmount -->
  <testcase name="verifyBranchwiseDiscAmount" time="2.752" classname="com.c2info.EG360_SalesReportsTCs.TC_013_VerifySalesReportForCurrentQuarter_SalesReturn">
    <failure type="java.lang.AssertionError" message="expected [18046.76] but found [0.0]">
      <![CDATA[java.lang.AssertionError: expected [18046.76] but found [0.0]
	at com.c2info.EG360_SalesReportsTCs.TC_013_VerifySalesReportForCurrentQuarter_SalesReturn.verifyBranchwiseDiscAmount(TC_013_VerifySalesReportForCurrentQuarter_SalesReturn.java:143)
... Removed 30 stack frames]]>
    </failure>
  </testcase> <!-- verifyBranchwiseDiscAmount -->
  <testcase name="verifyBranchwiseDiscAmount" time="3.345" classname="com.c2info.EG360_SalesReportsTCs.TC_014_VerifySalesReportForCurrentYear_SalesReturn">
    <failure type="java.lang.AssertionError" message="expected [18046.76] but found [89319.11]">
      <![CDATA[java.lang.AssertionError: expected [18046.76] but found [89319.11]
	at com.c2info.EG360_SalesReportsTCs.TC_014_VerifySalesReportForCurrentYear_SalesReturn.verifyBranchwiseDiscAmount(TC_014_VerifySalesReportForCurrentYear_SalesReturn.java:143)
... Removed 30 stack frames]]>
    </failure>
  </testcase> <!-- verifyBranchwiseDiscAmount -->
  <testcase name="verifyBranchwiseInvoiceValAfterDisc" time="2.856" classname="com.c2info.EG360_SalesReportsTCs.TC_008_VerifySalesReportForToday_SalesReturn">
    <failure type="java.lang.AssertionError" message="expected [323980.42] but found [0.0]">
      <![CDATA[java.lang.AssertionError: expected [323980.42] but found [0.0]
	at com.c2info.EG360_SalesReportsTCs.TC_008_VerifySalesReportForToday_SalesReturn.verifyBranchwiseInvoiceValAfterDisc(TC_008_VerifySalesReportForToday_SalesReturn.java:173)
... Removed 30 stack frames]]>
    </failure>
  </testcase> <!-- verifyBranchwiseInvoiceValAfterDisc -->
  <testcase name="verifyBranchwiseInvoiceValAfterDisc" time="2.859" classname="com.c2info.EG360_SalesReportsTCs.TC_009_VerifySalesReportForYesterday_SalesReturn">
    <failure type="java.lang.AssertionError" message="expected [323980.42] but found [0.0]">
      <![CDATA[java.lang.AssertionError: expected [323980.42] but found [0.0]
	at com.c2info.EG360_SalesReportsTCs.TC_009_VerifySalesReportForYesterday_SalesReturn.verifyBranchwiseInvoiceValAfterDisc(TC_009_VerifySalesReportForYesterday_SalesReturn.java:177)
... Removed 30 stack frames]]>
    </failure>
  </testcase> <!-- verifyBranchwiseInvoiceValAfterDisc -->
  <testcase name="verifyBranchwiseInvoiceValAfterDisc" time="3.313" classname="com.c2info.EG360_SalesReportsTCs.TC_010_VerifySalesReportForLastWeek_SalesReturn">
    <failure type="java.lang.AssertionError" message="expected [323980.42] but found [0.0]">
      <![CDATA[java.lang.AssertionError: expected [323980.42] but found [0.0]
	at com.c2info.EG360_SalesReportsTCs.TC_010_VerifySalesReportForLastWeek_SalesReturn.verifyBranchwiseInvoiceValAfterDisc(TC_010_VerifySalesReportForLastWeek_SalesReturn.java:168)
... Removed 30 stack frames]]>
    </failure>
  </testcase> <!-- verifyBranchwiseInvoiceValAfterDisc -->
  <testcase name="verifyBranchwiseInvoiceValAfterDisc" time="3.265" classname="com.c2info.EG360_SalesReportsTCs.TC_011_VerifySalesReportForCurrentMonth_SalesReturn">
    <failure type="java.lang.AssertionError" message="expected [323980.42] but found [0.0]">
      <![CDATA[java.lang.AssertionError: expected [323980.42] but found [0.0]
	at com.c2info.EG360_SalesReportsTCs.TC_011_VerifySalesReportForCurrentMonth_SalesReturn.verifyBranchwiseInvoiceValAfterDisc(TC_011_VerifySalesReportForCurrentMonth_SalesReturn.java:168)
... Removed 30 stack frames]]>
    </failure>
  </testcase> <!-- verifyBranchwiseInvoiceValAfterDisc -->
  <testcase name="verifyBranchwiseInvoiceValAfterDisc" time="3.029" classname="com.c2info.EG360_SalesReportsTCs.TC_012_VerifySalesReportForLastMonth_SalesReturn">
    <failure type="java.lang.AssertionError" message="expected [323980.42] but found [251983.98]">
      <![CDATA[java.lang.AssertionError: expected [323980.42] but found [251983.98]
	at com.c2info.EG360_SalesReportsTCs.TC_012_VerifySalesReportForLastMonth_SalesReturn.verifyBranchwiseInvoiceValAfterDisc(TC_012_VerifySalesReportForLastMonth_SalesReturn.java:168)
... Removed 30 stack frames]]>
    </failure>
  </testcase> <!-- verifyBranchwiseInvoiceValAfterDisc -->
  <testcase name="verifyBranchwiseInvoiceValAfterDisc" time="2.846" classname="com.c2info.EG360_SalesReportsTCs.TC_013_VerifySalesReportForCurrentQuarter_SalesReturn">
    <failure type="java.lang.AssertionError" message="expected [323980.42] but found [0.0]">
      <![CDATA[java.lang.AssertionError: expected [323980.42] but found [0.0]
	at com.c2info.EG360_SalesReportsTCs.TC_013_VerifySalesReportForCurrentQuarter_SalesReturn.verifyBranchwiseInvoiceValAfterDisc(TC_013_VerifySalesReportForCurrentQuarter_SalesReturn.java:168)
... Removed 30 stack frames]]>
    </failure>
  </testcase> <!-- verifyBranchwiseInvoiceValAfterDisc -->
  <testcase name="verifyBranchwiseInvoiceValAfterDisc" time="2.795" classname="com.c2info.EG360_SalesReportsTCs.TC_014_VerifySalesReportForCurrentYear_SalesReturn">
    <failure type="java.lang.AssertionError" message="expected [323980.42] but found [1473891.92]">
      <![CDATA[java.lang.AssertionError: expected [323980.42] but found [1473891.92]
	at com.c2info.EG360_SalesReportsTCs.TC_014_VerifySalesReportForCurrentYear_SalesReturn.verifyBranchwiseInvoiceValAfterDisc(TC_014_VerifySalesReportForCurrentYear_SalesReturn.java:168)
... Removed 30 stack frames]]>
    </failure>
  </testcase> <!-- verifyBranchwiseInvoiceValAfterDisc -->
  <testcase name="verifyBranchwiseInvoiceValTax" time="3.12" classname="com.c2info.EG360_SalesReportsTCs.TC_008_VerifySalesReportForToday_SalesReturn">
    <failure type="java.lang.AssertionError" message="expected [360753.19] but found [0.0]">
      <![CDATA[java.lang.AssertionError: expected [360753.19] but found [0.0]
	at com.c2info.EG360_SalesReportsTCs.TC_008_VerifySalesReportForToday_SalesReturn.verifyBranchwiseInvoiceValTax(TC_008_VerifySalesReportForToday_SalesReturn.java:199)
... Removed 30 stack frames]]>
    </failure>
  </testcase> <!-- verifyBranchwiseInvoiceValTax -->
  <testcase name="verifyBranchwiseInvoiceValTax" time="2.99" classname="com.c2info.EG360_SalesReportsTCs.TC_009_VerifySalesReportForYesterday_SalesReturn">
    <failure type="java.lang.AssertionError" message="expected [360753.19] but found [0.0]">
      <![CDATA[java.lang.AssertionError: expected [360753.19] but found [0.0]
	at com.c2info.EG360_SalesReportsTCs.TC_009_VerifySalesReportForYesterday_SalesReturn.verifyBranchwiseInvoiceValTax(TC_009_VerifySalesReportForYesterday_SalesReturn.java:204)
... Removed 30 stack frames]]>
    </failure>
  </testcase> <!-- verifyBranchwiseInvoiceValTax -->
  <testcase name="verifyBranchwiseInvoiceValTax" time="2.821" classname="com.c2info.EG360_SalesReportsTCs.TC_010_VerifySalesReportForLastWeek_SalesReturn">
    <failure type="java.lang.AssertionError" message="expected [360753.19] but found [0.0]">
      <![CDATA[java.lang.AssertionError: expected [360753.19] but found [0.0]
	at com.c2info.EG360_SalesReportsTCs.TC_010_VerifySalesReportForLastWeek_SalesReturn.verifyBranchwiseInvoiceValTax(TC_010_VerifySalesReportForLastWeek_SalesReturn.java:193)
... Removed 30 stack frames]]>
    </failure>
  </testcase> <!-- verifyBranchwiseInvoiceValTax -->
  <testcase name="verifyBranchwiseInvoiceValTax" time="3.038" classname="com.c2info.EG360_SalesReportsTCs.TC_011_VerifySalesReportForCurrentMonth_SalesReturn">
    <failure type="java.lang.AssertionError" message="expected [360753.19] but found [0.0]">
      <![CDATA[java.lang.AssertionError: expected [360753.19] but found [0.0]
	at com.c2info.EG360_SalesReportsTCs.TC_011_VerifySalesReportForCurrentMonth_SalesReturn.verifyBranchwiseInvoiceValTax(TC_011_VerifySalesReportForCurrentMonth_SalesReturn.java:193)
... Removed 30 stack frames]]>
    </failure>
  </testcase> <!-- verifyBranchwiseInvoiceValTax -->
  <testcase name="verifyBranchwiseInvoiceValTax" time="2.983" classname="com.c2info.EG360_SalesReportsTCs.TC_012_VerifySalesReportForLastMonth_SalesReturn">
    <failure type="java.lang.AssertionError" message="expected [360753.19] but found [280576.74]">
      <![CDATA[java.lang.AssertionError: expected [360753.19] but found [280576.74]
	at com.c2info.EG360_SalesReportsTCs.TC_012_VerifySalesReportForLastMonth_SalesReturn.verifyBranchwiseInvoiceValTax(TC_012_VerifySalesReportForLastMonth_SalesReturn.java:193)
... Removed 30 stack frames]]>
    </failure>
  </testcase> <!-- verifyBranchwiseInvoiceValTax -->
  <testcase name="verifyBranchwiseInvoiceValTax" time="3.128" classname="com.c2info.EG360_SalesReportsTCs.TC_013_VerifySalesReportForCurrentQuarter_SalesReturn">
    <failure type="java.lang.AssertionError" message="expected [360753.19] but found [0.0]">
      <![CDATA[java.lang.AssertionError: expected [360753.19] but found [0.0]
	at com.c2info.EG360_SalesReportsTCs.TC_013_VerifySalesReportForCurrentQuarter_SalesReturn.verifyBranchwiseInvoiceValTax(TC_013_VerifySalesReportForCurrentQuarter_SalesReturn.java:193)
... Removed 30 stack frames]]>
    </failure>
  </testcase> <!-- verifyBranchwiseInvoiceValTax -->
  <testcase name="verifyBranchwiseInvoiceValTax" time="2.88" classname="com.c2info.EG360_SalesReportsTCs.TC_014_VerifySalesReportForCurrentYear_SalesReturn">
    <failure type="java.lang.AssertionError" message="expected [360753.19] but found [1642916.14]">
      <![CDATA[java.lang.AssertionError: expected [360753.19] but found [1642916.14]
	at com.c2info.EG360_SalesReportsTCs.TC_014_VerifySalesReportForCurrentYear_SalesReturn.verifyBranchwiseInvoiceValTax(TC_014_VerifySalesReportForCurrentYear_SalesReturn.java:193)
... Removed 30 stack frames]]>
    </failure>
  </testcase> <!-- verifyBranchwiseInvoiceValTax -->
  <testcase name="verifyBranchwiseTaxAmount" time="3.182" classname="com.c2info.EG360_SalesReportsTCs.TC_008_VerifySalesReportForToday_SalesReturn">
    <failure type="java.lang.AssertionError" message="expected [36772.77] but found [0.0]">
      <![CDATA[java.lang.AssertionError: expected [36772.77] but found [0.0]
	at com.c2info.EG360_SalesReportsTCs.TC_008_VerifySalesReportForToday_SalesReturn.verifyBranchwiseTaxAmount(TC_008_VerifySalesReportForToday_SalesReturn.java:225)
... Removed 30 stack frames]]>
    </failure>
  </testcase> <!-- verifyBranchwiseTaxAmount -->
  <testcase name="verifyBranchwiseTaxAmount" time="2.92" classname="com.c2info.EG360_SalesReportsTCs.TC_009_VerifySalesReportForYesterday_SalesReturn">
    <failure type="java.lang.AssertionError" message="expected [36772.77] but found [0.0]">
      <![CDATA[java.lang.AssertionError: expected [36772.77] but found [0.0]
	at com.c2info.EG360_SalesReportsTCs.TC_009_VerifySalesReportForYesterday_SalesReturn.verifyBranchwiseTaxAmount(TC_009_VerifySalesReportForYesterday_SalesReturn.java:231)
... Removed 30 stack frames]]>
    </failure>
  </testcase> <!-- verifyBranchwiseTaxAmount -->
  <testcase name="verifyBranchwiseTaxAmount" time="3.553" classname="com.c2info.EG360_SalesReportsTCs.TC_010_VerifySalesReportForLastWeek_SalesReturn">
    <failure type="java.lang.AssertionError" message="expected [36772.77] but found [0.0]">
      <![CDATA[java.lang.AssertionError: expected [36772.77] but found [0.0]
	at com.c2info.EG360_SalesReportsTCs.TC_010_VerifySalesReportForLastWeek_SalesReturn.verifyBranchwiseTaxAmount(TC_010_VerifySalesReportForLastWeek_SalesReturn.java:218)
... Removed 30 stack frames]]>
    </failure>
  </testcase> <!-- verifyBranchwiseTaxAmount -->
  <testcase name="verifyBranchwiseTaxAmount" time="3.133" classname="com.c2info.EG360_SalesReportsTCs.TC_011_VerifySalesReportForCurrentMonth_SalesReturn">
    <failure type="java.lang.AssertionError" message="expected [36772.77] but found [0.0]">
      <![CDATA[java.lang.AssertionError: expected [36772.77] but found [0.0]
	at com.c2info.EG360_SalesReportsTCs.TC_011_VerifySalesReportForCurrentMonth_SalesReturn.verifyBranchwiseTaxAmount(TC_011_VerifySalesReportForCurrentMonth_SalesReturn.java:218)
... Removed 30 stack frames]]>
    </failure>
  </testcase> <!-- verifyBranchwiseTaxAmount -->
  <testcase name="verifyBranchwiseTaxAmount" time="2.855" classname="com.c2info.EG360_SalesReportsTCs.TC_012_VerifySalesReportForLastMonth_SalesReturn">
    <failure type="java.lang.AssertionError" message="expected [36772.77] but found [28586.4]">
      <![CDATA[java.lang.AssertionError: expected [36772.77] but found [28586.4]
	at com.c2info.EG360_SalesReportsTCs.TC_012_VerifySalesReportForLastMonth_SalesReturn.verifyBranchwiseTaxAmount(TC_012_VerifySalesReportForLastMonth_SalesReturn.java:218)
... Removed 30 stack frames]]>
    </failure>
  </testcase> <!-- verifyBranchwiseTaxAmount -->
  <testcase name="verifyBranchwiseTaxAmount" time="2.882" classname="com.c2info.EG360_SalesReportsTCs.TC_013_VerifySalesReportForCurrentQuarter_SalesReturn">
    <failure type="java.lang.AssertionError" message="expected [36772.77] but found [0.0]">
      <![CDATA[java.lang.AssertionError: expected [36772.77] but found [0.0]
	at com.c2info.EG360_SalesReportsTCs.TC_013_VerifySalesReportForCurrentQuarter_SalesReturn.verifyBranchwiseTaxAmount(TC_013_VerifySalesReportForCurrentQuarter_SalesReturn.java:218)
... Removed 30 stack frames]]>
    </failure>
  </testcase> <!-- verifyBranchwiseTaxAmount -->
  <testcase name="verifyBranchwiseTaxAmount" time="2.755" classname="com.c2info.EG360_SalesReportsTCs.TC_014_VerifySalesReportForCurrentYear_SalesReturn">
    <failure type="java.lang.AssertionError" message="expected [36772.77] but found [0.0]">
      <![CDATA[java.lang.AssertionError: expected [36772.77] but found [0.0]
	at com.c2info.EG360_SalesReportsTCs.TC_014_VerifySalesReportForCurrentYear_SalesReturn.verifyBranchwiseTaxAmount(TC_014_VerifySalesReportForCurrentYear_SalesReturn.java:218)
... Removed 30 stack frames]]>
    </failure>
  </testcase> <!-- verifyBranchwiseTaxAmount -->
  <testcase name="verifyBranchwiseCGSTAmount" time="3.056" classname="com.c2info.EG360_SalesReportsTCs.TC_008_VerifySalesReportForToday_SalesReturn">
    <failure type="java.lang.AssertionError" message="expected [18331.31] but found [0.0]">
      <![CDATA[java.lang.AssertionError: expected [18331.31] but found [0.0]
	at com.c2info.EG360_SalesReportsTCs.TC_008_VerifySalesReportForToday_SalesReturn.verifyBranchwiseCGSTAmount(TC_008_VerifySalesReportForToday_SalesReturn.java:251)
... Removed 30 stack frames]]>
    </failure>
  </testcase> <!-- verifyBranchwiseCGSTAmount -->
  <testcase name="verifyBranchwiseCGSTAmount" time="2.989" classname="com.c2info.EG360_SalesReportsTCs.TC_009_VerifySalesReportForYesterday_SalesReturn">
    <failure type="java.lang.AssertionError" message="expected [18331.31] but found [0.0]">
      <![CDATA[java.lang.AssertionError: expected [18331.31] but found [0.0]
	at com.c2info.EG360_SalesReportsTCs.TC_009_VerifySalesReportForYesterday_SalesReturn.verifyBranchwiseCGSTAmount(TC_009_VerifySalesReportForYesterday_SalesReturn.java:258)
... Removed 30 stack frames]]>
    </failure>
  </testcase> <!-- verifyBranchwiseCGSTAmount -->
  <testcase name="verifyBranchwiseCGSTAmount" time="2.823" classname="com.c2info.EG360_SalesReportsTCs.TC_010_VerifySalesReportForLastWeek_SalesReturn">
    <failure type="java.lang.AssertionError" message="expected [18331.31] but found [0.0]">
      <![CDATA[java.lang.AssertionError: expected [18331.31] but found [0.0]
	at com.c2info.EG360_SalesReportsTCs.TC_010_VerifySalesReportForLastWeek_SalesReturn.verifyBranchwiseCGSTAmount(TC_010_VerifySalesReportForLastWeek_SalesReturn.java:243)
... Removed 30 stack frames]]>
    </failure>
  </testcase> <!-- verifyBranchwiseCGSTAmount -->
  <testcase name="verifyBranchwiseCGSTAmount" time="3.426" classname="com.c2info.EG360_SalesReportsTCs.TC_011_VerifySalesReportForCurrentMonth_SalesReturn">
    <failure type="java.lang.AssertionError" message="expected [18331.31] but found [0.0]">
      <![CDATA[java.lang.AssertionError: expected [18331.31] but found [0.0]
	at com.c2info.EG360_SalesReportsTCs.TC_011_VerifySalesReportForCurrentMonth_SalesReturn.verifyBranchwiseCGSTAmount(TC_011_VerifySalesReportForCurrentMonth_SalesReturn.java:243)
... Removed 30 stack frames]]>
    </failure>
  </testcase> <!-- verifyBranchwiseCGSTAmount -->
  <testcase name="verifyBranchwiseCGSTAmount" time="2.885" classname="com.c2info.EG360_SalesReportsTCs.TC_012_VerifySalesReportForLastMonth_SalesReturn">
    <failure type="java.lang.AssertionError" message="expected [18331.31] but found [14293.2]">
      <![CDATA[java.lang.AssertionError: expected [18331.31] but found [14293.2]
	at com.c2info.EG360_SalesReportsTCs.TC_012_VerifySalesReportForLastMonth_SalesReturn.verifyBranchwiseCGSTAmount(TC_012_VerifySalesReportForLastMonth_SalesReturn.java:243)
... Removed 30 stack frames]]>
    </failure>
  </testcase> <!-- verifyBranchwiseCGSTAmount -->
  <testcase name="verifyBranchwiseCGSTAmount" time="3.071" classname="com.c2info.EG360_SalesReportsTCs.TC_013_VerifySalesReportForCurrentQuarter_SalesReturn">
    <failure type="java.lang.AssertionError" message="expected [18331.31] but found [0.0]">
      <![CDATA[java.lang.AssertionError: expected [18331.31] but found [0.0]
	at com.c2info.EG360_SalesReportsTCs.TC_013_VerifySalesReportForCurrentQuarter_SalesReturn.verifyBranchwiseCGSTAmount(TC_013_VerifySalesReportForCurrentQuarter_SalesReturn.java:243)
... Removed 30 stack frames]]>
    </failure>
  </testcase> <!-- verifyBranchwiseCGSTAmount -->
  <testcase name="verifyBranchwiseCGSTAmount" time="2.75" classname="com.c2info.EG360_SalesReportsTCs.TC_014_VerifySalesReportForCurrentYear_SalesReturn">
    <failure type="java.lang.AssertionError" message="expected [18331.31] but found [84308.19]">
      <![CDATA[java.lang.AssertionError: expected [18331.31] but found [84308.19]
	at com.c2info.EG360_SalesReportsTCs.TC_014_VerifySalesReportForCurrentYear_SalesReturn.verifyBranchwiseCGSTAmount(TC_014_VerifySalesReportForCurrentYear_SalesReturn.java:243)
... Removed 30 stack frames]]>
    </failure>
  </testcase> <!-- verifyBranchwiseCGSTAmount -->
  <testcase name="verifyBranchwiseSGSTAmount" time="2.789" classname="com.c2info.EG360_SalesReportsTCs.TC_008_VerifySalesReportForToday_SalesReturn">
    <failure type="java.lang.AssertionError" message="expected [18331.31] but found [0.0]">
      <![CDATA[java.lang.AssertionError: expected [18331.31] but found [0.0]
	at com.c2info.EG360_SalesReportsTCs.TC_008_VerifySalesReportForToday_SalesReturn.verifyBranchwiseSGSTAmount(TC_008_VerifySalesReportForToday_SalesReturn.java:277)
... Removed 30 stack frames]]>
    </failure>
  </testcase> <!-- verifyBranchwiseSGSTAmount -->
  <testcase name="verifyBranchwiseSGSTAmount" time="3.156" classname="com.c2info.EG360_SalesReportsTCs.TC_009_VerifySalesReportForYesterday_SalesReturn">
    <failure type="java.lang.AssertionError" message="expected [18331.31] but found [0.0]">
      <![CDATA[java.lang.AssertionError: expected [18331.31] but found [0.0]
	at com.c2info.EG360_SalesReportsTCs.TC_009_VerifySalesReportForYesterday_SalesReturn.verifyBranchwiseSGSTAmount(TC_009_VerifySalesReportForYesterday_SalesReturn.java:285)
... Removed 30 stack frames]]>
    </failure>
  </testcase> <!-- verifyBranchwiseSGSTAmount -->
  <testcase name="verifyBranchwiseSGSTAmount" time="2.756" classname="com.c2info.EG360_SalesReportsTCs.TC_010_VerifySalesReportForLastWeek_SalesReturn">
    <failure type="java.lang.AssertionError" message="expected [18331.31] but found [0.0]">
      <![CDATA[java.lang.AssertionError: expected [18331.31] but found [0.0]
	at com.c2info.EG360_SalesReportsTCs.TC_010_VerifySalesReportForLastWeek_SalesReturn.verifyBranchwiseSGSTAmount(TC_010_VerifySalesReportForLastWeek_SalesReturn.java:268)
... Removed 30 stack frames]]>
    </failure>
  </testcase> <!-- verifyBranchwiseSGSTAmount -->
  <testcase name="verifyBranchwiseSGSTAmount" time="3.065" classname="com.c2info.EG360_SalesReportsTCs.TC_011_VerifySalesReportForCurrentMonth_SalesReturn">
    <failure type="java.lang.AssertionError" message="expected [18331.31] but found [0.0]">
      <![CDATA[java.lang.AssertionError: expected [18331.31] but found [0.0]
	at com.c2info.EG360_SalesReportsTCs.TC_011_VerifySalesReportForCurrentMonth_SalesReturn.verifyBranchwiseSGSTAmount(TC_011_VerifySalesReportForCurrentMonth_SalesReturn.java:268)
... Removed 30 stack frames]]>
    </failure>
  </testcase> <!-- verifyBranchwiseSGSTAmount -->
  <testcase name="verifyBranchwiseSGSTAmount" time="2.883" classname="com.c2info.EG360_SalesReportsTCs.TC_012_VerifySalesReportForLastMonth_SalesReturn">
    <failure type="java.lang.AssertionError" message="expected [18331.31] but found [14293.2]">
      <![CDATA[java.lang.AssertionError: expected [18331.31] but found [14293.2]
	at com.c2info.EG360_SalesReportsTCs.TC_012_VerifySalesReportForLastMonth_SalesReturn.verifyBranchwiseSGSTAmount(TC_012_VerifySalesReportForLastMonth_SalesReturn.java:268)
... Removed 30 stack frames]]>
    </failure>
  </testcase> <!-- verifyBranchwiseSGSTAmount -->
  <testcase name="verifyBranchwiseSGSTAmount" time="2.815" classname="com.c2info.EG360_SalesReportsTCs.TC_013_VerifySalesReportForCurrentQuarter_SalesReturn">
    <failure type="java.lang.AssertionError" message="expected [18331.31] but found [0.0]">
      <![CDATA[java.lang.AssertionError: expected [18331.31] but found [0.0]
	at com.c2info.EG360_SalesReportsTCs.TC_013_VerifySalesReportForCurrentQuarter_SalesReturn.verifyBranchwiseSGSTAmount(TC_013_VerifySalesReportForCurrentQuarter_SalesReturn.java:268)
... Removed 30 stack frames]]>
    </failure>
  </testcase> <!-- verifyBranchwiseSGSTAmount -->
  <testcase name="verifyBranchwiseSGSTAmount" time="3.239" classname="com.c2info.EG360_SalesReportsTCs.TC_014_VerifySalesReportForCurrentYear_SalesReturn">
    <failure type="java.lang.AssertionError" message="expected [18331.31] but found [84308.19]">
      <![CDATA[java.lang.AssertionError: expected [18331.31] but found [84308.19]
	at com.c2info.EG360_SalesReportsTCs.TC_014_VerifySalesReportForCurrentYear_SalesReturn.verifyBranchwiseSGSTAmount(TC_014_VerifySalesReportForCurrentYear_SalesReturn.java:268)
... Removed 30 stack frames]]>
    </failure>
  </testcase> <!-- verifyBranchwiseSGSTAmount -->
  <testcase name="verifyBranchwiseIGSTAmount" time="3.185" classname="com.c2info.EG360_SalesReportsTCs.TC_008_VerifySalesReportForToday_SalesReturn">
    <failure type="java.lang.AssertionError" message="expected [71.95] but found [0.0]">
      <![CDATA[java.lang.AssertionError: expected [71.95] but found [0.0]
	at com.c2info.EG360_SalesReportsTCs.TC_008_VerifySalesReportForToday_SalesReturn.verifyBranchwiseIGSTAmount(TC_008_VerifySalesReportForToday_SalesReturn.java:303)
... Removed 30 stack frames]]>
    </failure>
  </testcase> <!-- verifyBranchwiseIGSTAmount -->
  <testcase name="verifyBranchwiseIGSTAmount" time="2.993" classname="com.c2info.EG360_SalesReportsTCs.TC_009_VerifySalesReportForYesterday_SalesReturn">
    <failure type="java.lang.AssertionError" message="expected [71.95] but found [0.0]">
      <![CDATA[java.lang.AssertionError: expected [71.95] but found [0.0]
	at com.c2info.EG360_SalesReportsTCs.TC_009_VerifySalesReportForYesterday_SalesReturn.verifyBranchwiseIGSTAmount(TC_009_VerifySalesReportForYesterday_SalesReturn.java:312)
... Removed 30 stack frames]]>
    </failure>
  </testcase> <!-- verifyBranchwiseIGSTAmount -->
  <testcase name="verifyBranchwiseIGSTAmount" time="2.81" classname="com.c2info.EG360_SalesReportsTCs.TC_010_VerifySalesReportForLastWeek_SalesReturn">
    <failure type="java.sql.SQLSyntaxErrorException" message="You have an error in your SQL syntax; check the manual that corresponds to your MySQL server version for the right syntax to use near &amp;apos;d_date&amp;gt;=&amp;apos;2018-07-22&amp;apos; and d_date&amp;lt;=&amp;apos;2018-07-28&amp;apos; and n_cancel_flag=0&amp;apos; at line 1">
      <![CDATA[java.sql.SQLSyntaxErrorException: You have an error in your SQL syntax; check the manual that corresponds to your MySQL server version for the right syntax to use near 'd_date>='2018-07-22' and d_date<='2018-07-28' and n_cancel_flag=0' at line 1
	at com.mysql.cj.jdbc.exceptions.SQLError.createSQLException(SQLError.java:118)
	at com.mysql.cj.jdbc.exceptions.SQLError.createSQLException(SQLError.java:95)
	at com.mysql.cj.jdbc.exceptions.SQLExceptionsMapping.translateException(SQLExceptionsMapping.java:122)
	at com.mysql.cj.jdbc.StatementImpl.executeQuery(StatementImpl.java:1247)
	at com.c2info.EG360_Database.Database.getData(Database.java:34)
	at com.c2info.EG360_SalesReportsTCs.TC_010_VerifySalesReportForLastWeek_SalesReturn.verifyBranchwiseIGSTAmount(TC_010_VerifySalesReportForLastWeek_SalesReturn.java:286)
... Removed 25 stack frames]]>
    </failure>
  </testcase> <!-- verifyBranchwiseIGSTAmount -->
  <testcase name="verifyBranchwiseIGSTAmount" time="2.948" classname="com.c2info.EG360_SalesReportsTCs.TC_011_VerifySalesReportForCurrentMonth_SalesReturn">
    <failure type="java.sql.SQLSyntaxErrorException" message="You have an error in your SQL syntax; check the manual that corresponds to your MySQL server version for the right syntax to use near &amp;apos;d_date&amp;gt;=&amp;apos;2018-08-01&amp;apos; and d_date&amp;lt;=&amp;apos;2018-08-31&amp;apos; and n_cancel_flag=0&amp;apos; at line 1">
      <![CDATA[java.sql.SQLSyntaxErrorException: You have an error in your SQL syntax; check the manual that corresponds to your MySQL server version for the right syntax to use near 'd_date>='2018-08-01' and d_date<='2018-08-31' and n_cancel_flag=0' at line 1
	at com.mysql.cj.jdbc.exceptions.SQLError.createSQLException(SQLError.java:118)
	at com.mysql.cj.jdbc.exceptions.SQLError.createSQLException(SQLError.java:95)
	at com.mysql.cj.jdbc.exceptions.SQLExceptionsMapping.translateException(SQLExceptionsMapping.java:122)
	at com.mysql.cj.jdbc.StatementImpl.executeQuery(StatementImpl.java:1247)
	at com.c2info.EG360_Database.Database.getData(Database.java:34)
	at com.c2info.EG360_SalesReportsTCs.TC_011_VerifySalesReportForCurrentMonth_SalesReturn.verifyBranchwiseIGSTAmount(TC_011_VerifySalesReportForCurrentMonth_SalesReturn.java:286)
... Removed 25 stack frames]]>
    </failure>
  </testcase> <!-- verifyBranchwiseIGSTAmount -->
  <testcase name="verifyBranchwiseIGSTAmount" time="3.057" classname="com.c2info.EG360_SalesReportsTCs.TC_012_VerifySalesReportForLastMonth_SalesReturn">
    <failure type="java.sql.SQLSyntaxErrorException" message="You have an error in your SQL syntax; check the manual that corresponds to your MySQL server version for the right syntax to use near &amp;apos;d_date&amp;gt;=&amp;apos;2018-07-01&amp;apos; and d_date&amp;lt;=&amp;apos;2018-07-31&amp;apos; and n_cancel_flag=0&amp;apos; at line 1">
      <![CDATA[java.sql.SQLSyntaxErrorException: You have an error in your SQL syntax; check the manual that corresponds to your MySQL server version for the right syntax to use near 'd_date>='2018-07-01' and d_date<='2018-07-31' and n_cancel_flag=0' at line 1
	at com.mysql.cj.jdbc.exceptions.SQLError.createSQLException(SQLError.java:118)
	at com.mysql.cj.jdbc.exceptions.SQLError.createSQLException(SQLError.java:95)
	at com.mysql.cj.jdbc.exceptions.SQLExceptionsMapping.translateException(SQLExceptionsMapping.java:122)
	at com.mysql.cj.jdbc.StatementImpl.executeQuery(StatementImpl.java:1247)
	at com.c2info.EG360_Database.Database.getData(Database.java:34)
	at com.c2info.EG360_SalesReportsTCs.TC_012_VerifySalesReportForLastMonth_SalesReturn.verifyBranchwiseIGSTAmount(TC_012_VerifySalesReportForLastMonth_SalesReturn.java:286)
... Removed 25 stack frames]]>
    </failure>
  </testcase> <!-- verifyBranchwiseIGSTAmount -->
  <testcase name="verifyBranchwiseIGSTAmount" time="3.103" classname="com.c2info.EG360_SalesReportsTCs.TC_013_VerifySalesReportForCurrentQuarter_SalesReturn">
    <failure type="java.sql.SQLSyntaxErrorException" message="You have an error in your SQL syntax; check the manual that corresponds to your MySQL server version for the right syntax to use near &amp;apos;d_date&amp;gt;=&amp;apos;2018-08-01&amp;apos; and d_date&amp;lt;=&amp;apos;2018-08-31&amp;apos; and n_cancel_flag=0&amp;apos; at line 1">
      <![CDATA[java.sql.SQLSyntaxErrorException: You have an error in your SQL syntax; check the manual that corresponds to your MySQL server version for the right syntax to use near 'd_date>='2018-08-01' and d_date<='2018-08-31' and n_cancel_flag=0' at line 1
	at com.mysql.cj.jdbc.exceptions.SQLError.createSQLException(SQLError.java:118)
	at com.mysql.cj.jdbc.exceptions.SQLError.createSQLException(SQLError.java:95)
	at com.mysql.cj.jdbc.exceptions.SQLExceptionsMapping.translateException(SQLExceptionsMapping.java:122)
	at com.mysql.cj.jdbc.StatementImpl.executeQuery(StatementImpl.java:1247)
	at com.c2info.EG360_Database.Database.getData(Database.java:34)
	at com.c2info.EG360_SalesReportsTCs.TC_013_VerifySalesReportForCurrentQuarter_SalesReturn.verifyBranchwiseIGSTAmount(TC_013_VerifySalesReportForCurrentQuarter_SalesReturn.java:286)
... Removed 25 stack frames]]>
    </failure>
  </testcase> <!-- verifyBranchwiseIGSTAmount -->
  <testcase name="verifyBranchwiseIGSTAmount" time="2.957" classname="com.c2info.EG360_SalesReportsTCs.TC_014_VerifySalesReportForCurrentYear_SalesReturn">
    <failure type="java.sql.SQLSyntaxErrorException" message="You have an error in your SQL syntax; check the manual that corresponds to your MySQL server version for the right syntax to use near &amp;apos;d_date&amp;gt;=&amp;apos;2018-01-01&amp;apos; and d_date&amp;lt;=&amp;apos;2018-12-31&amp;apos; and n_cancel_flag=0&amp;apos; at line 1">
      <![CDATA[java.sql.SQLSyntaxErrorException: You have an error in your SQL syntax; check the manual that corresponds to your MySQL server version for the right syntax to use near 'd_date>='2018-01-01' and d_date<='2018-12-31' and n_cancel_flag=0' at line 1
	at com.mysql.cj.jdbc.exceptions.SQLError.createSQLException(SQLError.java:118)
	at com.mysql.cj.jdbc.exceptions.SQLError.createSQLException(SQLError.java:95)
	at com.mysql.cj.jdbc.exceptions.SQLExceptionsMapping.translateException(SQLExceptionsMapping.java:122)
	at com.mysql.cj.jdbc.StatementImpl.executeQuery(StatementImpl.java:1247)
	at com.c2info.EG360_Database.Database.getData(Database.java:34)
	at com.c2info.EG360_SalesReportsTCs.TC_014_VerifySalesReportForCurrentYear_SalesReturn.verifyBranchwiseIGSTAmount(TC_014_VerifySalesReportForCurrentYear_SalesReturn.java:286)
... Removed 25 stack frames]]>
    </failure>
  </testcase> <!-- verifyBranchwiseIGSTAmount -->
  <testcase name="verifyBranchwiseCessAmount" time="3.081" classname="com.c2info.EG360_SalesReportsTCs.TC_008_VerifySalesReportForToday_SalesReturn">
    <failure type="java.lang.AssertionError" message="expected [6.69] but found [0.0]">
      <![CDATA[java.lang.AssertionError: expected [6.69] but found [0.0]
	at com.c2info.EG360_SalesReportsTCs.TC_008_VerifySalesReportForToday_SalesReturn.verifyBranchwiseCessAmount(TC_008_VerifySalesReportForToday_SalesReturn.java:329)
... Removed 30 stack frames]]>
    </failure>
  </testcase> <!-- verifyBranchwiseCessAmount -->
  <testcase name="verifyBranchwiseCessAmount" time="2.843" classname="com.c2info.EG360_SalesReportsTCs.TC_009_VerifySalesReportForYesterday_SalesReturn">
    <failure type="java.lang.AssertionError" message="expected [6.69] but found [0.0]">
      <![CDATA[java.lang.AssertionError: expected [6.69] but found [0.0]
	at com.c2info.EG360_SalesReportsTCs.TC_009_VerifySalesReportForYesterday_SalesReturn.verifyBranchwiseCessAmount(TC_009_VerifySalesReportForYesterday_SalesReturn.java:339)
... Removed 30 stack frames]]>
    </failure>
  </testcase> <!-- verifyBranchwiseCessAmount -->
  <testcase name="verifyBranchwiseCessAmount" time="2.792" classname="com.c2info.EG360_SalesReportsTCs.TC_010_VerifySalesReportForLastWeek_SalesReturn">
    <failure type="java.lang.AssertionError" message="expected [6.69] but found [0.0]">
      <![CDATA[java.lang.AssertionError: expected [6.69] but found [0.0]
	at com.c2info.EG360_SalesReportsTCs.TC_010_VerifySalesReportForLastWeek_SalesReturn.verifyBranchwiseCessAmount(TC_010_VerifySalesReportForLastWeek_SalesReturn.java:318)
... Removed 30 stack frames]]>
    </failure>
  </testcase> <!-- verifyBranchwiseCessAmount -->
  <testcase name="verifyBranchwiseCessAmount" time="2.854" classname="com.c2info.EG360_SalesReportsTCs.TC_011_VerifySalesReportForCurrentMonth_SalesReturn">
    <failure type="java.lang.AssertionError" message="expected [6.69] but found [0.0]">
      <![CDATA[java.lang.AssertionError: expected [6.69] but found [0.0]
	at com.c2info.EG360_SalesReportsTCs.TC_011_VerifySalesReportForCurrentMonth_SalesReturn.verifyBranchwiseCessAmount(TC_011_VerifySalesReportForCurrentMonth_SalesReturn.java:318)
... Removed 30 stack frames]]>
    </failure>
  </testcase> <!-- verifyBranchwiseCessAmount -->
  <testcase name="verifyBranchwiseCessAmount" time="3.124" classname="com.c2info.EG360_SalesReportsTCs.TC_012_VerifySalesReportForLastMonth_SalesReturn">
    <failure type="java.lang.AssertionError" message="expected [6.69] but found [0.0]">
      <![CDATA[java.lang.AssertionError: expected [6.69] but found [0.0]
	at com.c2info.EG360_SalesReportsTCs.TC_012_VerifySalesReportForLastMonth_SalesReturn.verifyBranchwiseCessAmount(TC_012_VerifySalesReportForLastMonth_SalesReturn.java:318)
... Removed 30 stack frames]]>
    </failure>
  </testcase> <!-- verifyBranchwiseCessAmount -->
  <testcase name="verifyBranchwiseCessAmount" time="2.827" classname="com.c2info.EG360_SalesReportsTCs.TC_013_VerifySalesReportForCurrentQuarter_SalesReturn">
    <failure type="java.lang.AssertionError" message="expected [6.69] but found [0.0]">
      <![CDATA[java.lang.AssertionError: expected [6.69] but found [0.0]
	at com.c2info.EG360_SalesReportsTCs.TC_013_VerifySalesReportForCurrentQuarter_SalesReturn.verifyBranchwiseCessAmount(TC_013_VerifySalesReportForCurrentQuarter_SalesReturn.java:318)
... Removed 30 stack frames]]>
    </failure>
  </testcase> <!-- verifyBranchwiseCessAmount -->
  <testcase name="verifyBranchwiseCessAmount" time="3.271" classname="com.c2info.EG360_SalesReportsTCs.TC_014_VerifySalesReportForCurrentYear_SalesReturn">
    <failure type="java.lang.AssertionError" message="expected [6.69] but found [30.18]">
      <![CDATA[java.lang.AssertionError: expected [6.69] but found [30.18]
	at com.c2info.EG360_SalesReportsTCs.TC_014_VerifySalesReportForCurrentYear_SalesReturn.verifyBranchwiseCessAmount(TC_014_VerifySalesReportForCurrentYear_SalesReturn.java:318)
... Removed 30 stack frames]]>
    </failure>
  </testcase> <!-- verifyBranchwiseCessAmount -->
  <testcase name="verifyBranchwiseServiceChargeAmount" time="2.897" classname="com.c2info.EG360_SalesReportsTCs.TC_008_VerifySalesReportForToday_SalesReturn"/>
  <testcase name="verifyBranchwiseServiceChargeAmount" time="0.012" classname="com.c2info.EG360_SalesReportsTCs.TC_009_VerifySalesReportForYesterday_SalesReturn">
    <failure type="org.openqa.selenium.NoSuchSessionException" message="no such session
  (Driver info: chromedriver=2.37.544315 (730aa6a5fdba159ac9f4c1e8cbc59bf1b5ce12b7),platform=Windows NT 10.0.17134 x86_64) (WARNING: The server did not provide any stacktrace information)
Command duration or timeout: 0 milliseconds
Build info: version: &amp;apos;3.11.0&amp;apos;, revision: &amp;apos;e59cfb3&amp;apos;, time: &amp;apos;2018-03-11T20:26:55.152Z&amp;apos;
System info: host: &amp;apos;CHETHANBIDARE-P&amp;apos;, ip: &amp;apos;172.16.18.214&amp;apos;, os.name: &amp;apos;Windows 10&amp;apos;, os.arch: &amp;apos;amd64&amp;apos;, os.version: &amp;apos;10.0&amp;apos;, java.version: &amp;apos;1.8.0_144&amp;apos;
Driver info: org.openqa.selenium.chrome.ChromeDriver
Capabilities {acceptInsecureCerts: false, acceptSslCerts: false, applicationCacheEnabled: false, browserConnectionEnabled: false, browserName: chrome, chrome: {chromedriverVersion: 2.37.544315 (730aa6a5fdba15..., userDataDir: C:\Users\User1\AppData\Loca...}, cssSelectorsEnabled: true, databaseEnabled: false, handlesAlerts: true, hasTouchScreen: false, javascriptEnabled: true, locationContextEnabled: true, mobileEmulationEnabled: false, nativeEvents: true, networkConnectionEnabled: false, pageLoadStrategy: normal, platform: XP, platformName: XP, rotatable: false, setWindowRect: true, takesHeapSnapshot: true, takesScreenshot: true, unexpectedAlertBehaviour: , unhandledPromptBehavior: , version: 68.0.3440.84, webStorageEnabled: true}
Session ID: c74a449a37468abb733a39273f31ddf7
*** Element info: {Using=xpath, value=.//*[@id=&amp;apos;example&amp;apos;]/tbody/tr[1]/td[1]}">
      <![CDATA[org.openqa.selenium.NoSuchSessionException: no such session
  (Driver info: chromedriver=2.37.544315 (730aa6a5fdba159ac9f4c1e8cbc59bf1b5ce12b7),platform=Windows NT 10.0.17134 x86_64) (WARNING: The server did not provide any stacktrace information)
Command duration or timeout: 0 milliseconds
Build info: version: '3.11.0', revision: 'e59cfb3', time: '2018-03-11T20:26:55.152Z'
System info: host: 'CHETHANBIDARE-P', ip: '172.16.18.214', os.name: 'Windows 10', os.arch: 'amd64', os.version: '10.0', java.version: '1.8.0_144'
Driver info: org.openqa.selenium.chrome.ChromeDriver
Capabilities {acceptInsecureCerts: false, acceptSslCerts: false, applicationCacheEnabled: false, browserConnectionEnabled: false, browserName: chrome, chrome: {chromedriverVersion: 2.37.544315 (730aa6a5fdba15..., userDataDir: C:\Users\User1\AppData\Loca...}, cssSelectorsEnabled: true, databaseEnabled: false, handlesAlerts: true, hasTouchScreen: false, javascriptEnabled: true, locationContextEnabled: true, mobileEmulationEnabled: false, nativeEvents: true, networkConnectionEnabled: false, pageLoadStrategy: normal, platform: XP, platformName: XP, rotatable: false, setWindowRect: true, takesHeapSnapshot: true, takesScreenshot: true, unexpectedAlertBehaviour: , unhandledPromptBehavior: , version: 68.0.3440.84, webStorageEnabled: true}
Session ID: c74a449a37468abb733a39273f31ddf7
*** Element info: {Using=xpath, value=.//*[@id='example']/tbody/tr[1]/td[1]}
	at org.openqa.selenium.remote.ErrorHandler.createThrowable(ErrorHandler.java:214)
	at org.openqa.selenium.remote.ErrorHandler.throwIfResponseFailed(ErrorHandler.java:166)
	at org.openqa.selenium.remote.http.JsonHttpResponseCodec.reconstructValue(JsonHttpResponseCodec.java:40)
	at org.openqa.selenium.remote.http.AbstractHttpResponseCodec.decode(AbstractHttpResponseCodec.java:80)
	at org.openqa.selenium.remote.http.AbstractHttpResponseCodec.decode(AbstractHttpResponseCodec.java:44)
	at org.openqa.selenium.remote.HttpCommandExecutor.execute(HttpCommandExecutor.java:158)
	at org.openqa.selenium.remote.service.DriverCommandExecutor.execute(DriverCommandExecutor.java:83)
	at org.openqa.selenium.remote.RemoteWebDriver.execute(RemoteWebDriver.java:545)
	at org.openqa.selenium.remote.RemoteWebDriver.findElement(RemoteWebDriver.java:319)
	at org.openqa.selenium.remote.RemoteWebDriver.findElementByXPath(RemoteWebDriver.java:421)
	at org.openqa.selenium.By$ByXPath.findElement(By.java:361)
	at org.openqa.selenium.remote.RemoteWebDriver.findElement(RemoteWebDriver.java:311)
	at com.c2info.EG360_UIactions.SalesReports.getBranchWiseSalesDetails(SalesReports.java:108)
	at com.c2info.EG360_SalesReportsTCs.TC_009_VerifySalesReportForYesterday_SalesReturn.verifyBranchwiseServiceChargeAmount(TC_009_VerifySalesReportForYesterday_SalesReturn.java:350)
... Removed 29 stack frames]]>
    </failure>
  </testcase> <!-- verifyBranchwiseServiceChargeAmount -->
  <testcase name="verifyBranchwiseServiceChargeAmount" time="0.003" classname="com.c2info.EG360_SalesReportsTCs.TC_010_VerifySalesReportForLastWeek_SalesReturn">
    <failure type="org.openqa.selenium.NoSuchSessionException" message="no such session
  (Driver info: chromedriver=2.37.544315 (730aa6a5fdba159ac9f4c1e8cbc59bf1b5ce12b7),platform=Windows NT 10.0.17134 x86_64) (WARNING: The server did not provide any stacktrace information)
Command duration or timeout: 0 milliseconds
Build info: version: &amp;apos;3.11.0&amp;apos;, revision: &amp;apos;e59cfb3&amp;apos;, time: &amp;apos;2018-03-11T20:26:55.152Z&amp;apos;
System info: host: &amp;apos;CHETHANBIDARE-P&amp;apos;, ip: &amp;apos;172.16.18.214&amp;apos;, os.name: &amp;apos;Windows 10&amp;apos;, os.arch: &amp;apos;amd64&amp;apos;, os.version: &amp;apos;10.0&amp;apos;, java.version: &amp;apos;1.8.0_144&amp;apos;
Driver info: org.openqa.selenium.chrome.ChromeDriver
Capabilities {acceptInsecureCerts: false, acceptSslCerts: false, applicationCacheEnabled: false, browserConnectionEnabled: false, browserName: chrome, chrome: {chromedriverVersion: 2.37.544315 (730aa6a5fdba15..., userDataDir: C:\Users\User1\AppData\Loca...}, cssSelectorsEnabled: true, databaseEnabled: false, handlesAlerts: true, hasTouchScreen: false, javascriptEnabled: true, locationContextEnabled: true, mobileEmulationEnabled: false, nativeEvents: true, networkConnectionEnabled: false, pageLoadStrategy: normal, platform: XP, platformName: XP, rotatable: false, setWindowRect: true, takesHeapSnapshot: true, takesScreenshot: true, unexpectedAlertBehaviour: , unhandledPromptBehavior: , version: 68.0.3440.84, webStorageEnabled: true}
Session ID: c74a449a37468abb733a39273f31ddf7
*** Element info: {Using=xpath, value=.//*[@id=&amp;apos;example&amp;apos;]/tbody/tr[1]/td[1]}">
      <![CDATA[org.openqa.selenium.NoSuchSessionException: no such session
  (Driver info: chromedriver=2.37.544315 (730aa6a5fdba159ac9f4c1e8cbc59bf1b5ce12b7),platform=Windows NT 10.0.17134 x86_64) (WARNING: The server did not provide any stacktrace information)
Command duration or timeout: 0 milliseconds
Build info: version: '3.11.0', revision: 'e59cfb3', time: '2018-03-11T20:26:55.152Z'
System info: host: 'CHETHANBIDARE-P', ip: '172.16.18.214', os.name: 'Windows 10', os.arch: 'amd64', os.version: '10.0', java.version: '1.8.0_144'
Driver info: org.openqa.selenium.chrome.ChromeDriver
Capabilities {acceptInsecureCerts: false, acceptSslCerts: false, applicationCacheEnabled: false, browserConnectionEnabled: false, browserName: chrome, chrome: {chromedriverVersion: 2.37.544315 (730aa6a5fdba15..., userDataDir: C:\Users\User1\AppData\Loca...}, cssSelectorsEnabled: true, databaseEnabled: false, handlesAlerts: true, hasTouchScreen: false, javascriptEnabled: true, locationContextEnabled: true, mobileEmulationEnabled: false, nativeEvents: true, networkConnectionEnabled: false, pageLoadStrategy: normal, platform: XP, platformName: XP, rotatable: false, setWindowRect: true, takesHeapSnapshot: true, takesScreenshot: true, unexpectedAlertBehaviour: , unhandledPromptBehavior: , version: 68.0.3440.84, webStorageEnabled: true}
Session ID: c74a449a37468abb733a39273f31ddf7
*** Element info: {Using=xpath, value=.//*[@id='example']/tbody/tr[1]/td[1]}
	at org.openqa.selenium.remote.ErrorHandler.createThrowable(ErrorHandler.java:214)
	at org.openqa.selenium.remote.ErrorHandler.throwIfResponseFailed(ErrorHandler.java:166)
	at org.openqa.selenium.remote.http.JsonHttpResponseCodec.reconstructValue(JsonHttpResponseCodec.java:40)
	at org.openqa.selenium.remote.http.AbstractHttpResponseCodec.decode(AbstractHttpResponseCodec.java:80)
	at org.openqa.selenium.remote.http.AbstractHttpResponseCodec.decode(AbstractHttpResponseCodec.java:44)
	at org.openqa.selenium.remote.HttpCommandExecutor.execute(HttpCommandExecutor.java:158)
	at org.openqa.selenium.remote.service.DriverCommandExecutor.execute(DriverCommandExecutor.java:83)
	at org.openqa.selenium.remote.RemoteWebDriver.execute(RemoteWebDriver.java:545)
	at org.openqa.selenium.remote.RemoteWebDriver.findElement(RemoteWebDriver.java:319)
	at org.openqa.selenium.remote.RemoteWebDriver.findElementByXPath(RemoteWebDriver.java:421)
	at org.openqa.selenium.By$ByXPath.findElement(By.java:361)
	at org.openqa.selenium.remote.RemoteWebDriver.findElement(RemoteWebDriver.java:311)
	at com.c2info.EG360_UIactions.SalesReports.getBranchWiseSalesDetails(SalesReports.java:108)
	at com.c2info.EG360_SalesReportsTCs.TC_010_VerifySalesReportForLastWeek_SalesReturn.verifyBranchwiseServiceChargeAmount(TC_010_VerifySalesReportForLastWeek_SalesReturn.java:327)
... Removed 29 stack frames]]>
    </failure>
  </testcase> <!-- verifyBranchwiseServiceChargeAmount -->
  <testcase name="verifyBranchwiseServiceChargeAmount" time="0.003" classname="com.c2info.EG360_SalesReportsTCs.TC_011_VerifySalesReportForCurrentMonth_SalesReturn">
    <failure type="org.openqa.selenium.NoSuchSessionException" message="no such session
  (Driver info: chromedriver=2.37.544315 (730aa6a5fdba159ac9f4c1e8cbc59bf1b5ce12b7),platform=Windows NT 10.0.17134 x86_64) (WARNING: The server did not provide any stacktrace information)
Command duration or timeout: 0 milliseconds
Build info: version: &amp;apos;3.11.0&amp;apos;, revision: &amp;apos;e59cfb3&amp;apos;, time: &amp;apos;2018-03-11T20:26:55.152Z&amp;apos;
System info: host: &amp;apos;CHETHANBIDARE-P&amp;apos;, ip: &amp;apos;172.16.18.214&amp;apos;, os.name: &amp;apos;Windows 10&amp;apos;, os.arch: &amp;apos;amd64&amp;apos;, os.version: &amp;apos;10.0&amp;apos;, java.version: &amp;apos;1.8.0_144&amp;apos;
Driver info: org.openqa.selenium.chrome.ChromeDriver
Capabilities {acceptInsecureCerts: false, acceptSslCerts: false, applicationCacheEnabled: false, browserConnectionEnabled: false, browserName: chrome, chrome: {chromedriverVersion: 2.37.544315 (730aa6a5fdba15..., userDataDir: C:\Users\User1\AppData\Loca...}, cssSelectorsEnabled: true, databaseEnabled: false, handlesAlerts: true, hasTouchScreen: false, javascriptEnabled: true, locationContextEnabled: true, mobileEmulationEnabled: false, nativeEvents: true, networkConnectionEnabled: false, pageLoadStrategy: normal, platform: XP, platformName: XP, rotatable: false, setWindowRect: true, takesHeapSnapshot: true, takesScreenshot: true, unexpectedAlertBehaviour: , unhandledPromptBehavior: , version: 68.0.3440.84, webStorageEnabled: true}
Session ID: c74a449a37468abb733a39273f31ddf7
*** Element info: {Using=xpath, value=.//*[@id=&amp;apos;example&amp;apos;]/tbody/tr[1]/td[1]}">
      <![CDATA[org.openqa.selenium.NoSuchSessionException: no such session
  (Driver info: chromedriver=2.37.544315 (730aa6a5fdba159ac9f4c1e8cbc59bf1b5ce12b7),platform=Windows NT 10.0.17134 x86_64) (WARNING: The server did not provide any stacktrace information)
Command duration or timeout: 0 milliseconds
Build info: version: '3.11.0', revision: 'e59cfb3', time: '2018-03-11T20:26:55.152Z'
System info: host: 'CHETHANBIDARE-P', ip: '172.16.18.214', os.name: 'Windows 10', os.arch: 'amd64', os.version: '10.0', java.version: '1.8.0_144'
Driver info: org.openqa.selenium.chrome.ChromeDriver
Capabilities {acceptInsecureCerts: false, acceptSslCerts: false, applicationCacheEnabled: false, browserConnectionEnabled: false, browserName: chrome, chrome: {chromedriverVersion: 2.37.544315 (730aa6a5fdba15..., userDataDir: C:\Users\User1\AppData\Loca...}, cssSelectorsEnabled: true, databaseEnabled: false, handlesAlerts: true, hasTouchScreen: false, javascriptEnabled: true, locationContextEnabled: true, mobileEmulationEnabled: false, nativeEvents: true, networkConnectionEnabled: false, pageLoadStrategy: normal, platform: XP, platformName: XP, rotatable: false, setWindowRect: true, takesHeapSnapshot: true, takesScreenshot: true, unexpectedAlertBehaviour: , unhandledPromptBehavior: , version: 68.0.3440.84, webStorageEnabled: true}
Session ID: c74a449a37468abb733a39273f31ddf7
*** Element info: {Using=xpath, value=.//*[@id='example']/tbody/tr[1]/td[1]}
	at org.openqa.selenium.remote.ErrorHandler.createThrowable(ErrorHandler.java:214)
	at org.openqa.selenium.remote.ErrorHandler.throwIfResponseFailed(ErrorHandler.java:166)
	at org.openqa.selenium.remote.http.JsonHttpResponseCodec.reconstructValue(JsonHttpResponseCodec.java:40)
	at org.openqa.selenium.remote.http.AbstractHttpResponseCodec.decode(AbstractHttpResponseCodec.java:80)
	at org.openqa.selenium.remote.http.AbstractHttpResponseCodec.decode(AbstractHttpResponseCodec.java:44)
	at org.openqa.selenium.remote.HttpCommandExecutor.execute(HttpCommandExecutor.java:158)
	at org.openqa.selenium.remote.service.DriverCommandExecutor.execute(DriverCommandExecutor.java:83)
	at org.openqa.selenium.remote.RemoteWebDriver.execute(RemoteWebDriver.java:545)
	at org.openqa.selenium.remote.RemoteWebDriver.findElement(RemoteWebDriver.java:319)
	at org.openqa.selenium.remote.RemoteWebDriver.findElementByXPath(RemoteWebDriver.java:421)
	at org.openqa.selenium.By$ByXPath.findElement(By.java:361)
	at org.openqa.selenium.remote.RemoteWebDriver.findElement(RemoteWebDriver.java:311)
	at com.c2info.EG360_UIactions.SalesReports.getBranchWiseSalesDetails(SalesReports.java:108)
	at com.c2info.EG360_SalesReportsTCs.TC_011_VerifySalesReportForCurrentMonth_SalesReturn.verifyBranchwiseServiceChargeAmount(TC_011_VerifySalesReportForCurrentMonth_SalesReturn.java:327)
... Removed 29 stack frames]]>
    </failure>
  </testcase> <!-- verifyBranchwiseServiceChargeAmount -->
  <testcase name="verifyBranchwiseServiceChargeAmount" time="0.005" classname="com.c2info.EG360_SalesReportsTCs.TC_012_VerifySalesReportForLastMonth_SalesReturn">
    <failure type="org.openqa.selenium.NoSuchSessionException" message="no such session
  (Driver info: chromedriver=2.37.544315 (730aa6a5fdba159ac9f4c1e8cbc59bf1b5ce12b7),platform=Windows NT 10.0.17134 x86_64) (WARNING: The server did not provide any stacktrace information)
Command duration or timeout: 0 milliseconds
Build info: version: &amp;apos;3.11.0&amp;apos;, revision: &amp;apos;e59cfb3&amp;apos;, time: &amp;apos;2018-03-11T20:26:55.152Z&amp;apos;
System info: host: &amp;apos;CHETHANBIDARE-P&amp;apos;, ip: &amp;apos;172.16.18.214&amp;apos;, os.name: &amp;apos;Windows 10&amp;apos;, os.arch: &amp;apos;amd64&amp;apos;, os.version: &amp;apos;10.0&amp;apos;, java.version: &amp;apos;1.8.0_144&amp;apos;
Driver info: org.openqa.selenium.chrome.ChromeDriver
Capabilities {acceptInsecureCerts: false, acceptSslCerts: false, applicationCacheEnabled: false, browserConnectionEnabled: false, browserName: chrome, chrome: {chromedriverVersion: 2.37.544315 (730aa6a5fdba15..., userDataDir: C:\Users\User1\AppData\Loca...}, cssSelectorsEnabled: true, databaseEnabled: false, handlesAlerts: true, hasTouchScreen: false, javascriptEnabled: true, locationContextEnabled: true, mobileEmulationEnabled: false, nativeEvents: true, networkConnectionEnabled: false, pageLoadStrategy: normal, platform: XP, platformName: XP, rotatable: false, setWindowRect: true, takesHeapSnapshot: true, takesScreenshot: true, unexpectedAlertBehaviour: , unhandledPromptBehavior: , version: 68.0.3440.84, webStorageEnabled: true}
Session ID: c74a449a37468abb733a39273f31ddf7
*** Element info: {Using=xpath, value=.//*[@id=&amp;apos;example&amp;apos;]/tbody/tr[1]/td[1]}">
      <![CDATA[org.openqa.selenium.NoSuchSessionException: no such session
  (Driver info: chromedriver=2.37.544315 (730aa6a5fdba159ac9f4c1e8cbc59bf1b5ce12b7),platform=Windows NT 10.0.17134 x86_64) (WARNING: The server did not provide any stacktrace information)
Command duration or timeout: 0 milliseconds
Build info: version: '3.11.0', revision: 'e59cfb3', time: '2018-03-11T20:26:55.152Z'
System info: host: 'CHETHANBIDARE-P', ip: '172.16.18.214', os.name: 'Windows 10', os.arch: 'amd64', os.version: '10.0', java.version: '1.8.0_144'
Driver info: org.openqa.selenium.chrome.ChromeDriver
Capabilities {acceptInsecureCerts: false, acceptSslCerts: false, applicationCacheEnabled: false, browserConnectionEnabled: false, browserName: chrome, chrome: {chromedriverVersion: 2.37.544315 (730aa6a5fdba15..., userDataDir: C:\Users\User1\AppData\Loca...}, cssSelectorsEnabled: true, databaseEnabled: false, handlesAlerts: true, hasTouchScreen: false, javascriptEnabled: true, locationContextEnabled: true, mobileEmulationEnabled: false, nativeEvents: true, networkConnectionEnabled: false, pageLoadStrategy: normal, platform: XP, platformName: XP, rotatable: false, setWindowRect: true, takesHeapSnapshot: true, takesScreenshot: true, unexpectedAlertBehaviour: , unhandledPromptBehavior: , version: 68.0.3440.84, webStorageEnabled: true}
Session ID: c74a449a37468abb733a39273f31ddf7
*** Element info: {Using=xpath, value=.//*[@id='example']/tbody/tr[1]/td[1]}
	at org.openqa.selenium.remote.ErrorHandler.createThrowable(ErrorHandler.java:214)
	at org.openqa.selenium.remote.ErrorHandler.throwIfResponseFailed(ErrorHandler.java:166)
	at org.openqa.selenium.remote.http.JsonHttpResponseCodec.reconstructValue(JsonHttpResponseCodec.java:40)
	at org.openqa.selenium.remote.http.AbstractHttpResponseCodec.decode(AbstractHttpResponseCodec.java:80)
	at org.openqa.selenium.remote.http.AbstractHttpResponseCodec.decode(AbstractHttpResponseCodec.java:44)
	at org.openqa.selenium.remote.HttpCommandExecutor.execute(HttpCommandExecutor.java:158)
	at org.openqa.selenium.remote.service.DriverCommandExecutor.execute(DriverCommandExecutor.java:83)
	at org.openqa.selenium.remote.RemoteWebDriver.execute(RemoteWebDriver.java:545)
	at org.openqa.selenium.remote.RemoteWebDriver.findElement(RemoteWebDriver.java:319)
	at org.openqa.selenium.remote.RemoteWebDriver.findElementByXPath(RemoteWebDriver.java:421)
	at org.openqa.selenium.By$ByXPath.findElement(By.java:361)
	at org.openqa.selenium.remote.RemoteWebDriver.findElement(RemoteWebDriver.java:311)
	at com.c2info.EG360_UIactions.SalesReports.getBranchWiseSalesDetails(SalesReports.java:108)
	at com.c2info.EG360_SalesReportsTCs.TC_012_VerifySalesReportForLastMonth_SalesReturn.verifyBranchwiseServiceChargeAmount(TC_012_VerifySalesReportForLastMonth_SalesReturn.java:327)
... Removed 29 stack frames]]>
    </failure>
  </testcase> <!-- verifyBranchwiseServiceChargeAmount -->
  <testcase name="verifyBranchwiseServiceChargeAmount" time="0.006" classname="com.c2info.EG360_SalesReportsTCs.TC_013_VerifySalesReportForCurrentQuarter_SalesReturn">
    <failure type="org.openqa.selenium.NoSuchSessionException" message="no such session
  (Driver info: chromedriver=2.37.544315 (730aa6a5fdba159ac9f4c1e8cbc59bf1b5ce12b7),platform=Windows NT 10.0.17134 x86_64) (WARNING: The server did not provide any stacktrace information)
Command duration or timeout: 0 milliseconds
Build info: version: &amp;apos;3.11.0&amp;apos;, revision: &amp;apos;e59cfb3&amp;apos;, time: &amp;apos;2018-03-11T20:26:55.152Z&amp;apos;
System info: host: &amp;apos;CHETHANBIDARE-P&amp;apos;, ip: &amp;apos;172.16.18.214&amp;apos;, os.name: &amp;apos;Windows 10&amp;apos;, os.arch: &amp;apos;amd64&amp;apos;, os.version: &amp;apos;10.0&amp;apos;, java.version: &amp;apos;1.8.0_144&amp;apos;
Driver info: org.openqa.selenium.chrome.ChromeDriver
Capabilities {acceptInsecureCerts: false, acceptSslCerts: false, applicationCacheEnabled: false, browserConnectionEnabled: false, browserName: chrome, chrome: {chromedriverVersion: 2.37.544315 (730aa6a5fdba15..., userDataDir: C:\Users\User1\AppData\Loca...}, cssSelectorsEnabled: true, databaseEnabled: false, handlesAlerts: true, hasTouchScreen: false, javascriptEnabled: true, locationContextEnabled: true, mobileEmulationEnabled: false, nativeEvents: true, networkConnectionEnabled: false, pageLoadStrategy: normal, platform: XP, platformName: XP, rotatable: false, setWindowRect: true, takesHeapSnapshot: true, takesScreenshot: true, unexpectedAlertBehaviour: , unhandledPromptBehavior: , version: 68.0.3440.84, webStorageEnabled: true}
Session ID: c74a449a37468abb733a39273f31ddf7
*** Element info: {Using=xpath, value=.//*[@id=&amp;apos;example&amp;apos;]/tbody/tr[1]/td[1]}">
      <![CDATA[org.openqa.selenium.NoSuchSessionException: no such session
  (Driver info: chromedriver=2.37.544315 (730aa6a5fdba159ac9f4c1e8cbc59bf1b5ce12b7),platform=Windows NT 10.0.17134 x86_64) (WARNING: The server did not provide any stacktrace information)
Command duration or timeout: 0 milliseconds
Build info: version: '3.11.0', revision: 'e59cfb3', time: '2018-03-11T20:26:55.152Z'
System info: host: 'CHETHANBIDARE-P', ip: '172.16.18.214', os.name: 'Windows 10', os.arch: 'amd64', os.version: '10.0', java.version: '1.8.0_144'
Driver info: org.openqa.selenium.chrome.ChromeDriver
Capabilities {acceptInsecureCerts: false, acceptSslCerts: false, applicationCacheEnabled: false, browserConnectionEnabled: false, browserName: chrome, chrome: {chromedriverVersion: 2.37.544315 (730aa6a5fdba15..., userDataDir: C:\Users\User1\AppData\Loca...}, cssSelectorsEnabled: true, databaseEnabled: false, handlesAlerts: true, hasTouchScreen: false, javascriptEnabled: true, locationContextEnabled: true, mobileEmulationEnabled: false, nativeEvents: true, networkConnectionEnabled: false, pageLoadStrategy: normal, platform: XP, platformName: XP, rotatable: false, setWindowRect: true, takesHeapSnapshot: true, takesScreenshot: true, unexpectedAlertBehaviour: , unhandledPromptBehavior: , version: 68.0.3440.84, webStorageEnabled: true}
Session ID: c74a449a37468abb733a39273f31ddf7
*** Element info: {Using=xpath, value=.//*[@id='example']/tbody/tr[1]/td[1]}
	at org.openqa.selenium.remote.ErrorHandler.createThrowable(ErrorHandler.java:214)
	at org.openqa.selenium.remote.ErrorHandler.throwIfResponseFailed(ErrorHandler.java:166)
	at org.openqa.selenium.remote.http.JsonHttpResponseCodec.reconstructValue(JsonHttpResponseCodec.java:40)
	at org.openqa.selenium.remote.http.AbstractHttpResponseCodec.decode(AbstractHttpResponseCodec.java:80)
	at org.openqa.selenium.remote.http.AbstractHttpResponseCodec.decode(AbstractHttpResponseCodec.java:44)
	at org.openqa.selenium.remote.HttpCommandExecutor.execute(HttpCommandExecutor.java:158)
	at org.openqa.selenium.remote.service.DriverCommandExecutor.execute(DriverCommandExecutor.java:83)
	at org.openqa.selenium.remote.RemoteWebDriver.execute(RemoteWebDriver.java:545)
	at org.openqa.selenium.remote.RemoteWebDriver.findElement(RemoteWebDriver.java:319)
	at org.openqa.selenium.remote.RemoteWebDriver.findElementByXPath(RemoteWebDriver.java:421)
	at org.openqa.selenium.By$ByXPath.findElement(By.java:361)
	at org.openqa.selenium.remote.RemoteWebDriver.findElement(RemoteWebDriver.java:311)
	at com.c2info.EG360_UIactions.SalesReports.getBranchWiseSalesDetails(SalesReports.java:108)
	at com.c2info.EG360_SalesReportsTCs.TC_013_VerifySalesReportForCurrentQuarter_SalesReturn.verifyBranchwiseServiceChargeAmount(TC_013_VerifySalesReportForCurrentQuarter_SalesReturn.java:327)
... Removed 29 stack frames]]>
    </failure>
  </testcase> <!-- verifyBranchwiseServiceChargeAmount -->
  <testcase name="verifyBranchwiseServiceChargeAmount" time="0.004" classname="com.c2info.EG360_SalesReportsTCs.TC_014_VerifySalesReportForCurrentYear_SalesReturn">
    <failure type="org.openqa.selenium.NoSuchSessionException" message="no such session
  (Driver info: chromedriver=2.37.544315 (730aa6a5fdba159ac9f4c1e8cbc59bf1b5ce12b7),platform=Windows NT 10.0.17134 x86_64) (WARNING: The server did not provide any stacktrace information)
Command duration or timeout: 0 milliseconds
Build info: version: &amp;apos;3.11.0&amp;apos;, revision: &amp;apos;e59cfb3&amp;apos;, time: &amp;apos;2018-03-11T20:26:55.152Z&amp;apos;
System info: host: &amp;apos;CHETHANBIDARE-P&amp;apos;, ip: &amp;apos;172.16.18.214&amp;apos;, os.name: &amp;apos;Windows 10&amp;apos;, os.arch: &amp;apos;amd64&amp;apos;, os.version: &amp;apos;10.0&amp;apos;, java.version: &amp;apos;1.8.0_144&amp;apos;
Driver info: org.openqa.selenium.chrome.ChromeDriver
Capabilities {acceptInsecureCerts: false, acceptSslCerts: false, applicationCacheEnabled: false, browserConnectionEnabled: false, browserName: chrome, chrome: {chromedriverVersion: 2.37.544315 (730aa6a5fdba15..., userDataDir: C:\Users\User1\AppData\Loca...}, cssSelectorsEnabled: true, databaseEnabled: false, handlesAlerts: true, hasTouchScreen: false, javascriptEnabled: true, locationContextEnabled: true, mobileEmulationEnabled: false, nativeEvents: true, networkConnectionEnabled: false, pageLoadStrategy: normal, platform: XP, platformName: XP, rotatable: false, setWindowRect: true, takesHeapSnapshot: true, takesScreenshot: true, unexpectedAlertBehaviour: , unhandledPromptBehavior: , version: 68.0.3440.84, webStorageEnabled: true}
Session ID: c74a449a37468abb733a39273f31ddf7
*** Element info: {Using=xpath, value=.//*[@id=&amp;apos;example&amp;apos;]/tbody/tr[1]/td[1]}">
      <![CDATA[org.openqa.selenium.NoSuchSessionException: no such session
  (Driver info: chromedriver=2.37.544315 (730aa6a5fdba159ac9f4c1e8cbc59bf1b5ce12b7),platform=Windows NT 10.0.17134 x86_64) (WARNING: The server did not provide any stacktrace information)
Command duration or timeout: 0 milliseconds
Build info: version: '3.11.0', revision: 'e59cfb3', time: '2018-03-11T20:26:55.152Z'
System info: host: 'CHETHANBIDARE-P', ip: '172.16.18.214', os.name: 'Windows 10', os.arch: 'amd64', os.version: '10.0', java.version: '1.8.0_144'
Driver info: org.openqa.selenium.chrome.ChromeDriver
Capabilities {acceptInsecureCerts: false, acceptSslCerts: false, applicationCacheEnabled: false, browserConnectionEnabled: false, browserName: chrome, chrome: {chromedriverVersion: 2.37.544315 (730aa6a5fdba15..., userDataDir: C:\Users\User1\AppData\Loca...}, cssSelectorsEnabled: true, databaseEnabled: false, handlesAlerts: true, hasTouchScreen: false, javascriptEnabled: true, locationContextEnabled: true, mobileEmulationEnabled: false, nativeEvents: true, networkConnectionEnabled: false, pageLoadStrategy: normal, platform: XP, platformName: XP, rotatable: false, setWindowRect: true, takesHeapSnapshot: true, takesScreenshot: true, unexpectedAlertBehaviour: , unhandledPromptBehavior: , version: 68.0.3440.84, webStorageEnabled: true}
Session ID: c74a449a37468abb733a39273f31ddf7
*** Element info: {Using=xpath, value=.//*[@id='example']/tbody/tr[1]/td[1]}
	at org.openqa.selenium.remote.ErrorHandler.createThrowable(ErrorHandler.java:214)
	at org.openqa.selenium.remote.ErrorHandler.throwIfResponseFailed(ErrorHandler.java:166)
	at org.openqa.selenium.remote.http.JsonHttpResponseCodec.reconstructValue(JsonHttpResponseCodec.java:40)
	at org.openqa.selenium.remote.http.AbstractHttpResponseCodec.decode(AbstractHttpResponseCodec.java:80)
	at org.openqa.selenium.remote.http.AbstractHttpResponseCodec.decode(AbstractHttpResponseCodec.java:44)
	at org.openqa.selenium.remote.HttpCommandExecutor.execute(HttpCommandExecutor.java:158)
	at org.openqa.selenium.remote.service.DriverCommandExecutor.execute(DriverCommandExecutor.java:83)
	at org.openqa.selenium.remote.RemoteWebDriver.execute(RemoteWebDriver.java:545)
	at org.openqa.selenium.remote.RemoteWebDriver.findElement(RemoteWebDriver.java:319)
	at org.openqa.selenium.remote.RemoteWebDriver.findElementByXPath(RemoteWebDriver.java:421)
	at org.openqa.selenium.By$ByXPath.findElement(By.java:361)
	at org.openqa.selenium.remote.RemoteWebDriver.findElement(RemoteWebDriver.java:311)
	at com.c2info.EG360_UIactions.SalesReports.getBranchWiseSalesDetails(SalesReports.java:108)
	at com.c2info.EG360_SalesReportsTCs.TC_014_VerifySalesReportForCurrentYear_SalesReturn.verifyBranchwiseServiceChargeAmount(TC_014_VerifySalesReportForCurrentYear_SalesReturn.java:327)
... Removed 29 stack frames]]>
    </failure>
  </testcase> <!-- verifyBranchwiseServiceChargeAmount -->
</testsuite> <!-- Test -->
