<html>
<head>
<title>TestNG:  Test</title>
<link href="../testng.css" rel="stylesheet" type="text/css" />
<link href="../my-testng.css" rel="stylesheet" type="text/css" />

<style type="text/css">
.log { display: none;} 
.stack-trace { display: none;} 
</style>
<script type="text/javascript">
<!--
function flip(e) {
  current = e.style.display;
  if (current == 'block') {
    e.style.display = 'none';
    return 0;
  }
  else {
    e.style.display = 'block';
    return 1;
  }
}

function toggleBox(szDivId, elem, msg1, msg2)
{
  var res = -1;  if (document.getElementById) {
    res = flip(document.getElementById(szDivId));
  }
  else if (document.all) {
    // this is the way old msie versions work
    res = flip(document.all[szDivId]);
  }
  if(elem) {
    if(res == 0) elem.innerHTML = msg1; else elem.innerHTML = msg2;
  }

}

function toggleAllBoxes() {
  if (document.getElementsByTagName) {
    d = document.getElementsByTagName('div');
    for (i = 0; i < d.length; i++) {
      if (d[i].className == 'log') {
        flip(d[i]);
      }
    }
  }
}

// -->
</script>

</head>
<body>
<h2 align='center'>Test</h2><table border='1' align="center">
<tr>
<td>Tests passed/Failed/Skipped:</td><td>57/34/0</td>
</tr><tr>
<td>Started on:</td><td>Mon Aug 06 10:37:38 IST 2018</td>
</tr>
<tr><td>Total time:</td><td>717 seconds (717278 ms)</td>
</tr><tr>
<td>Included groups:</td><td></td>
</tr><tr>
<td>Excluded groups:</td><td></td>
</tr>
</table><p/>
<small><i>(Hover the method name to see the test class name)</i></small><p/>
<table width='100%' border='1' class='invocation-failed'>
<tr><td colspan='4' align='center'><b>FAILED TESTS</b></td></tr>
<tr><td><b>Test method</b></td>
<td width="30%"><b>Exception</b></td>
<td width="10%"><b>Time (seconds)</b></td>
<td><b>Instance</b></td>
</tr>
<tr>
<td title='com.c2info.EG360_SalesReportsTCs.TC_010_VerifySalesReportForLastWeek_SalesReturn.verifyBranchWiseNumberOfInvoices()'><b>verifyBranchWiseNumberOfInvoices</b><br>Test class: com.c2info.EG360_SalesReportsTCs.TC_010_VerifySalesReportForLastWeek_SalesReturn</td>
<td><div><pre>java.lang.AssertionError: expected [179] but found [291]
	at com.c2info.EG360_SalesReportsTCs.TC_010_VerifySalesReportForLastWeek_SalesReturn.verifyBranchWiseNumberOfInvoices(TC_010_VerifySalesReportForLastWeek_SalesReturn.java:95)
... Removed 31 stack frames</pre></div><a href='#' onClick='toggleBox("stack-trace883521348", this, "Click to show all stack frames", "Click to hide stack frames")'>Click to show all stack frames</a>
<div class='stack-trace' id='stack-trace883521348'><pre>java.lang.AssertionError: expected [179] but found [291]
	at org.testng.Assert.fail(Assert.java:93)
	at org.testng.Assert.failNotEquals(Assert.java:512)
	at org.testng.Assert.assertEqualsImpl(Assert.java:134)
	at org.testng.Assert.assertEquals(Assert.java:115)
	at org.testng.Assert.assertEquals(Assert.java:189)
	at org.testng.Assert.assertEquals(Assert.java:199)
	at com.c2info.EG360_SalesReportsTCs.TC_010_VerifySalesReportForLastWeek_SalesReturn.verifyBranchWiseNumberOfInvoices(TC_010_VerifySalesReportForLastWeek_SalesReturn.java:95)
	at sun.reflect.NativeMethodAccessorImpl.invoke0(Native Method)
	at sun.reflect.NativeMethodAccessorImpl.invoke(NativeMethodAccessorImpl.java:62)
	at sun.reflect.DelegatingMethodAccessorImpl.invoke(DelegatingMethodAccessorImpl.java:43)
	at java.lang.reflect.Method.invoke(Method.java:498)
	at org.testng.internal.MethodInvocationHelper.invokeMethod(MethodInvocationHelper.java:108)
	at org.testng.internal.Invoker.invokeMethod(Invoker.java:661)
	at org.testng.internal.Invoker.invokeTestMethod(Invoker.java:869)
	at org.testng.internal.Invoker.invokeTestMethods(Invoker.java:1193)
	at org.testng.internal.TestMethodWorker.invokeTestMethods(TestMethodWorker.java:126)
	at org.testng.internal.TestMethodWorker.run(TestMethodWorker.java:109)
	at org.testng.TestRunner.privateRun(TestRunner.java:744)
	at org.testng.TestRunner.run(TestRunner.java:602)
	at org.testng.SuiteRunner.runTest(SuiteRunner.java:380)
	at org.testng.SuiteRunner.runSequentially(SuiteRunner.java:375)
	at org.testng.SuiteRunner.privateRun(SuiteRunner.java:340)
	at org.testng.SuiteRunner.run(SuiteRunner.java:289)
	at org.testng.SuiteRunnerWorker.runSuite(SuiteRunnerWorker.java:52)
	at org.testng.SuiteRunnerWorker.run(SuiteRunnerWorker.java:86)
	at org.testng.TestNG.runSuitesSequentially(TestNG.java:1301)
	at org.testng.TestNG.runSuitesLocally(TestNG.java:1226)
	at org.testng.TestNG.runSuites(TestNG.java:1144)
	at org.testng.TestNG.run(TestNG.java:1115)
	at org.testng.remote.AbstractRemoteTestNG.run(AbstractRemoteTestNG.java:114)
	at org.testng.remote.RemoteTestNG.initAndRun(RemoteTestNG.java:251)
	at org.testng.remote.RemoteTestNG.main(RemoteTestNG.java:77)
</pre></div></td>
<td>3</td>
<td>com.c2info.EG360_SalesReportsTCs.TC_010_VerifySalesReportForLastWeek_SalesReturn@436e852b</td></tr>
<tr>
<td title='com.c2info.EG360_SalesReportsTCs.TC_013_VerifySalesReportForCurrentQuarter_SalesReturn.verifyBranchWiseNumberOfInvoices()'><b>verifyBranchWiseNumberOfInvoices</b><br>Test class: com.c2info.EG360_SalesReportsTCs.TC_013_VerifySalesReportForCurrentQuarter_SalesReturn</td>
<td><div><pre>java.lang.AssertionError: expected [437] but found [0]
	at com.c2info.EG360_SalesReportsTCs.TC_013_VerifySalesReportForCurrentQuarter_SalesReturn.verifyBranchWiseNumberOfInvoices(TC_013_VerifySalesReportForCurrentQuarter_SalesReturn.java:95)
... Removed 31 stack frames</pre></div><a href='#' onClick='toggleBox("stack-trace1324514662", this, "Click to show all stack frames", "Click to hide stack frames")'>Click to show all stack frames</a>
<div class='stack-trace' id='stack-trace1324514662'><pre>java.lang.AssertionError: expected [437] but found [0]
	at org.testng.Assert.fail(Assert.java:93)
	at org.testng.Assert.failNotEquals(Assert.java:512)
	at org.testng.Assert.assertEqualsImpl(Assert.java:134)
	at org.testng.Assert.assertEquals(Assert.java:115)
	at org.testng.Assert.assertEquals(Assert.java:189)
	at org.testng.Assert.assertEquals(Assert.java:199)
	at com.c2info.EG360_SalesReportsTCs.TC_013_VerifySalesReportForCurrentQuarter_SalesReturn.verifyBranchWiseNumberOfInvoices(TC_013_VerifySalesReportForCurrentQuarter_SalesReturn.java:95)
	at sun.reflect.NativeMethodAccessorImpl.invoke0(Native Method)
	at sun.reflect.NativeMethodAccessorImpl.invoke(NativeMethodAccessorImpl.java:62)
	at sun.reflect.DelegatingMethodAccessorImpl.invoke(DelegatingMethodAccessorImpl.java:43)
	at java.lang.reflect.Method.invoke(Method.java:498)
	at org.testng.internal.MethodInvocationHelper.invokeMethod(MethodInvocationHelper.java:108)
	at org.testng.internal.Invoker.invokeMethod(Invoker.java:661)
	at org.testng.internal.Invoker.invokeTestMethod(Invoker.java:869)
	at org.testng.internal.Invoker.invokeTestMethods(Invoker.java:1193)
	at org.testng.internal.TestMethodWorker.invokeTestMethods(TestMethodWorker.java:126)
	at org.testng.internal.TestMethodWorker.run(TestMethodWorker.java:109)
	at org.testng.TestRunner.privateRun(TestRunner.java:744)
	at org.testng.TestRunner.run(TestRunner.java:602)
	at org.testng.SuiteRunner.runTest(SuiteRunner.java:380)
	at org.testng.SuiteRunner.runSequentially(SuiteRunner.java:375)
	at org.testng.SuiteRunner.privateRun(SuiteRunner.java:340)
	at org.testng.SuiteRunner.run(SuiteRunner.java:289)
	at org.testng.SuiteRunnerWorker.runSuite(SuiteRunnerWorker.java:52)
	at org.testng.SuiteRunnerWorker.run(SuiteRunnerWorker.java:86)
	at org.testng.TestNG.runSuitesSequentially(TestNG.java:1301)
	at org.testng.TestNG.runSuitesLocally(TestNG.java:1226)
	at org.testng.TestNG.runSuites(TestNG.java:1144)
	at org.testng.TestNG.run(TestNG.java:1115)
	at org.testng.remote.AbstractRemoteTestNG.run(AbstractRemoteTestNG.java:114)
	at org.testng.remote.RemoteTestNG.initAndRun(RemoteTestNG.java:251)
	at org.testng.remote.RemoteTestNG.main(RemoteTestNG.java:77)
</pre></div></td>
<td>3</td>
<td>com.c2info.EG360_SalesReportsTCs.TC_013_VerifySalesReportForCurrentQuarter_SalesReturn@3e57cd70</td></tr>
<tr>
<td title='com.c2info.EG360_SalesReportsTCs.TC_014_VerifySalesReportForCurrentYear_SalesReturn.verifyBranchWiseNumberOfInvoices()'><b>verifyBranchWiseNumberOfInvoices</b><br>Test class: com.c2info.EG360_SalesReportsTCs.TC_014_VerifySalesReportForCurrentYear_SalesReturn</td>
<td><div><pre>java.lang.AssertionError: expected [587] but found [2329]
	at com.c2info.EG360_SalesReportsTCs.TC_014_VerifySalesReportForCurrentYear_SalesReturn.verifyBranchWiseNumberOfInvoices(TC_014_VerifySalesReportForCurrentYear_SalesReturn.java:95)
... Removed 31 stack frames</pre></div><a href='#' onClick='toggleBox("stack-trace546796969", this, "Click to show all stack frames", "Click to hide stack frames")'>Click to show all stack frames</a>
<div class='stack-trace' id='stack-trace546796969'><pre>java.lang.AssertionError: expected [587] but found [2329]
	at org.testng.Assert.fail(Assert.java:93)
	at org.testng.Assert.failNotEquals(Assert.java:512)
	at org.testng.Assert.assertEqualsImpl(Assert.java:134)
	at org.testng.Assert.assertEquals(Assert.java:115)
	at org.testng.Assert.assertEquals(Assert.java:189)
	at org.testng.Assert.assertEquals(Assert.java:199)
	at com.c2info.EG360_SalesReportsTCs.TC_014_VerifySalesReportForCurrentYear_SalesReturn.verifyBranchWiseNumberOfInvoices(TC_014_VerifySalesReportForCurrentYear_SalesReturn.java:95)
	at sun.reflect.NativeMethodAccessorImpl.invoke0(Native Method)
	at sun.reflect.NativeMethodAccessorImpl.invoke(NativeMethodAccessorImpl.java:62)
	at sun.reflect.DelegatingMethodAccessorImpl.invoke(DelegatingMethodAccessorImpl.java:43)
	at java.lang.reflect.Method.invoke(Method.java:498)
	at org.testng.internal.MethodInvocationHelper.invokeMethod(MethodInvocationHelper.java:108)
	at org.testng.internal.Invoker.invokeMethod(Invoker.java:661)
	at org.testng.internal.Invoker.invokeTestMethod(Invoker.java:869)
	at org.testng.internal.Invoker.invokeTestMethods(Invoker.java:1193)
	at org.testng.internal.TestMethodWorker.invokeTestMethods(TestMethodWorker.java:126)
	at org.testng.internal.TestMethodWorker.run(TestMethodWorker.java:109)
	at org.testng.TestRunner.privateRun(TestRunner.java:744)
	at org.testng.TestRunner.run(TestRunner.java:602)
	at org.testng.SuiteRunner.runTest(SuiteRunner.java:380)
	at org.testng.SuiteRunner.runSequentially(SuiteRunner.java:375)
	at org.testng.SuiteRunner.privateRun(SuiteRunner.java:340)
	at org.testng.SuiteRunner.run(SuiteRunner.java:289)
	at org.testng.SuiteRunnerWorker.runSuite(SuiteRunnerWorker.java:52)
	at org.testng.SuiteRunnerWorker.run(SuiteRunnerWorker.java:86)
	at org.testng.TestNG.runSuitesSequentially(TestNG.java:1301)
	at org.testng.TestNG.runSuitesLocally(TestNG.java:1226)
	at org.testng.TestNG.runSuites(TestNG.java:1144)
	at org.testng.TestNG.run(TestNG.java:1115)
	at org.testng.remote.AbstractRemoteTestNG.run(AbstractRemoteTestNG.java:114)
	at org.testng.remote.RemoteTestNG.initAndRun(RemoteTestNG.java:251)
	at org.testng.remote.RemoteTestNG.main(RemoteTestNG.java:77)
</pre></div></td>
<td>3</td>
<td>com.c2info.EG360_SalesReportsTCs.TC_014_VerifySalesReportForCurrentYear_SalesReturn@9a7504c</td></tr>
<tr>
<td title='com.c2info.EG360_SalesReportsTCs.TC_010_VerifySalesReportForLastWeek_SalesReturn.verifyBranchwiseCGSTAmount()'><b>verifyBranchwiseCGSTAmount</b><br>Test class: com.c2info.EG360_SalesReportsTCs.TC_010_VerifySalesReportForLastWeek_SalesReturn</td>
<td><div><pre>java.lang.AssertionError: expected [10247.63] but found [15796.38]
	at com.c2info.EG360_SalesReportsTCs.TC_010_VerifySalesReportForLastWeek_SalesReturn.verifyBranchwiseCGSTAmount(TC_010_VerifySalesReportForLastWeek_SalesReturn.java:243)
... Removed 30 stack frames</pre></div><a href='#' onClick='toggleBox("stack-trace1731763384", this, "Click to show all stack frames", "Click to hide stack frames")'>Click to show all stack frames</a>
<div class='stack-trace' id='stack-trace1731763384'><pre>java.lang.AssertionError: expected [10247.63] but found [15796.38]
	at org.testng.Assert.fail(Assert.java:93)
	at org.testng.Assert.failNotEquals(Assert.java:512)
	at org.testng.Assert.assertEqualsImpl(Assert.java:134)
	at org.testng.Assert.assertEquals(Assert.java:115)
	at org.testng.Assert.assertEquals(Assert.java:178)
	at com.c2info.EG360_SalesReportsTCs.TC_010_VerifySalesReportForLastWeek_SalesReturn.verifyBranchwiseCGSTAmount(TC_010_VerifySalesReportForLastWeek_SalesReturn.java:243)
	at sun.reflect.NativeMethodAccessorImpl.invoke0(Native Method)
	at sun.reflect.NativeMethodAccessorImpl.invoke(NativeMethodAccessorImpl.java:62)
	at sun.reflect.DelegatingMethodAccessorImpl.invoke(DelegatingMethodAccessorImpl.java:43)
	at java.lang.reflect.Method.invoke(Method.java:498)
	at org.testng.internal.MethodInvocationHelper.invokeMethod(MethodInvocationHelper.java:108)
	at org.testng.internal.Invoker.invokeMethod(Invoker.java:661)
	at org.testng.internal.Invoker.invokeTestMethod(Invoker.java:869)
	at org.testng.internal.Invoker.invokeTestMethods(Invoker.java:1193)
	at org.testng.internal.TestMethodWorker.invokeTestMethods(TestMethodWorker.java:126)
	at org.testng.internal.TestMethodWorker.run(TestMethodWorker.java:109)
	at org.testng.TestRunner.privateRun(TestRunner.java:744)
	at org.testng.TestRunner.run(TestRunner.java:602)
	at org.testng.SuiteRunner.runTest(SuiteRunner.java:380)
	at org.testng.SuiteRunner.runSequentially(SuiteRunner.java:375)
	at org.testng.SuiteRunner.privateRun(SuiteRunner.java:340)
	at org.testng.SuiteRunner.run(SuiteRunner.java:289)
	at org.testng.SuiteRunnerWorker.runSuite(SuiteRunnerWorker.java:52)
	at org.testng.SuiteRunnerWorker.run(SuiteRunnerWorker.java:86)
	at org.testng.TestNG.runSuitesSequentially(TestNG.java:1301)
	at org.testng.TestNG.runSuitesLocally(TestNG.java:1226)
	at org.testng.TestNG.runSuites(TestNG.java:1144)
	at org.testng.TestNG.run(TestNG.java:1115)
	at org.testng.remote.AbstractRemoteTestNG.run(AbstractRemoteTestNG.java:114)
	at org.testng.remote.RemoteTestNG.initAndRun(RemoteTestNG.java:251)
	at org.testng.remote.RemoteTestNG.main(RemoteTestNG.java:77)
</pre></div></td>
<td>3</td>
<td>com.c2info.EG360_SalesReportsTCs.TC_010_VerifySalesReportForLastWeek_SalesReturn@436e852b</td></tr>
<tr>
<td title='com.c2info.EG360_SalesReportsTCs.TC_013_VerifySalesReportForCurrentQuarter_SalesReturn.verifyBranchwiseCGSTAmount()'><b>verifyBranchwiseCGSTAmount</b><br>Test class: com.c2info.EG360_SalesReportsTCs.TC_013_VerifySalesReportForCurrentQuarter_SalesReturn</td>
<td><div><pre>java.lang.AssertionError: expected [14293.2] but found [0.0]
	at com.c2info.EG360_SalesReportsTCs.TC_013_VerifySalesReportForCurrentQuarter_SalesReturn.verifyBranchwiseCGSTAmount(TC_013_VerifySalesReportForCurrentQuarter_SalesReturn.java:243)
... Removed 30 stack frames</pre></div><a href='#' onClick='toggleBox("stack-trace1228798862", this, "Click to show all stack frames", "Click to hide stack frames")'>Click to show all stack frames</a>
<div class='stack-trace' id='stack-trace1228798862'><pre>java.lang.AssertionError: expected [14293.2] but found [0.0]
	at org.testng.Assert.fail(Assert.java:93)
	at org.testng.Assert.failNotEquals(Assert.java:512)
	at org.testng.Assert.assertEqualsImpl(Assert.java:134)
	at org.testng.Assert.assertEquals(Assert.java:115)
	at org.testng.Assert.assertEquals(Assert.java:178)
	at com.c2info.EG360_SalesReportsTCs.TC_013_VerifySalesReportForCurrentQuarter_SalesReturn.verifyBranchwiseCGSTAmount(TC_013_VerifySalesReportForCurrentQuarter_SalesReturn.java:243)
	at sun.reflect.NativeMethodAccessorImpl.invoke0(Native Method)
	at sun.reflect.NativeMethodAccessorImpl.invoke(NativeMethodAccessorImpl.java:62)
	at sun.reflect.DelegatingMethodAccessorImpl.invoke(DelegatingMethodAccessorImpl.java:43)
	at java.lang.reflect.Method.invoke(Method.java:498)
	at org.testng.internal.MethodInvocationHelper.invokeMethod(MethodInvocationHelper.java:108)
	at org.testng.internal.Invoker.invokeMethod(Invoker.java:661)
	at org.testng.internal.Invoker.invokeTestMethod(Invoker.java:869)
	at org.testng.internal.Invoker.invokeTestMethods(Invoker.java:1193)
	at org.testng.internal.TestMethodWorker.invokeTestMethods(TestMethodWorker.java:126)
	at org.testng.internal.TestMethodWorker.run(TestMethodWorker.java:109)
	at org.testng.TestRunner.privateRun(TestRunner.java:744)
	at org.testng.TestRunner.run(TestRunner.java:602)
	at org.testng.SuiteRunner.runTest(SuiteRunner.java:380)
	at org.testng.SuiteRunner.runSequentially(SuiteRunner.java:375)
	at org.testng.SuiteRunner.privateRun(SuiteRunner.java:340)
	at org.testng.SuiteRunner.run(SuiteRunner.java:289)
	at org.testng.SuiteRunnerWorker.runSuite(SuiteRunnerWorker.java:52)
	at org.testng.SuiteRunnerWorker.run(SuiteRunnerWorker.java:86)
	at org.testng.TestNG.runSuitesSequentially(TestNG.java:1301)
	at org.testng.TestNG.runSuitesLocally(TestNG.java:1226)
	at org.testng.TestNG.runSuites(TestNG.java:1144)
	at org.testng.TestNG.run(TestNG.java:1115)
	at org.testng.remote.AbstractRemoteTestNG.run(AbstractRemoteTestNG.java:114)
	at org.testng.remote.RemoteTestNG.initAndRun(RemoteTestNG.java:251)
	at org.testng.remote.RemoteTestNG.main(RemoteTestNG.java:77)
</pre></div></td>
<td>2</td>
<td>com.c2info.EG360_SalesReportsTCs.TC_013_VerifySalesReportForCurrentQuarter_SalesReturn@3e57cd70</td></tr>
<tr>
<td title='com.c2info.EG360_SalesReportsTCs.TC_014_VerifySalesReportForCurrentYear_SalesReturn.verifyBranchwiseCGSTAmount()'><b>verifyBranchwiseCGSTAmount</b><br>Test class: com.c2info.EG360_SalesReportsTCs.TC_014_VerifySalesReportForCurrentYear_SalesReturn</td>
<td><div><pre>java.lang.AssertionError: expected [18331.31] but found [84308.19]
	at com.c2info.EG360_SalesReportsTCs.TC_014_VerifySalesReportForCurrentYear_SalesReturn.verifyBranchwiseCGSTAmount(TC_014_VerifySalesReportForCurrentYear_SalesReturn.java:243)
... Removed 30 stack frames</pre></div><a href='#' onClick='toggleBox("stack-trace1395262169", this, "Click to show all stack frames", "Click to hide stack frames")'>Click to show all stack frames</a>
<div class='stack-trace' id='stack-trace1395262169'><pre>java.lang.AssertionError: expected [18331.31] but found [84308.19]
	at org.testng.Assert.fail(Assert.java:93)
	at org.testng.Assert.failNotEquals(Assert.java:512)
	at org.testng.Assert.assertEqualsImpl(Assert.java:134)
	at org.testng.Assert.assertEquals(Assert.java:115)
	at org.testng.Assert.assertEquals(Assert.java:178)
	at com.c2info.EG360_SalesReportsTCs.TC_014_VerifySalesReportForCurrentYear_SalesReturn.verifyBranchwiseCGSTAmount(TC_014_VerifySalesReportForCurrentYear_SalesReturn.java:243)
	at sun.reflect.NativeMethodAccessorImpl.invoke0(Native Method)
	at sun.reflect.NativeMethodAccessorImpl.invoke(NativeMethodAccessorImpl.java:62)
	at sun.reflect.DelegatingMethodAccessorImpl.invoke(DelegatingMethodAccessorImpl.java:43)
	at java.lang.reflect.Method.invoke(Method.java:498)
	at org.testng.internal.MethodInvocationHelper.invokeMethod(MethodInvocationHelper.java:108)
	at org.testng.internal.Invoker.invokeMethod(Invoker.java:661)
	at org.testng.internal.Invoker.invokeTestMethod(Invoker.java:869)
	at org.testng.internal.Invoker.invokeTestMethods(Invoker.java:1193)
	at org.testng.internal.TestMethodWorker.invokeTestMethods(TestMethodWorker.java:126)
	at org.testng.internal.TestMethodWorker.run(TestMethodWorker.java:109)
	at org.testng.TestRunner.privateRun(TestRunner.java:744)
	at org.testng.TestRunner.run(TestRunner.java:602)
	at org.testng.SuiteRunner.runTest(SuiteRunner.java:380)
	at org.testng.SuiteRunner.runSequentially(SuiteRunner.java:375)
	at org.testng.SuiteRunner.privateRun(SuiteRunner.java:340)
	at org.testng.SuiteRunner.run(SuiteRunner.java:289)
	at org.testng.SuiteRunnerWorker.runSuite(SuiteRunnerWorker.java:52)
	at org.testng.SuiteRunnerWorker.run(SuiteRunnerWorker.java:86)
	at org.testng.TestNG.runSuitesSequentially(TestNG.java:1301)
	at org.testng.TestNG.runSuitesLocally(TestNG.java:1226)
	at org.testng.TestNG.runSuites(TestNG.java:1144)
	at org.testng.TestNG.run(TestNG.java:1115)
	at org.testng.remote.AbstractRemoteTestNG.run(AbstractRemoteTestNG.java:114)
	at org.testng.remote.RemoteTestNG.initAndRun(RemoteTestNG.java:251)
	at org.testng.remote.RemoteTestNG.main(RemoteTestNG.java:77)
</pre></div></td>
<td>2</td>
<td>com.c2info.EG360_SalesReportsTCs.TC_014_VerifySalesReportForCurrentYear_SalesReturn@9a7504c</td></tr>
<tr>
<td title='com.c2info.EG360_SalesReportsTCs.TC_014_VerifySalesReportForCurrentYear_SalesReturn.verifyBranchwiseCessAmount()'><b>verifyBranchwiseCessAmount</b><br>Test class: com.c2info.EG360_SalesReportsTCs.TC_014_VerifySalesReportForCurrentYear_SalesReturn</td>
<td><div><pre>java.lang.AssertionError: expected [6.69] but found [30.18]
	at com.c2info.EG360_SalesReportsTCs.TC_014_VerifySalesReportForCurrentYear_SalesReturn.verifyBranchwiseCessAmount(TC_014_VerifySalesReportForCurrentYear_SalesReturn.java:318)
... Removed 30 stack frames</pre></div><a href='#' onClick='toggleBox("stack-trace1004430079", this, "Click to show all stack frames", "Click to hide stack frames")'>Click to show all stack frames</a>
<div class='stack-trace' id='stack-trace1004430079'><pre>java.lang.AssertionError: expected [6.69] but found [30.18]
	at org.testng.Assert.fail(Assert.java:93)
	at org.testng.Assert.failNotEquals(Assert.java:512)
	at org.testng.Assert.assertEqualsImpl(Assert.java:134)
	at org.testng.Assert.assertEquals(Assert.java:115)
	at org.testng.Assert.assertEquals(Assert.java:178)
	at com.c2info.EG360_SalesReportsTCs.TC_014_VerifySalesReportForCurrentYear_SalesReturn.verifyBranchwiseCessAmount(TC_014_VerifySalesReportForCurrentYear_SalesReturn.java:318)
	at sun.reflect.NativeMethodAccessorImpl.invoke0(Native Method)
	at sun.reflect.NativeMethodAccessorImpl.invoke(NativeMethodAccessorImpl.java:62)
	at sun.reflect.DelegatingMethodAccessorImpl.invoke(DelegatingMethodAccessorImpl.java:43)
	at java.lang.reflect.Method.invoke(Method.java:498)
	at org.testng.internal.MethodInvocationHelper.invokeMethod(MethodInvocationHelper.java:108)
	at org.testng.internal.Invoker.invokeMethod(Invoker.java:661)
	at org.testng.internal.Invoker.invokeTestMethod(Invoker.java:869)
	at org.testng.internal.Invoker.invokeTestMethods(Invoker.java:1193)
	at org.testng.internal.TestMethodWorker.invokeTestMethods(TestMethodWorker.java:126)
	at org.testng.internal.TestMethodWorker.run(TestMethodWorker.java:109)
	at org.testng.TestRunner.privateRun(TestRunner.java:744)
	at org.testng.TestRunner.run(TestRunner.java:602)
	at org.testng.SuiteRunner.runTest(SuiteRunner.java:380)
	at org.testng.SuiteRunner.runSequentially(SuiteRunner.java:375)
	at org.testng.SuiteRunner.privateRun(SuiteRunner.java:340)
	at org.testng.SuiteRunner.run(SuiteRunner.java:289)
	at org.testng.SuiteRunnerWorker.runSuite(SuiteRunnerWorker.java:52)
	at org.testng.SuiteRunnerWorker.run(SuiteRunnerWorker.java:86)
	at org.testng.TestNG.runSuitesSequentially(TestNG.java:1301)
	at org.testng.TestNG.runSuitesLocally(TestNG.java:1226)
	at org.testng.TestNG.runSuites(TestNG.java:1144)
	at org.testng.TestNG.run(TestNG.java:1115)
	at org.testng.remote.AbstractRemoteTestNG.run(AbstractRemoteTestNG.java:114)
	at org.testng.remote.RemoteTestNG.initAndRun(RemoteTestNG.java:251)
	at org.testng.remote.RemoteTestNG.main(RemoteTestNG.java:77)
</pre></div></td>
<td>3</td>
<td>com.c2info.EG360_SalesReportsTCs.TC_014_VerifySalesReportForCurrentYear_SalesReturn@9a7504c</td></tr>
<tr>
<td title='com.c2info.EG360_SalesReportsTCs.TC_010_VerifySalesReportForLastWeek_SalesReturn.verifyBranchwiseDiscAmount()'><b>verifyBranchwiseDiscAmount</b><br>Test class: com.c2info.EG360_SalesReportsTCs.TC_010_VerifySalesReportForLastWeek_SalesReturn</td>
<td><div><pre>java.lang.AssertionError: expected [1064.76] but found [1754.06]
	at com.c2info.EG360_SalesReportsTCs.TC_010_VerifySalesReportForLastWeek_SalesReturn.verifyBranchwiseDiscAmount(TC_010_VerifySalesReportForLastWeek_SalesReturn.java:143)
... Removed 30 stack frames</pre></div><a href='#' onClick='toggleBox("stack-trace1488946768", this, "Click to show all stack frames", "Click to hide stack frames")'>Click to show all stack frames</a>
<div class='stack-trace' id='stack-trace1488946768'><pre>java.lang.AssertionError: expected [1064.76] but found [1754.06]
	at org.testng.Assert.fail(Assert.java:93)
	at org.testng.Assert.failNotEquals(Assert.java:512)
	at org.testng.Assert.assertEqualsImpl(Assert.java:134)
	at org.testng.Assert.assertEquals(Assert.java:115)
	at org.testng.Assert.assertEquals(Assert.java:178)
	at com.c2info.EG360_SalesReportsTCs.TC_010_VerifySalesReportForLastWeek_SalesReturn.verifyBranchwiseDiscAmount(TC_010_VerifySalesReportForLastWeek_SalesReturn.java:143)
	at sun.reflect.NativeMethodAccessorImpl.invoke0(Native Method)
	at sun.reflect.NativeMethodAccessorImpl.invoke(NativeMethodAccessorImpl.java:62)
	at sun.reflect.DelegatingMethodAccessorImpl.invoke(DelegatingMethodAccessorImpl.java:43)
	at java.lang.reflect.Method.invoke(Method.java:498)
	at org.testng.internal.MethodInvocationHelper.invokeMethod(MethodInvocationHelper.java:108)
	at org.testng.internal.Invoker.invokeMethod(Invoker.java:661)
	at org.testng.internal.Invoker.invokeTestMethod(Invoker.java:869)
	at org.testng.internal.Invoker.invokeTestMethods(Invoker.java:1193)
	at org.testng.internal.TestMethodWorker.invokeTestMethods(TestMethodWorker.java:126)
	at org.testng.internal.TestMethodWorker.run(TestMethodWorker.java:109)
	at org.testng.TestRunner.privateRun(TestRunner.java:744)
	at org.testng.TestRunner.run(TestRunner.java:602)
	at org.testng.SuiteRunner.runTest(SuiteRunner.java:380)
	at org.testng.SuiteRunner.runSequentially(SuiteRunner.java:375)
	at org.testng.SuiteRunner.privateRun(SuiteRunner.java:340)
	at org.testng.SuiteRunner.run(SuiteRunner.java:289)
	at org.testng.SuiteRunnerWorker.runSuite(SuiteRunnerWorker.java:52)
	at org.testng.SuiteRunnerWorker.run(SuiteRunnerWorker.java:86)
	at org.testng.TestNG.runSuitesSequentially(TestNG.java:1301)
	at org.testng.TestNG.runSuitesLocally(TestNG.java:1226)
	at org.testng.TestNG.runSuites(TestNG.java:1144)
	at org.testng.TestNG.run(TestNG.java:1115)
	at org.testng.remote.AbstractRemoteTestNG.run(AbstractRemoteTestNG.java:114)
	at org.testng.remote.RemoteTestNG.initAndRun(RemoteTestNG.java:251)
	at org.testng.remote.RemoteTestNG.main(RemoteTestNG.java:77)
</pre></div></td>
<td>3</td>
<td>com.c2info.EG360_SalesReportsTCs.TC_010_VerifySalesReportForLastWeek_SalesReturn@436e852b</td></tr>
<tr>
<td title='com.c2info.EG360_SalesReportsTCs.TC_013_VerifySalesReportForCurrentQuarter_SalesReturn.verifyBranchwiseDiscAmount()'><b>verifyBranchwiseDiscAmount</b><br>Test class: com.c2info.EG360_SalesReportsTCs.TC_013_VerifySalesReportForCurrentQuarter_SalesReturn</td>
<td><div><pre>java.lang.AssertionError: expected [13025.57] but found [0.0]
	at com.c2info.EG360_SalesReportsTCs.TC_013_VerifySalesReportForCurrentQuarter_SalesReturn.verifyBranchwiseDiscAmount(TC_013_VerifySalesReportForCurrentQuarter_SalesReturn.java:143)
... Removed 30 stack frames</pre></div><a href='#' onClick='toggleBox("stack-trace1134202713", this, "Click to show all stack frames", "Click to hide stack frames")'>Click to show all stack frames</a>
<div class='stack-trace' id='stack-trace1134202713'><pre>java.lang.AssertionError: expected [13025.57] but found [0.0]
	at org.testng.Assert.fail(Assert.java:93)
	at org.testng.Assert.failNotEquals(Assert.java:512)
	at org.testng.Assert.assertEqualsImpl(Assert.java:134)
	at org.testng.Assert.assertEquals(Assert.java:115)
	at org.testng.Assert.assertEquals(Assert.java:178)
	at com.c2info.EG360_SalesReportsTCs.TC_013_VerifySalesReportForCurrentQuarter_SalesReturn.verifyBranchwiseDiscAmount(TC_013_VerifySalesReportForCurrentQuarter_SalesReturn.java:143)
	at sun.reflect.NativeMethodAccessorImpl.invoke0(Native Method)
	at sun.reflect.NativeMethodAccessorImpl.invoke(NativeMethodAccessorImpl.java:62)
	at sun.reflect.DelegatingMethodAccessorImpl.invoke(DelegatingMethodAccessorImpl.java:43)
	at java.lang.reflect.Method.invoke(Method.java:498)
	at org.testng.internal.MethodInvocationHelper.invokeMethod(MethodInvocationHelper.java:108)
	at org.testng.internal.Invoker.invokeMethod(Invoker.java:661)
	at org.testng.internal.Invoker.invokeTestMethod(Invoker.java:869)
	at org.testng.internal.Invoker.invokeTestMethods(Invoker.java:1193)
	at org.testng.internal.TestMethodWorker.invokeTestMethods(TestMethodWorker.java:126)
	at org.testng.internal.TestMethodWorker.run(TestMethodWorker.java:109)
	at org.testng.TestRunner.privateRun(TestRunner.java:744)
	at org.testng.TestRunner.run(TestRunner.java:602)
	at org.testng.SuiteRunner.runTest(SuiteRunner.java:380)
	at org.testng.SuiteRunner.runSequentially(SuiteRunner.java:375)
	at org.testng.SuiteRunner.privateRun(SuiteRunner.java:340)
	at org.testng.SuiteRunner.run(SuiteRunner.java:289)
	at org.testng.SuiteRunnerWorker.runSuite(SuiteRunnerWorker.java:52)
	at org.testng.SuiteRunnerWorker.run(SuiteRunnerWorker.java:86)
	at org.testng.TestNG.runSuitesSequentially(TestNG.java:1301)
	at org.testng.TestNG.runSuitesLocally(TestNG.java:1226)
	at org.testng.TestNG.runSuites(TestNG.java:1144)
	at org.testng.TestNG.run(TestNG.java:1115)
	at org.testng.remote.AbstractRemoteTestNG.run(AbstractRemoteTestNG.java:114)
	at org.testng.remote.RemoteTestNG.initAndRun(RemoteTestNG.java:251)
	at org.testng.remote.RemoteTestNG.main(RemoteTestNG.java:77)
</pre></div></td>
<td>3</td>
<td>com.c2info.EG360_SalesReportsTCs.TC_013_VerifySalesReportForCurrentQuarter_SalesReturn@3e57cd70</td></tr>
<tr>
<td title='com.c2info.EG360_SalesReportsTCs.TC_014_VerifySalesReportForCurrentYear_SalesReturn.verifyBranchwiseDiscAmount()'><b>verifyBranchwiseDiscAmount</b><br>Test class: com.c2info.EG360_SalesReportsTCs.TC_014_VerifySalesReportForCurrentYear_SalesReturn</td>
<td><div><pre>java.lang.AssertionError: expected [18046.76] but found [89319.11]
	at com.c2info.EG360_SalesReportsTCs.TC_014_VerifySalesReportForCurrentYear_SalesReturn.verifyBranchwiseDiscAmount(TC_014_VerifySalesReportForCurrentYear_SalesReturn.java:143)
... Removed 30 stack frames</pre></div><a href='#' onClick='toggleBox("stack-trace1800500978", this, "Click to show all stack frames", "Click to hide stack frames")'>Click to show all stack frames</a>
<div class='stack-trace' id='stack-trace1800500978'><pre>java.lang.AssertionError: expected [18046.76] but found [89319.11]
	at org.testng.Assert.fail(Assert.java:93)
	at org.testng.Assert.failNotEquals(Assert.java:512)
	at org.testng.Assert.assertEqualsImpl(Assert.java:134)
	at org.testng.Assert.assertEquals(Assert.java:115)
	at org.testng.Assert.assertEquals(Assert.java:178)
	at com.c2info.EG360_SalesReportsTCs.TC_014_VerifySalesReportForCurrentYear_SalesReturn.verifyBranchwiseDiscAmount(TC_014_VerifySalesReportForCurrentYear_SalesReturn.java:143)
	at sun.reflect.NativeMethodAccessorImpl.invoke0(Native Method)
	at sun.reflect.NativeMethodAccessorImpl.invoke(NativeMethodAccessorImpl.java:62)
	at sun.reflect.DelegatingMethodAccessorImpl.invoke(DelegatingMethodAccessorImpl.java:43)
	at java.lang.reflect.Method.invoke(Method.java:498)
	at org.testng.internal.MethodInvocationHelper.invokeMethod(MethodInvocationHelper.java:108)
	at org.testng.internal.Invoker.invokeMethod(Invoker.java:661)
	at org.testng.internal.Invoker.invokeTestMethod(Invoker.java:869)
	at org.testng.internal.Invoker.invokeTestMethods(Invoker.java:1193)
	at org.testng.internal.TestMethodWorker.invokeTestMethods(TestMethodWorker.java:126)
	at org.testng.internal.TestMethodWorker.run(TestMethodWorker.java:109)
	at org.testng.TestRunner.privateRun(TestRunner.java:744)
	at org.testng.TestRunner.run(TestRunner.java:602)
	at org.testng.SuiteRunner.runTest(SuiteRunner.java:380)
	at org.testng.SuiteRunner.runSequentially(SuiteRunner.java:375)
	at org.testng.SuiteRunner.privateRun(SuiteRunner.java:340)
	at org.testng.SuiteRunner.run(SuiteRunner.java:289)
	at org.testng.SuiteRunnerWorker.runSuite(SuiteRunnerWorker.java:52)
	at org.testng.SuiteRunnerWorker.run(SuiteRunnerWorker.java:86)
	at org.testng.TestNG.runSuitesSequentially(TestNG.java:1301)
	at org.testng.TestNG.runSuitesLocally(TestNG.java:1226)
	at org.testng.TestNG.runSuites(TestNG.java:1144)
	at org.testng.TestNG.run(TestNG.java:1115)
	at org.testng.remote.AbstractRemoteTestNG.run(AbstractRemoteTestNG.java:114)
	at org.testng.remote.RemoteTestNG.initAndRun(RemoteTestNG.java:251)
	at org.testng.remote.RemoteTestNG.main(RemoteTestNG.java:77)
</pre></div></td>
<td>3</td>
<td>com.c2info.EG360_SalesReportsTCs.TC_014_VerifySalesReportForCurrentYear_SalesReturn@9a7504c</td></tr>
<tr>
<td title='com.c2info.EG360_SalesReportsTCs.TC_010_VerifySalesReportForLastWeek_SalesReturn.verifyBranchwiseIGSTAmount()'><b>verifyBranchwiseIGSTAmount</b><br>Test class: com.c2info.EG360_SalesReportsTCs.TC_010_VerifySalesReportForLastWeek_SalesReturn</td>
<td><div><pre>java.sql.SQLSyntaxErrorException: You have an error in your SQL syntax; check the manual that corresponds to your MySQL server version for the right syntax to use near &apos;d_date&gt;=&apos;2018-07-29&apos; and d_date&lt;=&apos;2018-08-04&apos; and n_cancel_flag=0&apos; at line 1
	at com.mysql.cj.jdbc.exceptions.SQLError.createSQLException(SQLError.java:118)
	at com.mysql.cj.jdbc.exceptions.SQLError.createSQLException(SQLError.java:95)
	at com.mysql.cj.jdbc.exceptions.SQLExceptionsMapping.translateException(SQLExceptionsMapping.java:122)
	at com.mysql.cj.jdbc.StatementImpl.executeQuery(StatementImpl.java:1247)
	at com.c2info.EG360_Database.Database.getData(Database.java:34)
	at com.c2info.EG360_SalesReportsTCs.TC_010_VerifySalesReportForLastWeek_SalesReturn.verifyBranchwiseIGSTAmount(TC_010_VerifySalesReportForLastWeek_SalesReturn.java:286)
... Removed 25 stack frames</pre></div><a href='#' onClick='toggleBox("stack-trace2088582214", this, "Click to show all stack frames", "Click to hide stack frames")'>Click to show all stack frames</a>
<div class='stack-trace' id='stack-trace2088582214'><pre>java.sql.SQLSyntaxErrorException: You have an error in your SQL syntax; check the manual that corresponds to your MySQL server version for the right syntax to use near &apos;d_date&gt;=&apos;2018-07-29&apos; and d_date&lt;=&apos;2018-08-04&apos; and n_cancel_flag=0&apos; at line 1
	at com.mysql.cj.jdbc.exceptions.SQLError.createSQLException(SQLError.java:118)
	at com.mysql.cj.jdbc.exceptions.SQLError.createSQLException(SQLError.java:95)
	at com.mysql.cj.jdbc.exceptions.SQLExceptionsMapping.translateException(SQLExceptionsMapping.java:122)
	at com.mysql.cj.jdbc.StatementImpl.executeQuery(StatementImpl.java:1247)
	at com.c2info.EG360_Database.Database.getData(Database.java:34)
	at com.c2info.EG360_SalesReportsTCs.TC_010_VerifySalesReportForLastWeek_SalesReturn.verifyBranchwiseIGSTAmount(TC_010_VerifySalesReportForLastWeek_SalesReturn.java:286)
	at sun.reflect.NativeMethodAccessorImpl.invoke0(Native Method)
	at sun.reflect.NativeMethodAccessorImpl.invoke(NativeMethodAccessorImpl.java:62)
	at sun.reflect.DelegatingMethodAccessorImpl.invoke(DelegatingMethodAccessorImpl.java:43)
	at java.lang.reflect.Method.invoke(Method.java:498)
	at org.testng.internal.MethodInvocationHelper.invokeMethod(MethodInvocationHelper.java:108)
	at org.testng.internal.Invoker.invokeMethod(Invoker.java:661)
	at org.testng.internal.Invoker.invokeTestMethod(Invoker.java:869)
	at org.testng.internal.Invoker.invokeTestMethods(Invoker.java:1193)
	at org.testng.internal.TestMethodWorker.invokeTestMethods(TestMethodWorker.java:126)
	at org.testng.internal.TestMethodWorker.run(TestMethodWorker.java:109)
	at org.testng.TestRunner.privateRun(TestRunner.java:744)
	at org.testng.TestRunner.run(TestRunner.java:602)
	at org.testng.SuiteRunner.runTest(SuiteRunner.java:380)
	at org.testng.SuiteRunner.runSequentially(SuiteRunner.java:375)
	at org.testng.SuiteRunner.privateRun(SuiteRunner.java:340)
	at org.testng.SuiteRunner.run(SuiteRunner.java:289)
	at org.testng.SuiteRunnerWorker.runSuite(SuiteRunnerWorker.java:52)
	at org.testng.SuiteRunnerWorker.run(SuiteRunnerWorker.java:86)
	at org.testng.TestNG.runSuitesSequentially(TestNG.java:1301)
	at org.testng.TestNG.runSuitesLocally(TestNG.java:1226)
	at org.testng.TestNG.runSuites(TestNG.java:1144)
	at org.testng.TestNG.run(TestNG.java:1115)
	at org.testng.remote.AbstractRemoteTestNG.run(AbstractRemoteTestNG.java:114)
	at org.testng.remote.RemoteTestNG.initAndRun(RemoteTestNG.java:251)
	at org.testng.remote.RemoteTestNG.main(RemoteTestNG.java:77)
</pre></div></td>
<td>3</td>
<td>com.c2info.EG360_SalesReportsTCs.TC_010_VerifySalesReportForLastWeek_SalesReturn@436e852b</td></tr>
<tr>
<td title='com.c2info.EG360_SalesReportsTCs.TC_011_VerifySalesReportForCurrentMonth_SalesReturn.verifyBranchwiseIGSTAmount()'><b>verifyBranchwiseIGSTAmount</b><br>Test class: com.c2info.EG360_SalesReportsTCs.TC_011_VerifySalesReportForCurrentMonth_SalesReturn</td>
<td><div><pre>java.sql.SQLSyntaxErrorException: You have an error in your SQL syntax; check the manual that corresponds to your MySQL server version for the right syntax to use near &apos;d_date&gt;=&apos;2018-08-01&apos; and d_date&lt;=&apos;2018-08-31&apos; and n_cancel_flag=0&apos; at line 1
	at com.mysql.cj.jdbc.exceptions.SQLError.createSQLException(SQLError.java:118)
	at com.mysql.cj.jdbc.exceptions.SQLError.createSQLException(SQLError.java:95)
	at com.mysql.cj.jdbc.exceptions.SQLExceptionsMapping.translateException(SQLExceptionsMapping.java:122)
	at com.mysql.cj.jdbc.StatementImpl.executeQuery(StatementImpl.java:1247)
	at com.c2info.EG360_Database.Database.getData(Database.java:34)
	at com.c2info.EG360_SalesReportsTCs.TC_011_VerifySalesReportForCurrentMonth_SalesReturn.verifyBranchwiseIGSTAmount(TC_011_VerifySalesReportForCurrentMonth_SalesReturn.java:286)
... Removed 25 stack frames</pre></div><a href='#' onClick='toggleBox("stack-trace1324173038", this, "Click to show all stack frames", "Click to hide stack frames")'>Click to show all stack frames</a>
<div class='stack-trace' id='stack-trace1324173038'><pre>java.sql.SQLSyntaxErrorException: You have an error in your SQL syntax; check the manual that corresponds to your MySQL server version for the right syntax to use near &apos;d_date&gt;=&apos;2018-08-01&apos; and d_date&lt;=&apos;2018-08-31&apos; and n_cancel_flag=0&apos; at line 1
	at com.mysql.cj.jdbc.exceptions.SQLError.createSQLException(SQLError.java:118)
	at com.mysql.cj.jdbc.exceptions.SQLError.createSQLException(SQLError.java:95)
	at com.mysql.cj.jdbc.exceptions.SQLExceptionsMapping.translateException(SQLExceptionsMapping.java:122)
	at com.mysql.cj.jdbc.StatementImpl.executeQuery(StatementImpl.java:1247)
	at com.c2info.EG360_Database.Database.getData(Database.java:34)
	at com.c2info.EG360_SalesReportsTCs.TC_011_VerifySalesReportForCurrentMonth_SalesReturn.verifyBranchwiseIGSTAmount(TC_011_VerifySalesReportForCurrentMonth_SalesReturn.java:286)
	at sun.reflect.NativeMethodAccessorImpl.invoke0(Native Method)
	at sun.reflect.NativeMethodAccessorImpl.invoke(NativeMethodAccessorImpl.java:62)
	at sun.reflect.DelegatingMethodAccessorImpl.invoke(DelegatingMethodAccessorImpl.java:43)
	at java.lang.reflect.Method.invoke(Method.java:498)
	at org.testng.internal.MethodInvocationHelper.invokeMethod(MethodInvocationHelper.java:108)
	at org.testng.internal.Invoker.invokeMethod(Invoker.java:661)
	at org.testng.internal.Invoker.invokeTestMethod(Invoker.java:869)
	at org.testng.internal.Invoker.invokeTestMethods(Invoker.java:1193)
	at org.testng.internal.TestMethodWorker.invokeTestMethods(TestMethodWorker.java:126)
	at org.testng.internal.TestMethodWorker.run(TestMethodWorker.java:109)
	at org.testng.TestRunner.privateRun(TestRunner.java:744)
	at org.testng.TestRunner.run(TestRunner.java:602)
	at org.testng.SuiteRunner.runTest(SuiteRunner.java:380)
	at org.testng.SuiteRunner.runSequentially(SuiteRunner.java:375)
	at org.testng.SuiteRunner.privateRun(SuiteRunner.java:340)
	at org.testng.SuiteRunner.run(SuiteRunner.java:289)
	at org.testng.SuiteRunnerWorker.runSuite(SuiteRunnerWorker.java:52)
	at org.testng.SuiteRunnerWorker.run(SuiteRunnerWorker.java:86)
	at org.testng.TestNG.runSuitesSequentially(TestNG.java:1301)
	at org.testng.TestNG.runSuitesLocally(TestNG.java:1226)
	at org.testng.TestNG.runSuites(TestNG.java:1144)
	at org.testng.TestNG.run(TestNG.java:1115)
	at org.testng.remote.AbstractRemoteTestNG.run(AbstractRemoteTestNG.java:114)
	at org.testng.remote.RemoteTestNG.initAndRun(RemoteTestNG.java:251)
	at org.testng.remote.RemoteTestNG.main(RemoteTestNG.java:77)
</pre></div></td>
<td>3</td>
<td>com.c2info.EG360_SalesReportsTCs.TC_011_VerifySalesReportForCurrentMonth_SalesReturn@32d2fa64</td></tr>
<tr>
<td title='com.c2info.EG360_SalesReportsTCs.TC_012_VerifySalesReportForLastMonth_SalesReturn.verifyBranchwiseIGSTAmount()'><b>verifyBranchwiseIGSTAmount</b><br>Test class: com.c2info.EG360_SalesReportsTCs.TC_012_VerifySalesReportForLastMonth_SalesReturn</td>
<td><div><pre>java.sql.SQLSyntaxErrorException: You have an error in your SQL syntax; check the manual that corresponds to your MySQL server version for the right syntax to use near &apos;d_date&gt;=&apos;2018-07-01&apos; and d_date&lt;=&apos;2018-07-31&apos; and n_cancel_flag=0&apos; at line 1
	at com.mysql.cj.jdbc.exceptions.SQLError.createSQLException(SQLError.java:118)
	at com.mysql.cj.jdbc.exceptions.SQLError.createSQLException(SQLError.java:95)
	at com.mysql.cj.jdbc.exceptions.SQLExceptionsMapping.translateException(SQLExceptionsMapping.java:122)
	at com.mysql.cj.jdbc.StatementImpl.executeQuery(StatementImpl.java:1247)
	at com.c2info.EG360_Database.Database.getData(Database.java:34)
	at com.c2info.EG360_SalesReportsTCs.TC_012_VerifySalesReportForLastMonth_SalesReturn.verifyBranchwiseIGSTAmount(TC_012_VerifySalesReportForLastMonth_SalesReturn.java:286)
... Removed 25 stack frames</pre></div><a href='#' onClick='toggleBox("stack-trace1533547487", this, "Click to show all stack frames", "Click to hide stack frames")'>Click to show all stack frames</a>
<div class='stack-trace' id='stack-trace1533547487'><pre>java.sql.SQLSyntaxErrorException: You have an error in your SQL syntax; check the manual that corresponds to your MySQL server version for the right syntax to use near &apos;d_date&gt;=&apos;2018-07-01&apos; and d_date&lt;=&apos;2018-07-31&apos; and n_cancel_flag=0&apos; at line 1
	at com.mysql.cj.jdbc.exceptions.SQLError.createSQLException(SQLError.java:118)
	at com.mysql.cj.jdbc.exceptions.SQLError.createSQLException(SQLError.java:95)
	at com.mysql.cj.jdbc.exceptions.SQLExceptionsMapping.translateException(SQLExceptionsMapping.java:122)
	at com.mysql.cj.jdbc.StatementImpl.executeQuery(StatementImpl.java:1247)
	at com.c2info.EG360_Database.Database.getData(Database.java:34)
	at com.c2info.EG360_SalesReportsTCs.TC_012_VerifySalesReportForLastMonth_SalesReturn.verifyBranchwiseIGSTAmount(TC_012_VerifySalesReportForLastMonth_SalesReturn.java:286)
	at sun.reflect.NativeMethodAccessorImpl.invoke0(Native Method)
	at sun.reflect.NativeMethodAccessorImpl.invoke(NativeMethodAccessorImpl.java:62)
	at sun.reflect.DelegatingMethodAccessorImpl.invoke(DelegatingMethodAccessorImpl.java:43)
	at java.lang.reflect.Method.invoke(Method.java:498)
	at org.testng.internal.MethodInvocationHelper.invokeMethod(MethodInvocationHelper.java:108)
	at org.testng.internal.Invoker.invokeMethod(Invoker.java:661)
	at org.testng.internal.Invoker.invokeTestMethod(Invoker.java:869)
	at org.testng.internal.Invoker.invokeTestMethods(Invoker.java:1193)
	at org.testng.internal.TestMethodWorker.invokeTestMethods(TestMethodWorker.java:126)
	at org.testng.internal.TestMethodWorker.run(TestMethodWorker.java:109)
	at org.testng.TestRunner.privateRun(TestRunner.java:744)
	at org.testng.TestRunner.run(TestRunner.java:602)
	at org.testng.SuiteRunner.runTest(SuiteRunner.java:380)
	at org.testng.SuiteRunner.runSequentially(SuiteRunner.java:375)
	at org.testng.SuiteRunner.privateRun(SuiteRunner.java:340)
	at org.testng.SuiteRunner.run(SuiteRunner.java:289)
	at org.testng.SuiteRunnerWorker.runSuite(SuiteRunnerWorker.java:52)
	at org.testng.SuiteRunnerWorker.run(SuiteRunnerWorker.java:86)
	at org.testng.TestNG.runSuitesSequentially(TestNG.java:1301)
	at org.testng.TestNG.runSuitesLocally(TestNG.java:1226)
	at org.testng.TestNG.runSuites(TestNG.java:1144)
	at org.testng.TestNG.run(TestNG.java:1115)
	at org.testng.remote.AbstractRemoteTestNG.run(AbstractRemoteTestNG.java:114)
	at org.testng.remote.RemoteTestNG.initAndRun(RemoteTestNG.java:251)
	at org.testng.remote.RemoteTestNG.main(RemoteTestNG.java:77)
</pre></div></td>
<td>3</td>
<td>com.c2info.EG360_SalesReportsTCs.TC_012_VerifySalesReportForLastMonth_SalesReturn@1d8d30f7</td></tr>
<tr>
<td title='com.c2info.EG360_SalesReportsTCs.TC_013_VerifySalesReportForCurrentQuarter_SalesReturn.verifyBranchwiseIGSTAmount()'><b>verifyBranchwiseIGSTAmount</b><br>Test class: com.c2info.EG360_SalesReportsTCs.TC_013_VerifySalesReportForCurrentQuarter_SalesReturn</td>
<td><div><pre>java.sql.SQLSyntaxErrorException: You have an error in your SQL syntax; check the manual that corresponds to your MySQL server version for the right syntax to use near &apos;d_date&gt;=&apos;2018-08-01&apos; and d_date&lt;=&apos;2018-08-31&apos; and n_cancel_flag=0&apos; at line 1
	at com.mysql.cj.jdbc.exceptions.SQLError.createSQLException(SQLError.java:118)
	at com.mysql.cj.jdbc.exceptions.SQLError.createSQLException(SQLError.java:95)
	at com.mysql.cj.jdbc.exceptions.SQLExceptionsMapping.translateException(SQLExceptionsMapping.java:122)
	at com.mysql.cj.jdbc.StatementImpl.executeQuery(StatementImpl.java:1247)
	at com.c2info.EG360_Database.Database.getData(Database.java:34)
	at com.c2info.EG360_SalesReportsTCs.TC_013_VerifySalesReportForCurrentQuarter_SalesReturn.verifyBranchwiseIGSTAmount(TC_013_VerifySalesReportForCurrentQuarter_SalesReturn.java:286)
... Removed 25 stack frames</pre></div><a href='#' onClick='toggleBox("stack-trace1076966140", this, "Click to show all stack frames", "Click to hide stack frames")'>Click to show all stack frames</a>
<div class='stack-trace' id='stack-trace1076966140'><pre>java.sql.SQLSyntaxErrorException: You have an error in your SQL syntax; check the manual that corresponds to your MySQL server version for the right syntax to use near &apos;d_date&gt;=&apos;2018-08-01&apos; and d_date&lt;=&apos;2018-08-31&apos; and n_cancel_flag=0&apos; at line 1
	at com.mysql.cj.jdbc.exceptions.SQLError.createSQLException(SQLError.java:118)
	at com.mysql.cj.jdbc.exceptions.SQLError.createSQLException(SQLError.java:95)
	at com.mysql.cj.jdbc.exceptions.SQLExceptionsMapping.translateException(SQLExceptionsMapping.java:122)
	at com.mysql.cj.jdbc.StatementImpl.executeQuery(StatementImpl.java:1247)
	at com.c2info.EG360_Database.Database.getData(Database.java:34)
	at com.c2info.EG360_SalesReportsTCs.TC_013_VerifySalesReportForCurrentQuarter_SalesReturn.verifyBranchwiseIGSTAmount(TC_013_VerifySalesReportForCurrentQuarter_SalesReturn.java:286)
	at sun.reflect.NativeMethodAccessorImpl.invoke0(Native Method)
	at sun.reflect.NativeMethodAccessorImpl.invoke(NativeMethodAccessorImpl.java:62)
	at sun.reflect.DelegatingMethodAccessorImpl.invoke(DelegatingMethodAccessorImpl.java:43)
	at java.lang.reflect.Method.invoke(Method.java:498)
	at org.testng.internal.MethodInvocationHelper.invokeMethod(MethodInvocationHelper.java:108)
	at org.testng.internal.Invoker.invokeMethod(Invoker.java:661)
	at org.testng.internal.Invoker.invokeTestMethod(Invoker.java:869)
	at org.testng.internal.Invoker.invokeTestMethods(Invoker.java:1193)
	at org.testng.internal.TestMethodWorker.invokeTestMethods(TestMethodWorker.java:126)
	at org.testng.internal.TestMethodWorker.run(TestMethodWorker.java:109)
	at org.testng.TestRunner.privateRun(TestRunner.java:744)
	at org.testng.TestRunner.run(TestRunner.java:602)
	at org.testng.SuiteRunner.runTest(SuiteRunner.java:380)
	at org.testng.SuiteRunner.runSequentially(SuiteRunner.java:375)
	at org.testng.SuiteRunner.privateRun(SuiteRunner.java:340)
	at org.testng.SuiteRunner.run(SuiteRunner.java:289)
	at org.testng.SuiteRunnerWorker.runSuite(SuiteRunnerWorker.java:52)
	at org.testng.SuiteRunnerWorker.run(SuiteRunnerWorker.java:86)
	at org.testng.TestNG.runSuitesSequentially(TestNG.java:1301)
	at org.testng.TestNG.runSuitesLocally(TestNG.java:1226)
	at org.testng.TestNG.runSuites(TestNG.java:1144)
	at org.testng.TestNG.run(TestNG.java:1115)
	at org.testng.remote.AbstractRemoteTestNG.run(AbstractRemoteTestNG.java:114)
	at org.testng.remote.RemoteTestNG.initAndRun(RemoteTestNG.java:251)
	at org.testng.remote.RemoteTestNG.main(RemoteTestNG.java:77)
</pre></div></td>
<td>2</td>
<td>com.c2info.EG360_SalesReportsTCs.TC_013_VerifySalesReportForCurrentQuarter_SalesReturn@3e57cd70</td></tr>
<tr>
<td title='com.c2info.EG360_SalesReportsTCs.TC_014_VerifySalesReportForCurrentYear_SalesReturn.verifyBranchwiseIGSTAmount()'><b>verifyBranchwiseIGSTAmount</b><br>Test class: com.c2info.EG360_SalesReportsTCs.TC_014_VerifySalesReportForCurrentYear_SalesReturn</td>
<td><div><pre>java.sql.SQLSyntaxErrorException: You have an error in your SQL syntax; check the manual that corresponds to your MySQL server version for the right syntax to use near &apos;d_date&gt;=&apos;2018-01-01&apos; and d_date&lt;=&apos;2018-12-31&apos; and n_cancel_flag=0&apos; at line 1
	at com.mysql.cj.jdbc.exceptions.SQLError.createSQLException(SQLError.java:118)
	at com.mysql.cj.jdbc.exceptions.SQLError.createSQLException(SQLError.java:95)
	at com.mysql.cj.jdbc.exceptions.SQLExceptionsMapping.translateException(SQLExceptionsMapping.java:122)
	at com.mysql.cj.jdbc.StatementImpl.executeQuery(StatementImpl.java:1247)
	at com.c2info.EG360_Database.Database.getData(Database.java:34)
	at com.c2info.EG360_SalesReportsTCs.TC_014_VerifySalesReportForCurrentYear_SalesReturn.verifyBranchwiseIGSTAmount(TC_014_VerifySalesReportForCurrentYear_SalesReturn.java:286)
... Removed 25 stack frames</pre></div><a href='#' onClick='toggleBox("stack-trace1264674474", this, "Click to show all stack frames", "Click to hide stack frames")'>Click to show all stack frames</a>
<div class='stack-trace' id='stack-trace1264674474'><pre>java.sql.SQLSyntaxErrorException: You have an error in your SQL syntax; check the manual that corresponds to your MySQL server version for the right syntax to use near &apos;d_date&gt;=&apos;2018-01-01&apos; and d_date&lt;=&apos;2018-12-31&apos; and n_cancel_flag=0&apos; at line 1
	at com.mysql.cj.jdbc.exceptions.SQLError.createSQLException(SQLError.java:118)
	at com.mysql.cj.jdbc.exceptions.SQLError.createSQLException(SQLError.java:95)
	at com.mysql.cj.jdbc.exceptions.SQLExceptionsMapping.translateException(SQLExceptionsMapping.java:122)
	at com.mysql.cj.jdbc.StatementImpl.executeQuery(StatementImpl.java:1247)
	at com.c2info.EG360_Database.Database.getData(Database.java:34)
	at com.c2info.EG360_SalesReportsTCs.TC_014_VerifySalesReportForCurrentYear_SalesReturn.verifyBranchwiseIGSTAmount(TC_014_VerifySalesReportForCurrentYear_SalesReturn.java:286)
	at sun.reflect.NativeMethodAccessorImpl.invoke0(Native Method)
	at sun.reflect.NativeMethodAccessorImpl.invoke(NativeMethodAccessorImpl.java:62)
	at sun.reflect.DelegatingMethodAccessorImpl.invoke(DelegatingMethodAccessorImpl.java:43)
	at java.lang.reflect.Method.invoke(Method.java:498)
	at org.testng.internal.MethodInvocationHelper.invokeMethod(MethodInvocationHelper.java:108)
	at org.testng.internal.Invoker.invokeMethod(Invoker.java:661)
	at org.testng.internal.Invoker.invokeTestMethod(Invoker.java:869)
	at org.testng.internal.Invoker.invokeTestMethods(Invoker.java:1193)
	at org.testng.internal.TestMethodWorker.invokeTestMethods(TestMethodWorker.java:126)
	at org.testng.internal.TestMethodWorker.run(TestMethodWorker.java:109)
	at org.testng.TestRunner.privateRun(TestRunner.java:744)
	at org.testng.TestRunner.run(TestRunner.java:602)
	at org.testng.SuiteRunner.runTest(SuiteRunner.java:380)
	at org.testng.SuiteRunner.runSequentially(SuiteRunner.java:375)
	at org.testng.SuiteRunner.privateRun(SuiteRunner.java:340)
	at org.testng.SuiteRunner.run(SuiteRunner.java:289)
	at org.testng.SuiteRunnerWorker.runSuite(SuiteRunnerWorker.java:52)
	at org.testng.SuiteRunnerWorker.run(SuiteRunnerWorker.java:86)
	at org.testng.TestNG.runSuitesSequentially(TestNG.java:1301)
	at org.testng.TestNG.runSuitesLocally(TestNG.java:1226)
	at org.testng.TestNG.runSuites(TestNG.java:1144)
	at org.testng.TestNG.run(TestNG.java:1115)
	at org.testng.remote.AbstractRemoteTestNG.run(AbstractRemoteTestNG.java:114)
	at org.testng.remote.RemoteTestNG.initAndRun(RemoteTestNG.java:251)
	at org.testng.remote.RemoteTestNG.main(RemoteTestNG.java:77)
</pre></div></td>
<td>3</td>
<td>com.c2info.EG360_SalesReportsTCs.TC_014_VerifySalesReportForCurrentYear_SalesReturn@9a7504c</td></tr>
<tr>
<td title='com.c2info.EG360_SalesReportsTCs.TC_010_VerifySalesReportForLastWeek_SalesReturn.verifyBranchwiseInvoiceValAfterDisc()'><b>verifyBranchwiseInvoiceValAfterDisc</b><br>Test class: com.c2info.EG360_SalesReportsTCs.TC_010_VerifySalesReportForLastWeek_SalesReturn</td>
<td><div><pre>java.lang.AssertionError: expected [179691.44] but found [279797.64]
	at com.c2info.EG360_SalesReportsTCs.TC_010_VerifySalesReportForLastWeek_SalesReturn.verifyBranchwiseInvoiceValAfterDisc(TC_010_VerifySalesReportForLastWeek_SalesReturn.java:168)
... Removed 30 stack frames</pre></div><a href='#' onClick='toggleBox("stack-trace739264372", this, "Click to show all stack frames", "Click to hide stack frames")'>Click to show all stack frames</a>
<div class='stack-trace' id='stack-trace739264372'><pre>java.lang.AssertionError: expected [179691.44] but found [279797.64]
	at org.testng.Assert.fail(Assert.java:93)
	at org.testng.Assert.failNotEquals(Assert.java:512)
	at org.testng.Assert.assertEqualsImpl(Assert.java:134)
	at org.testng.Assert.assertEquals(Assert.java:115)
	at org.testng.Assert.assertEquals(Assert.java:178)
	at com.c2info.EG360_SalesReportsTCs.TC_010_VerifySalesReportForLastWeek_SalesReturn.verifyBranchwiseInvoiceValAfterDisc(TC_010_VerifySalesReportForLastWeek_SalesReturn.java:168)
	at sun.reflect.NativeMethodAccessorImpl.invoke0(Native Method)
	at sun.reflect.NativeMethodAccessorImpl.invoke(NativeMethodAccessorImpl.java:62)
	at sun.reflect.DelegatingMethodAccessorImpl.invoke(DelegatingMethodAccessorImpl.java:43)
	at java.lang.reflect.Method.invoke(Method.java:498)
	at org.testng.internal.MethodInvocationHelper.invokeMethod(MethodInvocationHelper.java:108)
	at org.testng.internal.Invoker.invokeMethod(Invoker.java:661)
	at org.testng.internal.Invoker.invokeTestMethod(Invoker.java:869)
	at org.testng.internal.Invoker.invokeTestMethods(Invoker.java:1193)
	at org.testng.internal.TestMethodWorker.invokeTestMethods(TestMethodWorker.java:126)
	at org.testng.internal.TestMethodWorker.run(TestMethodWorker.java:109)
	at org.testng.TestRunner.privateRun(TestRunner.java:744)
	at org.testng.TestRunner.run(TestRunner.java:602)
	at org.testng.SuiteRunner.runTest(SuiteRunner.java:380)
	at org.testng.SuiteRunner.runSequentially(SuiteRunner.java:375)
	at org.testng.SuiteRunner.privateRun(SuiteRunner.java:340)
	at org.testng.SuiteRunner.run(SuiteRunner.java:289)
	at org.testng.SuiteRunnerWorker.runSuite(SuiteRunnerWorker.java:52)
	at org.testng.SuiteRunnerWorker.run(SuiteRunnerWorker.java:86)
	at org.testng.TestNG.runSuitesSequentially(TestNG.java:1301)
	at org.testng.TestNG.runSuitesLocally(TestNG.java:1226)
	at org.testng.TestNG.runSuites(TestNG.java:1144)
	at org.testng.TestNG.run(TestNG.java:1115)
	at org.testng.remote.AbstractRemoteTestNG.run(AbstractRemoteTestNG.java:114)
	at org.testng.remote.RemoteTestNG.initAndRun(RemoteTestNG.java:251)
	at org.testng.remote.RemoteTestNG.main(RemoteTestNG.java:77)
</pre></div></td>
<td>3</td>
<td>com.c2info.EG360_SalesReportsTCs.TC_010_VerifySalesReportForLastWeek_SalesReturn@436e852b</td></tr>
<tr>
<td title='com.c2info.EG360_SalesReportsTCs.TC_011_VerifySalesReportForCurrentMonth_SalesReturn.verifyBranchwiseInvoiceValAfterDisc()'><b>verifyBranchwiseInvoiceValAfterDisc</b><br>Test class: com.c2info.EG360_SalesReportsTCs.TC_011_VerifySalesReportForCurrentMonth_SalesReturn</td>
<td><div><pre>java.lang.AssertionError: expected [233147.02] but found [233147.01]
	at com.c2info.EG360_SalesReportsTCs.TC_011_VerifySalesReportForCurrentMonth_SalesReturn.verifyBranchwiseInvoiceValAfterDisc(TC_011_VerifySalesReportForCurrentMonth_SalesReturn.java:168)
... Removed 30 stack frames</pre></div><a href='#' onClick='toggleBox("stack-trace1091234211", this, "Click to show all stack frames", "Click to hide stack frames")'>Click to show all stack frames</a>
<div class='stack-trace' id='stack-trace1091234211'><pre>java.lang.AssertionError: expected [233147.02] but found [233147.01]
	at org.testng.Assert.fail(Assert.java:93)
	at org.testng.Assert.failNotEquals(Assert.java:512)
	at org.testng.Assert.assertEqualsImpl(Assert.java:134)
	at org.testng.Assert.assertEquals(Assert.java:115)
	at org.testng.Assert.assertEquals(Assert.java:178)
	at com.c2info.EG360_SalesReportsTCs.TC_011_VerifySalesReportForCurrentMonth_SalesReturn.verifyBranchwiseInvoiceValAfterDisc(TC_011_VerifySalesReportForCurrentMonth_SalesReturn.java:168)
	at sun.reflect.NativeMethodAccessorImpl.invoke0(Native Method)
	at sun.reflect.NativeMethodAccessorImpl.invoke(NativeMethodAccessorImpl.java:62)
	at sun.reflect.DelegatingMethodAccessorImpl.invoke(DelegatingMethodAccessorImpl.java:43)
	at java.lang.reflect.Method.invoke(Method.java:498)
	at org.testng.internal.MethodInvocationHelper.invokeMethod(MethodInvocationHelper.java:108)
	at org.testng.internal.Invoker.invokeMethod(Invoker.java:661)
	at org.testng.internal.Invoker.invokeTestMethod(Invoker.java:869)
	at org.testng.internal.Invoker.invokeTestMethods(Invoker.java:1193)
	at org.testng.internal.TestMethodWorker.invokeTestMethods(TestMethodWorker.java:126)
	at org.testng.internal.TestMethodWorker.run(TestMethodWorker.java:109)
	at org.testng.TestRunner.privateRun(TestRunner.java:744)
	at org.testng.TestRunner.run(TestRunner.java:602)
	at org.testng.SuiteRunner.runTest(SuiteRunner.java:380)
	at org.testng.SuiteRunner.runSequentially(SuiteRunner.java:375)
	at org.testng.SuiteRunner.privateRun(SuiteRunner.java:340)
	at org.testng.SuiteRunner.run(SuiteRunner.java:289)
	at org.testng.SuiteRunnerWorker.runSuite(SuiteRunnerWorker.java:52)
	at org.testng.SuiteRunnerWorker.run(SuiteRunnerWorker.java:86)
	at org.testng.TestNG.runSuitesSequentially(TestNG.java:1301)
	at org.testng.TestNG.runSuitesLocally(TestNG.java:1226)
	at org.testng.TestNG.runSuites(TestNG.java:1144)
	at org.testng.TestNG.run(TestNG.java:1115)
	at org.testng.remote.AbstractRemoteTestNG.run(AbstractRemoteTestNG.java:114)
	at org.testng.remote.RemoteTestNG.initAndRun(RemoteTestNG.java:251)
	at org.testng.remote.RemoteTestNG.main(RemoteTestNG.java:77)
</pre></div></td>
<td>3</td>
<td>com.c2info.EG360_SalesReportsTCs.TC_011_VerifySalesReportForCurrentMonth_SalesReturn@32d2fa64</td></tr>
<tr>
<td title='com.c2info.EG360_SalesReportsTCs.TC_012_VerifySalesReportForLastMonth_SalesReturn.verifyBranchwiseInvoiceValAfterDisc()'><b>verifyBranchwiseInvoiceValAfterDisc</b><br>Test class: com.c2info.EG360_SalesReportsTCs.TC_012_VerifySalesReportForLastMonth_SalesReturn</td>
<td><div><pre>java.lang.AssertionError: expected [1157514.08] but found [1157514.05]
	at com.c2info.EG360_SalesReportsTCs.TC_012_VerifySalesReportForLastMonth_SalesReturn.verifyBranchwiseInvoiceValAfterDisc(TC_012_VerifySalesReportForLastMonth_SalesReturn.java:168)
... Removed 30 stack frames</pre></div><a href='#' onClick='toggleBox("stack-trace756080817", this, "Click to show all stack frames", "Click to hide stack frames")'>Click to show all stack frames</a>
<div class='stack-trace' id='stack-trace756080817'><pre>java.lang.AssertionError: expected [1157514.08] but found [1157514.05]
	at org.testng.Assert.fail(Assert.java:93)
	at org.testng.Assert.failNotEquals(Assert.java:512)
	at org.testng.Assert.assertEqualsImpl(Assert.java:134)
	at org.testng.Assert.assertEquals(Assert.java:115)
	at org.testng.Assert.assertEquals(Assert.java:178)
	at com.c2info.EG360_SalesReportsTCs.TC_012_VerifySalesReportForLastMonth_SalesReturn.verifyBranchwiseInvoiceValAfterDisc(TC_012_VerifySalesReportForLastMonth_SalesReturn.java:168)
	at sun.reflect.NativeMethodAccessorImpl.invoke0(Native Method)
	at sun.reflect.NativeMethodAccessorImpl.invoke(NativeMethodAccessorImpl.java:62)
	at sun.reflect.DelegatingMethodAccessorImpl.invoke(DelegatingMethodAccessorImpl.java:43)
	at java.lang.reflect.Method.invoke(Method.java:498)
	at org.testng.internal.MethodInvocationHelper.invokeMethod(MethodInvocationHelper.java:108)
	at org.testng.internal.Invoker.invokeMethod(Invoker.java:661)
	at org.testng.internal.Invoker.invokeTestMethod(Invoker.java:869)
	at org.testng.internal.Invoker.invokeTestMethods(Invoker.java:1193)
	at org.testng.internal.TestMethodWorker.invokeTestMethods(TestMethodWorker.java:126)
	at org.testng.internal.TestMethodWorker.run(TestMethodWorker.java:109)
	at org.testng.TestRunner.privateRun(TestRunner.java:744)
	at org.testng.TestRunner.run(TestRunner.java:602)
	at org.testng.SuiteRunner.runTest(SuiteRunner.java:380)
	at org.testng.SuiteRunner.runSequentially(SuiteRunner.java:375)
	at org.testng.SuiteRunner.privateRun(SuiteRunner.java:340)
	at org.testng.SuiteRunner.run(SuiteRunner.java:289)
	at org.testng.SuiteRunnerWorker.runSuite(SuiteRunnerWorker.java:52)
	at org.testng.SuiteRunnerWorker.run(SuiteRunnerWorker.java:86)
	at org.testng.TestNG.runSuitesSequentially(TestNG.java:1301)
	at org.testng.TestNG.runSuitesLocally(TestNG.java:1226)
	at org.testng.TestNG.runSuites(TestNG.java:1144)
	at org.testng.TestNG.run(TestNG.java:1115)
	at org.testng.remote.AbstractRemoteTestNG.run(AbstractRemoteTestNG.java:114)
	at org.testng.remote.RemoteTestNG.initAndRun(RemoteTestNG.java:251)
	at org.testng.remote.RemoteTestNG.main(RemoteTestNG.java:77)
</pre></div></td>
<td>5</td>
<td>com.c2info.EG360_SalesReportsTCs.TC_012_VerifySalesReportForLastMonth_SalesReturn@1d8d30f7</td></tr>
<tr>
<td title='com.c2info.EG360_SalesReportsTCs.TC_013_VerifySalesReportForCurrentQuarter_SalesReturn.verifyBranchwiseInvoiceValAfterDisc()'><b>verifyBranchwiseInvoiceValAfterDisc</b><br>Test class: com.c2info.EG360_SalesReportsTCs.TC_013_VerifySalesReportForCurrentQuarter_SalesReturn</td>
<td><div><pre>java.lang.AssertionError: expected [251983.98] but found [0.0]
	at com.c2info.EG360_SalesReportsTCs.TC_013_VerifySalesReportForCurrentQuarter_SalesReturn.verifyBranchwiseInvoiceValAfterDisc(TC_013_VerifySalesReportForCurrentQuarter_SalesReturn.java:168)
... Removed 30 stack frames</pre></div><a href='#' onClick='toggleBox("stack-trace1674403916", this, "Click to show all stack frames", "Click to hide stack frames")'>Click to show all stack frames</a>
<div class='stack-trace' id='stack-trace1674403916'><pre>java.lang.AssertionError: expected [251983.98] but found [0.0]
	at org.testng.Assert.fail(Assert.java:93)
	at org.testng.Assert.failNotEquals(Assert.java:512)
	at org.testng.Assert.assertEqualsImpl(Assert.java:134)
	at org.testng.Assert.assertEquals(Assert.java:115)
	at org.testng.Assert.assertEquals(Assert.java:178)
	at com.c2info.EG360_SalesReportsTCs.TC_013_VerifySalesReportForCurrentQuarter_SalesReturn.verifyBranchwiseInvoiceValAfterDisc(TC_013_VerifySalesReportForCurrentQuarter_SalesReturn.java:168)
	at sun.reflect.NativeMethodAccessorImpl.invoke0(Native Method)
	at sun.reflect.NativeMethodAccessorImpl.invoke(NativeMethodAccessorImpl.java:62)
	at sun.reflect.DelegatingMethodAccessorImpl.invoke(DelegatingMethodAccessorImpl.java:43)
	at java.lang.reflect.Method.invoke(Method.java:498)
	at org.testng.internal.MethodInvocationHelper.invokeMethod(MethodInvocationHelper.java:108)
	at org.testng.internal.Invoker.invokeMethod(Invoker.java:661)
	at org.testng.internal.Invoker.invokeTestMethod(Invoker.java:869)
	at org.testng.internal.Invoker.invokeTestMethods(Invoker.java:1193)
	at org.testng.internal.TestMethodWorker.invokeTestMethods(TestMethodWorker.java:126)
	at org.testng.internal.TestMethodWorker.run(TestMethodWorker.java:109)
	at org.testng.TestRunner.privateRun(TestRunner.java:744)
	at org.testng.TestRunner.run(TestRunner.java:602)
	at org.testng.SuiteRunner.runTest(SuiteRunner.java:380)
	at org.testng.SuiteRunner.runSequentially(SuiteRunner.java:375)
	at org.testng.SuiteRunner.privateRun(SuiteRunner.java:340)
	at org.testng.SuiteRunner.run(SuiteRunner.java:289)
	at org.testng.SuiteRunnerWorker.runSuite(SuiteRunnerWorker.java:52)
	at org.testng.SuiteRunnerWorker.run(SuiteRunnerWorker.java:86)
	at org.testng.TestNG.runSuitesSequentially(TestNG.java:1301)
	at org.testng.TestNG.runSuitesLocally(TestNG.java:1226)
	at org.testng.TestNG.runSuites(TestNG.java:1144)
	at org.testng.TestNG.run(TestNG.java:1115)
	at org.testng.remote.AbstractRemoteTestNG.run(AbstractRemoteTestNG.java:114)
	at org.testng.remote.RemoteTestNG.initAndRun(RemoteTestNG.java:251)
	at org.testng.remote.RemoteTestNG.main(RemoteTestNG.java:77)
</pre></div></td>
<td>3</td>
<td>com.c2info.EG360_SalesReportsTCs.TC_013_VerifySalesReportForCurrentQuarter_SalesReturn@3e57cd70</td></tr>
<tr>
<td title='com.c2info.EG360_SalesReportsTCs.TC_014_VerifySalesReportForCurrentYear_SalesReturn.verifyBranchwiseInvoiceValAfterDisc()'><b>verifyBranchwiseInvoiceValAfterDisc</b><br>Test class: com.c2info.EG360_SalesReportsTCs.TC_014_VerifySalesReportForCurrentYear_SalesReturn</td>
<td><div><pre>java.lang.AssertionError: expected [323980.42] but found [1473891.92]
	at com.c2info.EG360_SalesReportsTCs.TC_014_VerifySalesReportForCurrentYear_SalesReturn.verifyBranchwiseInvoiceValAfterDisc(TC_014_VerifySalesReportForCurrentYear_SalesReturn.java:168)
... Removed 30 stack frames</pre></div><a href='#' onClick='toggleBox("stack-trace1556520190", this, "Click to show all stack frames", "Click to hide stack frames")'>Click to show all stack frames</a>
<div class='stack-trace' id='stack-trace1556520190'><pre>java.lang.AssertionError: expected [323980.42] but found [1473891.92]
	at org.testng.Assert.fail(Assert.java:93)
	at org.testng.Assert.failNotEquals(Assert.java:512)
	at org.testng.Assert.assertEqualsImpl(Assert.java:134)
	at org.testng.Assert.assertEquals(Assert.java:115)
	at org.testng.Assert.assertEquals(Assert.java:178)
	at com.c2info.EG360_SalesReportsTCs.TC_014_VerifySalesReportForCurrentYear_SalesReturn.verifyBranchwiseInvoiceValAfterDisc(TC_014_VerifySalesReportForCurrentYear_SalesReturn.java:168)
	at sun.reflect.NativeMethodAccessorImpl.invoke0(Native Method)
	at sun.reflect.NativeMethodAccessorImpl.invoke(NativeMethodAccessorImpl.java:62)
	at sun.reflect.DelegatingMethodAccessorImpl.invoke(DelegatingMethodAccessorImpl.java:43)
	at java.lang.reflect.Method.invoke(Method.java:498)
	at org.testng.internal.MethodInvocationHelper.invokeMethod(MethodInvocationHelper.java:108)
	at org.testng.internal.Invoker.invokeMethod(Invoker.java:661)
	at org.testng.internal.Invoker.invokeTestMethod(Invoker.java:869)
	at org.testng.internal.Invoker.invokeTestMethods(Invoker.java:1193)
	at org.testng.internal.TestMethodWorker.invokeTestMethods(TestMethodWorker.java:126)
	at org.testng.internal.TestMethodWorker.run(TestMethodWorker.java:109)
	at org.testng.TestRunner.privateRun(TestRunner.java:744)
	at org.testng.TestRunner.run(TestRunner.java:602)
	at org.testng.SuiteRunner.runTest(SuiteRunner.java:380)
	at org.testng.SuiteRunner.runSequentially(SuiteRunner.java:375)
	at org.testng.SuiteRunner.privateRun(SuiteRunner.java:340)
	at org.testng.SuiteRunner.run(SuiteRunner.java:289)
	at org.testng.SuiteRunnerWorker.runSuite(SuiteRunnerWorker.java:52)
	at org.testng.SuiteRunnerWorker.run(SuiteRunnerWorker.java:86)
	at org.testng.TestNG.runSuitesSequentially(TestNG.java:1301)
	at org.testng.TestNG.runSuitesLocally(TestNG.java:1226)
	at org.testng.TestNG.runSuites(TestNG.java:1144)
	at org.testng.TestNG.run(TestNG.java:1115)
	at org.testng.remote.AbstractRemoteTestNG.run(AbstractRemoteTestNG.java:114)
	at org.testng.remote.RemoteTestNG.initAndRun(RemoteTestNG.java:251)
	at org.testng.remote.RemoteTestNG.main(RemoteTestNG.java:77)
</pre></div></td>
<td>3</td>
<td>com.c2info.EG360_SalesReportsTCs.TC_014_VerifySalesReportForCurrentYear_SalesReturn@9a7504c</td></tr>
<tr>
<td title='com.c2info.EG360_SalesReportsTCs.TC_010_VerifySalesReportForLastWeek_SalesReturn.verifyBranchwiseInvoiceValTax()'><b>verifyBranchwiseInvoiceValTax</b><br>Test class: com.c2info.EG360_SalesReportsTCs.TC_010_VerifySalesReportForLastWeek_SalesReturn</td>
<td><div><pre>java.lang.AssertionError: expected [201012.65] but found [312315.34]
	at com.c2info.EG360_SalesReportsTCs.TC_010_VerifySalesReportForLastWeek_SalesReturn.verifyBranchwiseInvoiceValTax(TC_010_VerifySalesReportForLastWeek_SalesReturn.java:193)
... Removed 30 stack frames</pre></div><a href='#' onClick='toggleBox("stack-trace1482748887", this, "Click to show all stack frames", "Click to hide stack frames")'>Click to show all stack frames</a>
<div class='stack-trace' id='stack-trace1482748887'><pre>java.lang.AssertionError: expected [201012.65] but found [312315.34]
	at org.testng.Assert.fail(Assert.java:93)
	at org.testng.Assert.failNotEquals(Assert.java:512)
	at org.testng.Assert.assertEqualsImpl(Assert.java:134)
	at org.testng.Assert.assertEquals(Assert.java:115)
	at org.testng.Assert.assertEquals(Assert.java:178)
	at com.c2info.EG360_SalesReportsTCs.TC_010_VerifySalesReportForLastWeek_SalesReturn.verifyBranchwiseInvoiceValTax(TC_010_VerifySalesReportForLastWeek_SalesReturn.java:193)
	at sun.reflect.NativeMethodAccessorImpl.invoke0(Native Method)
	at sun.reflect.NativeMethodAccessorImpl.invoke(NativeMethodAccessorImpl.java:62)
	at sun.reflect.DelegatingMethodAccessorImpl.invoke(DelegatingMethodAccessorImpl.java:43)
	at java.lang.reflect.Method.invoke(Method.java:498)
	at org.testng.internal.MethodInvocationHelper.invokeMethod(MethodInvocationHelper.java:108)
	at org.testng.internal.Invoker.invokeMethod(Invoker.java:661)
	at org.testng.internal.Invoker.invokeTestMethod(Invoker.java:869)
	at org.testng.internal.Invoker.invokeTestMethods(Invoker.java:1193)
	at org.testng.internal.TestMethodWorker.invokeTestMethods(TestMethodWorker.java:126)
	at org.testng.internal.TestMethodWorker.run(TestMethodWorker.java:109)
	at org.testng.TestRunner.privateRun(TestRunner.java:744)
	at org.testng.TestRunner.run(TestRunner.java:602)
	at org.testng.SuiteRunner.runTest(SuiteRunner.java:380)
	at org.testng.SuiteRunner.runSequentially(SuiteRunner.java:375)
	at org.testng.SuiteRunner.privateRun(SuiteRunner.java:340)
	at org.testng.SuiteRunner.run(SuiteRunner.java:289)
	at org.testng.SuiteRunnerWorker.runSuite(SuiteRunnerWorker.java:52)
	at org.testng.SuiteRunnerWorker.run(SuiteRunnerWorker.java:86)
	at org.testng.TestNG.runSuitesSequentially(TestNG.java:1301)
	at org.testng.TestNG.runSuitesLocally(TestNG.java:1226)
	at org.testng.TestNG.runSuites(TestNG.java:1144)
	at org.testng.TestNG.run(TestNG.java:1115)
	at org.testng.remote.AbstractRemoteTestNG.run(AbstractRemoteTestNG.java:114)
	at org.testng.remote.RemoteTestNG.initAndRun(RemoteTestNG.java:251)
	at org.testng.remote.RemoteTestNG.main(RemoteTestNG.java:77)
</pre></div></td>
<td>3</td>
<td>com.c2info.EG360_SalesReportsTCs.TC_010_VerifySalesReportForLastWeek_SalesReturn@436e852b</td></tr>
<tr>
<td title='com.c2info.EG360_SalesReportsTCs.TC_013_VerifySalesReportForCurrentQuarter_SalesReturn.verifyBranchwiseInvoiceValTax()'><b>verifyBranchwiseInvoiceValTax</b><br>Test class: com.c2info.EG360_SalesReportsTCs.TC_013_VerifySalesReportForCurrentQuarter_SalesReturn</td>
<td><div><pre>java.lang.AssertionError: expected [280576.74] but found [0.0]
	at com.c2info.EG360_SalesReportsTCs.TC_013_VerifySalesReportForCurrentQuarter_SalesReturn.verifyBranchwiseInvoiceValTax(TC_013_VerifySalesReportForCurrentQuarter_SalesReturn.java:193)
... Removed 30 stack frames</pre></div><a href='#' onClick='toggleBox("stack-trace1264941544", this, "Click to show all stack frames", "Click to hide stack frames")'>Click to show all stack frames</a>
<div class='stack-trace' id='stack-trace1264941544'><pre>java.lang.AssertionError: expected [280576.74] but found [0.0]
	at org.testng.Assert.fail(Assert.java:93)
	at org.testng.Assert.failNotEquals(Assert.java:512)
	at org.testng.Assert.assertEqualsImpl(Assert.java:134)
	at org.testng.Assert.assertEquals(Assert.java:115)
	at org.testng.Assert.assertEquals(Assert.java:178)
	at com.c2info.EG360_SalesReportsTCs.TC_013_VerifySalesReportForCurrentQuarter_SalesReturn.verifyBranchwiseInvoiceValTax(TC_013_VerifySalesReportForCurrentQuarter_SalesReturn.java:193)
	at sun.reflect.NativeMethodAccessorImpl.invoke0(Native Method)
	at sun.reflect.NativeMethodAccessorImpl.invoke(NativeMethodAccessorImpl.java:62)
	at sun.reflect.DelegatingMethodAccessorImpl.invoke(DelegatingMethodAccessorImpl.java:43)
	at java.lang.reflect.Method.invoke(Method.java:498)
	at org.testng.internal.MethodInvocationHelper.invokeMethod(MethodInvocationHelper.java:108)
	at org.testng.internal.Invoker.invokeMethod(Invoker.java:661)
	at org.testng.internal.Invoker.invokeTestMethod(Invoker.java:869)
	at org.testng.internal.Invoker.invokeTestMethods(Invoker.java:1193)
	at org.testng.internal.TestMethodWorker.invokeTestMethods(TestMethodWorker.java:126)
	at org.testng.internal.TestMethodWorker.run(TestMethodWorker.java:109)
	at org.testng.TestRunner.privateRun(TestRunner.java:744)
	at org.testng.TestRunner.run(TestRunner.java:602)
	at org.testng.SuiteRunner.runTest(SuiteRunner.java:380)
	at org.testng.SuiteRunner.runSequentially(SuiteRunner.java:375)
	at org.testng.SuiteRunner.privateRun(SuiteRunner.java:340)
	at org.testng.SuiteRunner.run(SuiteRunner.java:289)
	at org.testng.SuiteRunnerWorker.runSuite(SuiteRunnerWorker.java:52)
	at org.testng.SuiteRunnerWorker.run(SuiteRunnerWorker.java:86)
	at org.testng.TestNG.runSuitesSequentially(TestNG.java:1301)
	at org.testng.TestNG.runSuitesLocally(TestNG.java:1226)
	at org.testng.TestNG.runSuites(TestNG.java:1144)
	at org.testng.TestNG.run(TestNG.java:1115)
	at org.testng.remote.AbstractRemoteTestNG.run(AbstractRemoteTestNG.java:114)
	at org.testng.remote.RemoteTestNG.initAndRun(RemoteTestNG.java:251)
	at org.testng.remote.RemoteTestNG.main(RemoteTestNG.java:77)
</pre></div></td>
<td>3</td>
<td>com.c2info.EG360_SalesReportsTCs.TC_013_VerifySalesReportForCurrentQuarter_SalesReturn@3e57cd70</td></tr>
<tr>
<td title='com.c2info.EG360_SalesReportsTCs.TC_014_VerifySalesReportForCurrentYear_SalesReturn.verifyBranchwiseInvoiceValTax()'><b>verifyBranchwiseInvoiceValTax</b><br>Test class: com.c2info.EG360_SalesReportsTCs.TC_014_VerifySalesReportForCurrentYear_SalesReturn</td>
<td><div><pre>java.lang.AssertionError: expected [360753.19] but found [1642916.14]
	at com.c2info.EG360_SalesReportsTCs.TC_014_VerifySalesReportForCurrentYear_SalesReturn.verifyBranchwiseInvoiceValTax(TC_014_VerifySalesReportForCurrentYear_SalesReturn.java:193)
... Removed 30 stack frames</pre></div><a href='#' onClick='toggleBox("stack-trace1175418534", this, "Click to show all stack frames", "Click to hide stack frames")'>Click to show all stack frames</a>
<div class='stack-trace' id='stack-trace1175418534'><pre>java.lang.AssertionError: expected [360753.19] but found [1642916.14]
	at org.testng.Assert.fail(Assert.java:93)
	at org.testng.Assert.failNotEquals(Assert.java:512)
	at org.testng.Assert.assertEqualsImpl(Assert.java:134)
	at org.testng.Assert.assertEquals(Assert.java:115)
	at org.testng.Assert.assertEquals(Assert.java:178)
	at com.c2info.EG360_SalesReportsTCs.TC_014_VerifySalesReportForCurrentYear_SalesReturn.verifyBranchwiseInvoiceValTax(TC_014_VerifySalesReportForCurrentYear_SalesReturn.java:193)
	at sun.reflect.NativeMethodAccessorImpl.invoke0(Native Method)
	at sun.reflect.NativeMethodAccessorImpl.invoke(NativeMethodAccessorImpl.java:62)
	at sun.reflect.DelegatingMethodAccessorImpl.invoke(DelegatingMethodAccessorImpl.java:43)
	at java.lang.reflect.Method.invoke(Method.java:498)
	at org.testng.internal.MethodInvocationHelper.invokeMethod(MethodInvocationHelper.java:108)
	at org.testng.internal.Invoker.invokeMethod(Invoker.java:661)
	at org.testng.internal.Invoker.invokeTestMethod(Invoker.java:869)
	at org.testng.internal.Invoker.invokeTestMethods(Invoker.java:1193)
	at org.testng.internal.TestMethodWorker.invokeTestMethods(TestMethodWorker.java:126)
	at org.testng.internal.TestMethodWorker.run(TestMethodWorker.java:109)
	at org.testng.TestRunner.privateRun(TestRunner.java:744)
	at org.testng.TestRunner.run(TestRunner.java:602)
	at org.testng.SuiteRunner.runTest(SuiteRunner.java:380)
	at org.testng.SuiteRunner.runSequentially(SuiteRunner.java:375)
	at org.testng.SuiteRunner.privateRun(SuiteRunner.java:340)
	at org.testng.SuiteRunner.run(SuiteRunner.java:289)
	at org.testng.SuiteRunnerWorker.runSuite(SuiteRunnerWorker.java:52)
	at org.testng.SuiteRunnerWorker.run(SuiteRunnerWorker.java:86)
	at org.testng.TestNG.runSuitesSequentially(TestNG.java:1301)
	at org.testng.TestNG.runSuitesLocally(TestNG.java:1226)
	at org.testng.TestNG.runSuites(TestNG.java:1144)
	at org.testng.TestNG.run(TestNG.java:1115)
	at org.testng.remote.AbstractRemoteTestNG.run(AbstractRemoteTestNG.java:114)
	at org.testng.remote.RemoteTestNG.initAndRun(RemoteTestNG.java:251)
	at org.testng.remote.RemoteTestNG.main(RemoteTestNG.java:77)
</pre></div></td>
<td>3</td>
<td>com.c2info.EG360_SalesReportsTCs.TC_014_VerifySalesReportForCurrentYear_SalesReturn@9a7504c</td></tr>
<tr>
<td title='com.c2info.EG360_SalesReportsTCs.TC_013_VerifySalesReportForCurrentQuarter_SalesReturn.verifyBranchwiseNumberOfCustomers()'><b>verifyBranchwiseNumberOfCustomers</b><br>Test class: com.c2info.EG360_SalesReportsTCs.TC_013_VerifySalesReportForCurrentQuarter_SalesReturn</td>
<td><div><pre>java.lang.AssertionError: expected [3] but found [0]
	at com.c2info.EG360_SalesReportsTCs.TC_013_VerifySalesReportForCurrentQuarter_SalesReturn.verifyBranchwiseNumberOfCustomers(TC_013_VerifySalesReportForCurrentQuarter_SalesReturn.java:118)
... Removed 31 stack frames</pre></div><a href='#' onClick='toggleBox("stack-trace1733056574", this, "Click to show all stack frames", "Click to hide stack frames")'>Click to show all stack frames</a>
<div class='stack-trace' id='stack-trace1733056574'><pre>java.lang.AssertionError: expected [3] but found [0]
	at org.testng.Assert.fail(Assert.java:93)
	at org.testng.Assert.failNotEquals(Assert.java:512)
	at org.testng.Assert.assertEqualsImpl(Assert.java:134)
	at org.testng.Assert.assertEquals(Assert.java:115)
	at org.testng.Assert.assertEquals(Assert.java:189)
	at org.testng.Assert.assertEquals(Assert.java:199)
	at com.c2info.EG360_SalesReportsTCs.TC_013_VerifySalesReportForCurrentQuarter_SalesReturn.verifyBranchwiseNumberOfCustomers(TC_013_VerifySalesReportForCurrentQuarter_SalesReturn.java:118)
	at sun.reflect.NativeMethodAccessorImpl.invoke0(Native Method)
	at sun.reflect.NativeMethodAccessorImpl.invoke(NativeMethodAccessorImpl.java:62)
	at sun.reflect.DelegatingMethodAccessorImpl.invoke(DelegatingMethodAccessorImpl.java:43)
	at java.lang.reflect.Method.invoke(Method.java:498)
	at org.testng.internal.MethodInvocationHelper.invokeMethod(MethodInvocationHelper.java:108)
	at org.testng.internal.Invoker.invokeMethod(Invoker.java:661)
	at org.testng.internal.Invoker.invokeTestMethod(Invoker.java:869)
	at org.testng.internal.Invoker.invokeTestMethods(Invoker.java:1193)
	at org.testng.internal.TestMethodWorker.invokeTestMethods(TestMethodWorker.java:126)
	at org.testng.internal.TestMethodWorker.run(TestMethodWorker.java:109)
	at org.testng.TestRunner.privateRun(TestRunner.java:744)
	at org.testng.TestRunner.run(TestRunner.java:602)
	at org.testng.SuiteRunner.runTest(SuiteRunner.java:380)
	at org.testng.SuiteRunner.runSequentially(SuiteRunner.java:375)
	at org.testng.SuiteRunner.privateRun(SuiteRunner.java:340)
	at org.testng.SuiteRunner.run(SuiteRunner.java:289)
	at org.testng.SuiteRunnerWorker.runSuite(SuiteRunnerWorker.java:52)
	at org.testng.SuiteRunnerWorker.run(SuiteRunnerWorker.java:86)
	at org.testng.TestNG.runSuitesSequentially(TestNG.java:1301)
	at org.testng.TestNG.runSuitesLocally(TestNG.java:1226)
	at org.testng.TestNG.runSuites(TestNG.java:1144)
	at org.testng.TestNG.run(TestNG.java:1115)
	at org.testng.remote.AbstractRemoteTestNG.run(AbstractRemoteTestNG.java:114)
	at org.testng.remote.RemoteTestNG.initAndRun(RemoteTestNG.java:251)
	at org.testng.remote.RemoteTestNG.main(RemoteTestNG.java:77)
</pre></div></td>
<td>2</td>
<td>com.c2info.EG360_SalesReportsTCs.TC_013_VerifySalesReportForCurrentQuarter_SalesReturn@3e57cd70</td></tr>
<tr>
<td title='com.c2info.EG360_SalesReportsTCs.TC_014_VerifySalesReportForCurrentYear_SalesReturn.verifyBranchwiseNumberOfCustomers()'><b>verifyBranchwiseNumberOfCustomers</b><br>Test class: com.c2info.EG360_SalesReportsTCs.TC_014_VerifySalesReportForCurrentYear_SalesReturn</td>
<td><div><pre>java.lang.AssertionError: expected [3] but found [5]
	at com.c2info.EG360_SalesReportsTCs.TC_014_VerifySalesReportForCurrentYear_SalesReturn.verifyBranchwiseNumberOfCustomers(TC_014_VerifySalesReportForCurrentYear_SalesReturn.java:118)
... Removed 31 stack frames</pre></div><a href='#' onClick='toggleBox("stack-trace1334405552", this, "Click to show all stack frames", "Click to hide stack frames")'>Click to show all stack frames</a>
<div class='stack-trace' id='stack-trace1334405552'><pre>java.lang.AssertionError: expected [3] but found [5]
	at org.testng.Assert.fail(Assert.java:93)
	at org.testng.Assert.failNotEquals(Assert.java:512)
	at org.testng.Assert.assertEqualsImpl(Assert.java:134)
	at org.testng.Assert.assertEquals(Assert.java:115)
	at org.testng.Assert.assertEquals(Assert.java:189)
	at org.testng.Assert.assertEquals(Assert.java:199)
	at com.c2info.EG360_SalesReportsTCs.TC_014_VerifySalesReportForCurrentYear_SalesReturn.verifyBranchwiseNumberOfCustomers(TC_014_VerifySalesReportForCurrentYear_SalesReturn.java:118)
	at sun.reflect.NativeMethodAccessorImpl.invoke0(Native Method)
	at sun.reflect.NativeMethodAccessorImpl.invoke(NativeMethodAccessorImpl.java:62)
	at sun.reflect.DelegatingMethodAccessorImpl.invoke(DelegatingMethodAccessorImpl.java:43)
	at java.lang.reflect.Method.invoke(Method.java:498)
	at org.testng.internal.MethodInvocationHelper.invokeMethod(MethodInvocationHelper.java:108)
	at org.testng.internal.Invoker.invokeMethod(Invoker.java:661)
	at org.testng.internal.Invoker.invokeTestMethod(Invoker.java:869)
	at org.testng.internal.Invoker.invokeTestMethods(Invoker.java:1193)
	at org.testng.internal.TestMethodWorker.invokeTestMethods(TestMethodWorker.java:126)
	at org.testng.internal.TestMethodWorker.run(TestMethodWorker.java:109)
	at org.testng.TestRunner.privateRun(TestRunner.java:744)
	at org.testng.TestRunner.run(TestRunner.java:602)
	at org.testng.SuiteRunner.runTest(SuiteRunner.java:380)
	at org.testng.SuiteRunner.runSequentially(SuiteRunner.java:375)
	at org.testng.SuiteRunner.privateRun(SuiteRunner.java:340)
	at org.testng.SuiteRunner.run(SuiteRunner.java:289)
	at org.testng.SuiteRunnerWorker.runSuite(SuiteRunnerWorker.java:52)
	at org.testng.SuiteRunnerWorker.run(SuiteRunnerWorker.java:86)
	at org.testng.TestNG.runSuitesSequentially(TestNG.java:1301)
	at org.testng.TestNG.runSuitesLocally(TestNG.java:1226)
	at org.testng.TestNG.runSuites(TestNG.java:1144)
	at org.testng.TestNG.run(TestNG.java:1115)
	at org.testng.remote.AbstractRemoteTestNG.run(AbstractRemoteTestNG.java:114)
	at org.testng.remote.RemoteTestNG.initAndRun(RemoteTestNG.java:251)
	at org.testng.remote.RemoteTestNG.main(RemoteTestNG.java:77)
</pre></div></td>
<td>2</td>
<td>com.c2info.EG360_SalesReportsTCs.TC_014_VerifySalesReportForCurrentYear_SalesReturn@9a7504c</td></tr>
<tr>
<td title='com.c2info.EG360_SalesReportsTCs.TC_010_VerifySalesReportForLastWeek_SalesReturn.verifyBranchwiseSGSTAmount()'><b>verifyBranchwiseSGSTAmount</b><br>Test class: com.c2info.EG360_SalesReportsTCs.TC_010_VerifySalesReportForLastWeek_SalesReturn</td>
<td><div><pre>java.lang.AssertionError: expected [10247.63] but found [15796.38]
	at com.c2info.EG360_SalesReportsTCs.TC_010_VerifySalesReportForLastWeek_SalesReturn.verifyBranchwiseSGSTAmount(TC_010_VerifySalesReportForLastWeek_SalesReturn.java:268)
... Removed 30 stack frames</pre></div><a href='#' onClick='toggleBox("stack-trace15892131", this, "Click to show all stack frames", "Click to hide stack frames")'>Click to show all stack frames</a>
<div class='stack-trace' id='stack-trace15892131'><pre>java.lang.AssertionError: expected [10247.63] but found [15796.38]
	at org.testng.Assert.fail(Assert.java:93)
	at org.testng.Assert.failNotEquals(Assert.java:512)
	at org.testng.Assert.assertEqualsImpl(Assert.java:134)
	at org.testng.Assert.assertEquals(Assert.java:115)
	at org.testng.Assert.assertEquals(Assert.java:178)
	at com.c2info.EG360_SalesReportsTCs.TC_010_VerifySalesReportForLastWeek_SalesReturn.verifyBranchwiseSGSTAmount(TC_010_VerifySalesReportForLastWeek_SalesReturn.java:268)
	at sun.reflect.NativeMethodAccessorImpl.invoke0(Native Method)
	at sun.reflect.NativeMethodAccessorImpl.invoke(NativeMethodAccessorImpl.java:62)
	at sun.reflect.DelegatingMethodAccessorImpl.invoke(DelegatingMethodAccessorImpl.java:43)
	at java.lang.reflect.Method.invoke(Method.java:498)
	at org.testng.internal.MethodInvocationHelper.invokeMethod(MethodInvocationHelper.java:108)
	at org.testng.internal.Invoker.invokeMethod(Invoker.java:661)
	at org.testng.internal.Invoker.invokeTestMethod(Invoker.java:869)
	at org.testng.internal.Invoker.invokeTestMethods(Invoker.java:1193)
	at org.testng.internal.TestMethodWorker.invokeTestMethods(TestMethodWorker.java:126)
	at org.testng.internal.TestMethodWorker.run(TestMethodWorker.java:109)
	at org.testng.TestRunner.privateRun(TestRunner.java:744)
	at org.testng.TestRunner.run(TestRunner.java:602)
	at org.testng.SuiteRunner.runTest(SuiteRunner.java:380)
	at org.testng.SuiteRunner.runSequentially(SuiteRunner.java:375)
	at org.testng.SuiteRunner.privateRun(SuiteRunner.java:340)
	at org.testng.SuiteRunner.run(SuiteRunner.java:289)
	at org.testng.SuiteRunnerWorker.runSuite(SuiteRunnerWorker.java:52)
	at org.testng.SuiteRunnerWorker.run(SuiteRunnerWorker.java:86)
	at org.testng.TestNG.runSuitesSequentially(TestNG.java:1301)
	at org.testng.TestNG.runSuitesLocally(TestNG.java:1226)
	at org.testng.TestNG.runSuites(TestNG.java:1144)
	at org.testng.TestNG.run(TestNG.java:1115)
	at org.testng.remote.AbstractRemoteTestNG.run(AbstractRemoteTestNG.java:114)
	at org.testng.remote.RemoteTestNG.initAndRun(RemoteTestNG.java:251)
	at org.testng.remote.RemoteTestNG.main(RemoteTestNG.java:77)
</pre></div></td>
<td>3</td>
<td>com.c2info.EG360_SalesReportsTCs.TC_010_VerifySalesReportForLastWeek_SalesReturn@436e852b</td></tr>
<tr>
<td title='com.c2info.EG360_SalesReportsTCs.TC_013_VerifySalesReportForCurrentQuarter_SalesReturn.verifyBranchwiseSGSTAmount()'><b>verifyBranchwiseSGSTAmount</b><br>Test class: com.c2info.EG360_SalesReportsTCs.TC_013_VerifySalesReportForCurrentQuarter_SalesReturn</td>
<td><div><pre>java.lang.AssertionError: expected [14293.2] but found [0.0]
	at com.c2info.EG360_SalesReportsTCs.TC_013_VerifySalesReportForCurrentQuarter_SalesReturn.verifyBranchwiseSGSTAmount(TC_013_VerifySalesReportForCurrentQuarter_SalesReturn.java:268)
... Removed 30 stack frames</pre></div><a href='#' onClick='toggleBox("stack-trace1576277927", this, "Click to show all stack frames", "Click to hide stack frames")'>Click to show all stack frames</a>
<div class='stack-trace' id='stack-trace1576277927'><pre>java.lang.AssertionError: expected [14293.2] but found [0.0]
	at org.testng.Assert.fail(Assert.java:93)
	at org.testng.Assert.failNotEquals(Assert.java:512)
	at org.testng.Assert.assertEqualsImpl(Assert.java:134)
	at org.testng.Assert.assertEquals(Assert.java:115)
	at org.testng.Assert.assertEquals(Assert.java:178)
	at com.c2info.EG360_SalesReportsTCs.TC_013_VerifySalesReportForCurrentQuarter_SalesReturn.verifyBranchwiseSGSTAmount(TC_013_VerifySalesReportForCurrentQuarter_SalesReturn.java:268)
	at sun.reflect.NativeMethodAccessorImpl.invoke0(Native Method)
	at sun.reflect.NativeMethodAccessorImpl.invoke(NativeMethodAccessorImpl.java:62)
	at sun.reflect.DelegatingMethodAccessorImpl.invoke(DelegatingMethodAccessorImpl.java:43)
	at java.lang.reflect.Method.invoke(Method.java:498)
	at org.testng.internal.MethodInvocationHelper.invokeMethod(MethodInvocationHelper.java:108)
	at org.testng.internal.Invoker.invokeMethod(Invoker.java:661)
	at org.testng.internal.Invoker.invokeTestMethod(Invoker.java:869)
	at org.testng.internal.Invoker.invokeTestMethods(Invoker.java:1193)
	at org.testng.internal.TestMethodWorker.invokeTestMethods(TestMethodWorker.java:126)
	at org.testng.internal.TestMethodWorker.run(TestMethodWorker.java:109)
	at org.testng.TestRunner.privateRun(TestRunner.java:744)
	at org.testng.TestRunner.run(TestRunner.java:602)
	at org.testng.SuiteRunner.runTest(SuiteRunner.java:380)
	at org.testng.SuiteRunner.runSequentially(SuiteRunner.java:375)
	at org.testng.SuiteRunner.privateRun(SuiteRunner.java:340)
	at org.testng.SuiteRunner.run(SuiteRunner.java:289)
	at org.testng.SuiteRunnerWorker.runSuite(SuiteRunnerWorker.java:52)
	at org.testng.SuiteRunnerWorker.run(SuiteRunnerWorker.java:86)
	at org.testng.TestNG.runSuitesSequentially(TestNG.java:1301)
	at org.testng.TestNG.runSuitesLocally(TestNG.java:1226)
	at org.testng.TestNG.runSuites(TestNG.java:1144)
	at org.testng.TestNG.run(TestNG.java:1115)
	at org.testng.remote.AbstractRemoteTestNG.run(AbstractRemoteTestNG.java:114)
	at org.testng.remote.RemoteTestNG.initAndRun(RemoteTestNG.java:251)
	at org.testng.remote.RemoteTestNG.main(RemoteTestNG.java:77)
</pre></div></td>
<td>3</td>
<td>com.c2info.EG360_SalesReportsTCs.TC_013_VerifySalesReportForCurrentQuarter_SalesReturn@3e57cd70</td></tr>
<tr>
<td title='com.c2info.EG360_SalesReportsTCs.TC_014_VerifySalesReportForCurrentYear_SalesReturn.verifyBranchwiseSGSTAmount()'><b>verifyBranchwiseSGSTAmount</b><br>Test class: com.c2info.EG360_SalesReportsTCs.TC_014_VerifySalesReportForCurrentYear_SalesReturn</td>
<td><div><pre>java.lang.AssertionError: expected [18331.31] but found [84308.19]
	at com.c2info.EG360_SalesReportsTCs.TC_014_VerifySalesReportForCurrentYear_SalesReturn.verifyBranchwiseSGSTAmount(TC_014_VerifySalesReportForCurrentYear_SalesReturn.java:268)
... Removed 30 stack frames</pre></div><a href='#' onClick='toggleBox("stack-trace1653751526", this, "Click to show all stack frames", "Click to hide stack frames")'>Click to show all stack frames</a>
<div class='stack-trace' id='stack-trace1653751526'><pre>java.lang.AssertionError: expected [18331.31] but found [84308.19]
	at org.testng.Assert.fail(Assert.java:93)
	at org.testng.Assert.failNotEquals(Assert.java:512)
	at org.testng.Assert.assertEqualsImpl(Assert.java:134)
	at org.testng.Assert.assertEquals(Assert.java:115)
	at org.testng.Assert.assertEquals(Assert.java:178)
	at com.c2info.EG360_SalesReportsTCs.TC_014_VerifySalesReportForCurrentYear_SalesReturn.verifyBranchwiseSGSTAmount(TC_014_VerifySalesReportForCurrentYear_SalesReturn.java:268)
	at sun.reflect.NativeMethodAccessorImpl.invoke0(Native Method)
	at sun.reflect.NativeMethodAccessorImpl.invoke(NativeMethodAccessorImpl.java:62)
	at sun.reflect.DelegatingMethodAccessorImpl.invoke(DelegatingMethodAccessorImpl.java:43)
	at java.lang.reflect.Method.invoke(Method.java:498)
	at org.testng.internal.MethodInvocationHelper.invokeMethod(MethodInvocationHelper.java:108)
	at org.testng.internal.Invoker.invokeMethod(Invoker.java:661)
	at org.testng.internal.Invoker.invokeTestMethod(Invoker.java:869)
	at org.testng.internal.Invoker.invokeTestMethods(Invoker.java:1193)
	at org.testng.internal.TestMethodWorker.invokeTestMethods(TestMethodWorker.java:126)
	at org.testng.internal.TestMethodWorker.run(TestMethodWorker.java:109)
	at org.testng.TestRunner.privateRun(TestRunner.java:744)
	at org.testng.TestRunner.run(TestRunner.java:602)
	at org.testng.SuiteRunner.runTest(SuiteRunner.java:380)
	at org.testng.SuiteRunner.runSequentially(SuiteRunner.java:375)
	at org.testng.SuiteRunner.privateRun(SuiteRunner.java:340)
	at org.testng.SuiteRunner.run(SuiteRunner.java:289)
	at org.testng.SuiteRunnerWorker.runSuite(SuiteRunnerWorker.java:52)
	at org.testng.SuiteRunnerWorker.run(SuiteRunnerWorker.java:86)
	at org.testng.TestNG.runSuitesSequentially(TestNG.java:1301)
	at org.testng.TestNG.runSuitesLocally(TestNG.java:1226)
	at org.testng.TestNG.runSuites(TestNG.java:1144)
	at org.testng.TestNG.run(TestNG.java:1115)
	at org.testng.remote.AbstractRemoteTestNG.run(AbstractRemoteTestNG.java:114)
	at org.testng.remote.RemoteTestNG.initAndRun(RemoteTestNG.java:251)
	at org.testng.remote.RemoteTestNG.main(RemoteTestNG.java:77)
</pre></div></td>
<td>3</td>
<td>com.c2info.EG360_SalesReportsTCs.TC_014_VerifySalesReportForCurrentYear_SalesReturn@9a7504c</td></tr>
<tr>
<td title='com.c2info.EG360_SalesReportsTCs.TC_009_VerifySalesReportForYesterday_SalesReturn.verifyBranchwiseTaxAmount()'><b>verifyBranchwiseTaxAmount</b><br>Test class: com.c2info.EG360_SalesReportsTCs.TC_009_VerifySalesReportForYesterday_SalesReturn</td>
<td><div><pre>java.lang.AssertionError: expected [5887.38] but found [5869.93]
	at com.c2info.EG360_SalesReportsTCs.TC_009_VerifySalesReportForYesterday_SalesReturn.verifyBranchwiseTaxAmount(TC_009_VerifySalesReportForYesterday_SalesReturn.java:231)
... Removed 30 stack frames</pre></div><a href='#' onClick='toggleBox("stack-trace1639765351", this, "Click to show all stack frames", "Click to hide stack frames")'>Click to show all stack frames</a>
<div class='stack-trace' id='stack-trace1639765351'><pre>java.lang.AssertionError: expected [5887.38] but found [5869.93]
	at org.testng.Assert.fail(Assert.java:93)
	at org.testng.Assert.failNotEquals(Assert.java:512)
	at org.testng.Assert.assertEqualsImpl(Assert.java:134)
	at org.testng.Assert.assertEquals(Assert.java:115)
	at org.testng.Assert.assertEquals(Assert.java:178)
	at com.c2info.EG360_SalesReportsTCs.TC_009_VerifySalesReportForYesterday_SalesReturn.verifyBranchwiseTaxAmount(TC_009_VerifySalesReportForYesterday_SalesReturn.java:231)
	at sun.reflect.NativeMethodAccessorImpl.invoke0(Native Method)
	at sun.reflect.NativeMethodAccessorImpl.invoke(NativeMethodAccessorImpl.java:62)
	at sun.reflect.DelegatingMethodAccessorImpl.invoke(DelegatingMethodAccessorImpl.java:43)
	at java.lang.reflect.Method.invoke(Method.java:498)
	at org.testng.internal.MethodInvocationHelper.invokeMethod(MethodInvocationHelper.java:108)
	at org.testng.internal.Invoker.invokeMethod(Invoker.java:661)
	at org.testng.internal.Invoker.invokeTestMethod(Invoker.java:869)
	at org.testng.internal.Invoker.invokeTestMethods(Invoker.java:1193)
	at org.testng.internal.TestMethodWorker.invokeTestMethods(TestMethodWorker.java:126)
	at org.testng.internal.TestMethodWorker.run(TestMethodWorker.java:109)
	at org.testng.TestRunner.privateRun(TestRunner.java:744)
	at org.testng.TestRunner.run(TestRunner.java:602)
	at org.testng.SuiteRunner.runTest(SuiteRunner.java:380)
	at org.testng.SuiteRunner.runSequentially(SuiteRunner.java:375)
	at org.testng.SuiteRunner.privateRun(SuiteRunner.java:340)
	at org.testng.SuiteRunner.run(SuiteRunner.java:289)
	at org.testng.SuiteRunnerWorker.runSuite(SuiteRunnerWorker.java:52)
	at org.testng.SuiteRunnerWorker.run(SuiteRunnerWorker.java:86)
	at org.testng.TestNG.runSuitesSequentially(TestNG.java:1301)
	at org.testng.TestNG.runSuitesLocally(TestNG.java:1226)
	at org.testng.TestNG.runSuites(TestNG.java:1144)
	at org.testng.TestNG.run(TestNG.java:1115)
	at org.testng.remote.AbstractRemoteTestNG.run(AbstractRemoteTestNG.java:114)
	at org.testng.remote.RemoteTestNG.initAndRun(RemoteTestNG.java:251)
	at org.testng.remote.RemoteTestNG.main(RemoteTestNG.java:77)
</pre></div></td>
<td>3</td>
<td>com.c2info.EG360_SalesReportsTCs.TC_009_VerifySalesReportForYesterday_SalesReturn@27808f31</td></tr>
<tr>
<td title='com.c2info.EG360_SalesReportsTCs.TC_010_VerifySalesReportForLastWeek_SalesReturn.verifyBranchwiseTaxAmount()'><b>verifyBranchwiseTaxAmount</b><br>Test class: com.c2info.EG360_SalesReportsTCs.TC_010_VerifySalesReportForLastWeek_SalesReturn</td>
<td><div><pre>java.lang.AssertionError: expected [21321.21] but found [32493.97]
	at com.c2info.EG360_SalesReportsTCs.TC_010_VerifySalesReportForLastWeek_SalesReturn.verifyBranchwiseTaxAmount(TC_010_VerifySalesReportForLastWeek_SalesReturn.java:218)
... Removed 30 stack frames</pre></div><a href='#' onClick='toggleBox("stack-trace616412281", this, "Click to show all stack frames", "Click to hide stack frames")'>Click to show all stack frames</a>
<div class='stack-trace' id='stack-trace616412281'><pre>java.lang.AssertionError: expected [21321.21] but found [32493.97]
	at org.testng.Assert.fail(Assert.java:93)
	at org.testng.Assert.failNotEquals(Assert.java:512)
	at org.testng.Assert.assertEqualsImpl(Assert.java:134)
	at org.testng.Assert.assertEquals(Assert.java:115)
	at org.testng.Assert.assertEquals(Assert.java:178)
	at com.c2info.EG360_SalesReportsTCs.TC_010_VerifySalesReportForLastWeek_SalesReturn.verifyBranchwiseTaxAmount(TC_010_VerifySalesReportForLastWeek_SalesReturn.java:218)
	at sun.reflect.NativeMethodAccessorImpl.invoke0(Native Method)
	at sun.reflect.NativeMethodAccessorImpl.invoke(NativeMethodAccessorImpl.java:62)
	at sun.reflect.DelegatingMethodAccessorImpl.invoke(DelegatingMethodAccessorImpl.java:43)
	at java.lang.reflect.Method.invoke(Method.java:498)
	at org.testng.internal.MethodInvocationHelper.invokeMethod(MethodInvocationHelper.java:108)
	at org.testng.internal.Invoker.invokeMethod(Invoker.java:661)
	at org.testng.internal.Invoker.invokeTestMethod(Invoker.java:869)
	at org.testng.internal.Invoker.invokeTestMethods(Invoker.java:1193)
	at org.testng.internal.TestMethodWorker.invokeTestMethods(TestMethodWorker.java:126)
	at org.testng.internal.TestMethodWorker.run(TestMethodWorker.java:109)
	at org.testng.TestRunner.privateRun(TestRunner.java:744)
	at org.testng.TestRunner.run(TestRunner.java:602)
	at org.testng.SuiteRunner.runTest(SuiteRunner.java:380)
	at org.testng.SuiteRunner.runSequentially(SuiteRunner.java:375)
	at org.testng.SuiteRunner.privateRun(SuiteRunner.java:340)
	at org.testng.SuiteRunner.run(SuiteRunner.java:289)
	at org.testng.SuiteRunnerWorker.runSuite(SuiteRunnerWorker.java:52)
	at org.testng.SuiteRunnerWorker.run(SuiteRunnerWorker.java:86)
	at org.testng.TestNG.runSuitesSequentially(TestNG.java:1301)
	at org.testng.TestNG.runSuitesLocally(TestNG.java:1226)
	at org.testng.TestNG.runSuites(TestNG.java:1144)
	at org.testng.TestNG.run(TestNG.java:1115)
	at org.testng.remote.AbstractRemoteTestNG.run(AbstractRemoteTestNG.java:114)
	at org.testng.remote.RemoteTestNG.initAndRun(RemoteTestNG.java:251)
	at org.testng.remote.RemoteTestNG.main(RemoteTestNG.java:77)
</pre></div></td>
<td>3</td>
<td>com.c2info.EG360_SalesReportsTCs.TC_010_VerifySalesReportForLastWeek_SalesReturn@436e852b</td></tr>
<tr>
<td title='com.c2info.EG360_SalesReportsTCs.TC_011_VerifySalesReportForCurrentMonth_SalesReturn.verifyBranchwiseTaxAmount()'><b>verifyBranchwiseTaxAmount</b><br>Test class: com.c2info.EG360_SalesReportsTCs.TC_011_VerifySalesReportForCurrentMonth_SalesReturn</td>
<td><div><pre>java.lang.AssertionError: expected [27587.76] but found [27549.14]
	at com.c2info.EG360_SalesReportsTCs.TC_011_VerifySalesReportForCurrentMonth_SalesReturn.verifyBranchwiseTaxAmount(TC_011_VerifySalesReportForCurrentMonth_SalesReturn.java:218)
... Removed 30 stack frames</pre></div><a href='#' onClick='toggleBox("stack-trace635288507", this, "Click to show all stack frames", "Click to hide stack frames")'>Click to show all stack frames</a>
<div class='stack-trace' id='stack-trace635288507'><pre>java.lang.AssertionError: expected [27587.76] but found [27549.14]
	at org.testng.Assert.fail(Assert.java:93)
	at org.testng.Assert.failNotEquals(Assert.java:512)
	at org.testng.Assert.assertEqualsImpl(Assert.java:134)
	at org.testng.Assert.assertEquals(Assert.java:115)
	at org.testng.Assert.assertEquals(Assert.java:178)
	at com.c2info.EG360_SalesReportsTCs.TC_011_VerifySalesReportForCurrentMonth_SalesReturn.verifyBranchwiseTaxAmount(TC_011_VerifySalesReportForCurrentMonth_SalesReturn.java:218)
	at sun.reflect.NativeMethodAccessorImpl.invoke0(Native Method)
	at sun.reflect.NativeMethodAccessorImpl.invoke(NativeMethodAccessorImpl.java:62)
	at sun.reflect.DelegatingMethodAccessorImpl.invoke(DelegatingMethodAccessorImpl.java:43)
	at java.lang.reflect.Method.invoke(Method.java:498)
	at org.testng.internal.MethodInvocationHelper.invokeMethod(MethodInvocationHelper.java:108)
	at org.testng.internal.Invoker.invokeMethod(Invoker.java:661)
	at org.testng.internal.Invoker.invokeTestMethod(Invoker.java:869)
	at org.testng.internal.Invoker.invokeTestMethods(Invoker.java:1193)
	at org.testng.internal.TestMethodWorker.invokeTestMethods(TestMethodWorker.java:126)
	at org.testng.internal.TestMethodWorker.run(TestMethodWorker.java:109)
	at org.testng.TestRunner.privateRun(TestRunner.java:744)
	at org.testng.TestRunner.run(TestRunner.java:602)
	at org.testng.SuiteRunner.runTest(SuiteRunner.java:380)
	at org.testng.SuiteRunner.runSequentially(SuiteRunner.java:375)
	at org.testng.SuiteRunner.privateRun(SuiteRunner.java:340)
	at org.testng.SuiteRunner.run(SuiteRunner.java:289)
	at org.testng.SuiteRunnerWorker.runSuite(SuiteRunnerWorker.java:52)
	at org.testng.SuiteRunnerWorker.run(SuiteRunnerWorker.java:86)
	at org.testng.TestNG.runSuitesSequentially(TestNG.java:1301)
	at org.testng.TestNG.runSuitesLocally(TestNG.java:1226)
	at org.testng.TestNG.runSuites(TestNG.java:1144)
	at org.testng.TestNG.run(TestNG.java:1115)
	at org.testng.remote.AbstractRemoteTestNG.run(AbstractRemoteTestNG.java:114)
	at org.testng.remote.RemoteTestNG.initAndRun(RemoteTestNG.java:251)
	at org.testng.remote.RemoteTestNG.main(RemoteTestNG.java:77)
</pre></div></td>
<td>2</td>
<td>com.c2info.EG360_SalesReportsTCs.TC_011_VerifySalesReportForCurrentMonth_SalesReturn@32d2fa64</td></tr>
<tr>
<td title='com.c2info.EG360_SalesReportsTCs.TC_012_VerifySalesReportForLastMonth_SalesReturn.verifyBranchwiseTaxAmount()'><b>verifyBranchwiseTaxAmount</b><br>Test class: com.c2info.EG360_SalesReportsTCs.TC_012_VerifySalesReportForLastMonth_SalesReturn</td>
<td><div><pre>java.lang.AssertionError: expected [28592.76] but found [28586.4]
	at com.c2info.EG360_SalesReportsTCs.TC_012_VerifySalesReportForLastMonth_SalesReturn.verifyBranchwiseTaxAmount(TC_012_VerifySalesReportForLastMonth_SalesReturn.java:218)
... Removed 30 stack frames</pre></div><a href='#' onClick='toggleBox("stack-trace1784834205", this, "Click to show all stack frames", "Click to hide stack frames")'>Click to show all stack frames</a>
<div class='stack-trace' id='stack-trace1784834205'><pre>java.lang.AssertionError: expected [28592.76] but found [28586.4]
	at org.testng.Assert.fail(Assert.java:93)
	at org.testng.Assert.failNotEquals(Assert.java:512)
	at org.testng.Assert.assertEqualsImpl(Assert.java:134)
	at org.testng.Assert.assertEquals(Assert.java:115)
	at org.testng.Assert.assertEquals(Assert.java:178)
	at com.c2info.EG360_SalesReportsTCs.TC_012_VerifySalesReportForLastMonth_SalesReturn.verifyBranchwiseTaxAmount(TC_012_VerifySalesReportForLastMonth_SalesReturn.java:218)
	at sun.reflect.NativeMethodAccessorImpl.invoke0(Native Method)
	at sun.reflect.NativeMethodAccessorImpl.invoke(NativeMethodAccessorImpl.java:62)
	at sun.reflect.DelegatingMethodAccessorImpl.invoke(DelegatingMethodAccessorImpl.java:43)
	at java.lang.reflect.Method.invoke(Method.java:498)
	at org.testng.internal.MethodInvocationHelper.invokeMethod(MethodInvocationHelper.java:108)
	at org.testng.internal.Invoker.invokeMethod(Invoker.java:661)
	at org.testng.internal.Invoker.invokeTestMethod(Invoker.java:869)
	at org.testng.internal.Invoker.invokeTestMethods(Invoker.java:1193)
	at org.testng.internal.TestMethodWorker.invokeTestMethods(TestMethodWorker.java:126)
	at org.testng.internal.TestMethodWorker.run(TestMethodWorker.java:109)
	at org.testng.TestRunner.privateRun(TestRunner.java:744)
	at org.testng.TestRunner.run(TestRunner.java:602)
	at org.testng.SuiteRunner.runTest(SuiteRunner.java:380)
	at org.testng.SuiteRunner.runSequentially(SuiteRunner.java:375)
	at org.testng.SuiteRunner.privateRun(SuiteRunner.java:340)
	at org.testng.SuiteRunner.run(SuiteRunner.java:289)
	at org.testng.SuiteRunnerWorker.runSuite(SuiteRunnerWorker.java:52)
	at org.testng.SuiteRunnerWorker.run(SuiteRunnerWorker.java:86)
	at org.testng.TestNG.runSuitesSequentially(TestNG.java:1301)
	at org.testng.TestNG.runSuitesLocally(TestNG.java:1226)
	at org.testng.TestNG.runSuites(TestNG.java:1144)
	at org.testng.TestNG.run(TestNG.java:1115)
	at org.testng.remote.AbstractRemoteTestNG.run(AbstractRemoteTestNG.java:114)
	at org.testng.remote.RemoteTestNG.initAndRun(RemoteTestNG.java:251)
	at org.testng.remote.RemoteTestNG.main(RemoteTestNG.java:77)
</pre></div></td>
<td>3</td>
<td>com.c2info.EG360_SalesReportsTCs.TC_012_VerifySalesReportForLastMonth_SalesReturn@1d8d30f7</td></tr>
<tr>
<td title='com.c2info.EG360_SalesReportsTCs.TC_013_VerifySalesReportForCurrentQuarter_SalesReturn.verifyBranchwiseTaxAmount()'><b>verifyBranchwiseTaxAmount</b><br>Test class: com.c2info.EG360_SalesReportsTCs.TC_013_VerifySalesReportForCurrentQuarter_SalesReturn</td>
<td><div><pre>java.lang.AssertionError: expected [28592.76] but found [0.0]
	at com.c2info.EG360_SalesReportsTCs.TC_013_VerifySalesReportForCurrentQuarter_SalesReturn.verifyBranchwiseTaxAmount(TC_013_VerifySalesReportForCurrentQuarter_SalesReturn.java:218)
... Removed 30 stack frames</pre></div><a href='#' onClick='toggleBox("stack-trace798278875", this, "Click to show all stack frames", "Click to hide stack frames")'>Click to show all stack frames</a>
<div class='stack-trace' id='stack-trace798278875'><pre>java.lang.AssertionError: expected [28592.76] but found [0.0]
	at org.testng.Assert.fail(Assert.java:93)
	at org.testng.Assert.failNotEquals(Assert.java:512)
	at org.testng.Assert.assertEqualsImpl(Assert.java:134)
	at org.testng.Assert.assertEquals(Assert.java:115)
	at org.testng.Assert.assertEquals(Assert.java:178)
	at com.c2info.EG360_SalesReportsTCs.TC_013_VerifySalesReportForCurrentQuarter_SalesReturn.verifyBranchwiseTaxAmount(TC_013_VerifySalesReportForCurrentQuarter_SalesReturn.java:218)
	at sun.reflect.NativeMethodAccessorImpl.invoke0(Native Method)
	at sun.reflect.NativeMethodAccessorImpl.invoke(NativeMethodAccessorImpl.java:62)
	at sun.reflect.DelegatingMethodAccessorImpl.invoke(DelegatingMethodAccessorImpl.java:43)
	at java.lang.reflect.Method.invoke(Method.java:498)
	at org.testng.internal.MethodInvocationHelper.invokeMethod(MethodInvocationHelper.java:108)
	at org.testng.internal.Invoker.invokeMethod(Invoker.java:661)
	at org.testng.internal.Invoker.invokeTestMethod(Invoker.java:869)
	at org.testng.internal.Invoker.invokeTestMethods(Invoker.java:1193)
	at org.testng.internal.TestMethodWorker.invokeTestMethods(TestMethodWorker.java:126)
	at org.testng.internal.TestMethodWorker.run(TestMethodWorker.java:109)
	at org.testng.TestRunner.privateRun(TestRunner.java:744)
	at org.testng.TestRunner.run(TestRunner.java:602)
	at org.testng.SuiteRunner.runTest(SuiteRunner.java:380)
	at org.testng.SuiteRunner.runSequentially(SuiteRunner.java:375)
	at org.testng.SuiteRunner.privateRun(SuiteRunner.java:340)
	at org.testng.SuiteRunner.run(SuiteRunner.java:289)
	at org.testng.SuiteRunnerWorker.runSuite(SuiteRunnerWorker.java:52)
	at org.testng.SuiteRunnerWorker.run(SuiteRunnerWorker.java:86)
	at org.testng.TestNG.runSuitesSequentially(TestNG.java:1301)
	at org.testng.TestNG.runSuitesLocally(TestNG.java:1226)
	at org.testng.TestNG.runSuites(TestNG.java:1144)
	at org.testng.TestNG.run(TestNG.java:1115)
	at org.testng.remote.AbstractRemoteTestNG.run(AbstractRemoteTestNG.java:114)
	at org.testng.remote.RemoteTestNG.initAndRun(RemoteTestNG.java:251)
	at org.testng.remote.RemoteTestNG.main(RemoteTestNG.java:77)
</pre></div></td>
<td>3</td>
<td>com.c2info.EG360_SalesReportsTCs.TC_013_VerifySalesReportForCurrentQuarter_SalesReturn@3e57cd70</td></tr>
<tr>
<td title='com.c2info.EG360_SalesReportsTCs.TC_014_VerifySalesReportForCurrentYear_SalesReturn.verifyBranchwiseTaxAmount()'><b>verifyBranchwiseTaxAmount</b><br>Test class: com.c2info.EG360_SalesReportsTCs.TC_014_VerifySalesReportForCurrentYear_SalesReturn</td>
<td><div><pre>java.lang.AssertionError: expected [36772.77] but found [0.0]
	at com.c2info.EG360_SalesReportsTCs.TC_014_VerifySalesReportForCurrentYear_SalesReturn.verifyBranchwiseTaxAmount(TC_014_VerifySalesReportForCurrentYear_SalesReturn.java:218)
... Removed 30 stack frames</pre></div><a href='#' onClick='toggleBox("stack-trace26357357", this, "Click to show all stack frames", "Click to hide stack frames")'>Click to show all stack frames</a>
<div class='stack-trace' id='stack-trace26357357'><pre>java.lang.AssertionError: expected [36772.77] but found [0.0]
	at org.testng.Assert.fail(Assert.java:93)
	at org.testng.Assert.failNotEquals(Assert.java:512)
	at org.testng.Assert.assertEqualsImpl(Assert.java:134)
	at org.testng.Assert.assertEquals(Assert.java:115)
	at org.testng.Assert.assertEquals(Assert.java:178)
	at com.c2info.EG360_SalesReportsTCs.TC_014_VerifySalesReportForCurrentYear_SalesReturn.verifyBranchwiseTaxAmount(TC_014_VerifySalesReportForCurrentYear_SalesReturn.java:218)
	at sun.reflect.NativeMethodAccessorImpl.invoke0(Native Method)
	at sun.reflect.NativeMethodAccessorImpl.invoke(NativeMethodAccessorImpl.java:62)
	at sun.reflect.DelegatingMethodAccessorImpl.invoke(DelegatingMethodAccessorImpl.java:43)
	at java.lang.reflect.Method.invoke(Method.java:498)
	at org.testng.internal.MethodInvocationHelper.invokeMethod(MethodInvocationHelper.java:108)
	at org.testng.internal.Invoker.invokeMethod(Invoker.java:661)
	at org.testng.internal.Invoker.invokeTestMethod(Invoker.java:869)
	at org.testng.internal.Invoker.invokeTestMethods(Invoker.java:1193)
	at org.testng.internal.TestMethodWorker.invokeTestMethods(TestMethodWorker.java:126)
	at org.testng.internal.TestMethodWorker.run(TestMethodWorker.java:109)
	at org.testng.TestRunner.privateRun(TestRunner.java:744)
	at org.testng.TestRunner.run(TestRunner.java:602)
	at org.testng.SuiteRunner.runTest(SuiteRunner.java:380)
	at org.testng.SuiteRunner.runSequentially(SuiteRunner.java:375)
	at org.testng.SuiteRunner.privateRun(SuiteRunner.java:340)
	at org.testng.SuiteRunner.run(SuiteRunner.java:289)
	at org.testng.SuiteRunnerWorker.runSuite(SuiteRunnerWorker.java:52)
	at org.testng.SuiteRunnerWorker.run(SuiteRunnerWorker.java:86)
	at org.testng.TestNG.runSuitesSequentially(TestNG.java:1301)
	at org.testng.TestNG.runSuitesLocally(TestNG.java:1226)
	at org.testng.TestNG.runSuites(TestNG.java:1144)
	at org.testng.TestNG.run(TestNG.java:1115)
	at org.testng.remote.AbstractRemoteTestNG.run(AbstractRemoteTestNG.java:114)
	at org.testng.remote.RemoteTestNG.initAndRun(RemoteTestNG.java:251)
	at org.testng.remote.RemoteTestNG.main(RemoteTestNG.java:77)
</pre></div></td>
<td>3</td>
<td>com.c2info.EG360_SalesReportsTCs.TC_014_VerifySalesReportForCurrentYear_SalesReturn@9a7504c</td></tr>
</table><p>
<table width='100%' border='1' class='invocation-passed'>
<tr><td colspan='4' align='center'><b>PASSED TESTS</b></td></tr>
<tr><td><b>Test method</b></td>
<td width="30%"><b>Exception</b></td>
<td width="10%"><b>Time (seconds)</b></td>
<td><b>Instance</b></td>
</tr>
<tr>
<td title='com.c2info.EG360_SalesReportsTCs.TC_008_VerifySalesReportForToday_SalesReturn.verifyBranchName()'><b>verifyBranchName</b><br>Test class: com.c2info.EG360_SalesReportsTCs.TC_008_VerifySalesReportForToday_SalesReturn</td>
<td></td>
<td>29</td>
<td>com.c2info.EG360_SalesReportsTCs.TC_008_VerifySalesReportForToday_SalesReturn@37d31475</td></tr>
<tr>
<td title='com.c2info.EG360_SalesReportsTCs.TC_009_VerifySalesReportForYesterday_SalesReturn.verifyBranchName()'><b>verifyBranchName</b><br>Test class: com.c2info.EG360_SalesReportsTCs.TC_009_VerifySalesReportForYesterday_SalesReturn</td>
<td></td>
<td>28</td>
<td>com.c2info.EG360_SalesReportsTCs.TC_009_VerifySalesReportForYesterday_SalesReturn@27808f31</td></tr>
<tr>
<td title='com.c2info.EG360_SalesReportsTCs.TC_010_VerifySalesReportForLastWeek_SalesReturn.verifyBranchName()'><b>verifyBranchName</b><br>Test class: com.c2info.EG360_SalesReportsTCs.TC_010_VerifySalesReportForLastWeek_SalesReturn</td>
<td></td>
<td>26</td>
<td>com.c2info.EG360_SalesReportsTCs.TC_010_VerifySalesReportForLastWeek_SalesReturn@436e852b</td></tr>
<tr>
<td title='com.c2info.EG360_SalesReportsTCs.TC_011_VerifySalesReportForCurrentMonth_SalesReturn.verifyBranchName()'><b>verifyBranchName</b><br>Test class: com.c2info.EG360_SalesReportsTCs.TC_011_VerifySalesReportForCurrentMonth_SalesReturn</td>
<td></td>
<td>29</td>
<td>com.c2info.EG360_SalesReportsTCs.TC_011_VerifySalesReportForCurrentMonth_SalesReturn@32d2fa64</td></tr>
<tr>
<td title='com.c2info.EG360_SalesReportsTCs.TC_012_VerifySalesReportForLastMonth_SalesReturn.verifyBranchName()'><b>verifyBranchName</b><br>Test class: com.c2info.EG360_SalesReportsTCs.TC_012_VerifySalesReportForLastMonth_SalesReturn</td>
<td></td>
<td>29</td>
<td>com.c2info.EG360_SalesReportsTCs.TC_012_VerifySalesReportForLastMonth_SalesReturn@1d8d30f7</td></tr>
<tr>
<td title='com.c2info.EG360_SalesReportsTCs.TC_013_VerifySalesReportForCurrentQuarter_SalesReturn.verifyBranchName()'><b>verifyBranchName</b><br>Test class: com.c2info.EG360_SalesReportsTCs.TC_013_VerifySalesReportForCurrentQuarter_SalesReturn</td>
<td></td>
<td>33</td>
<td>com.c2info.EG360_SalesReportsTCs.TC_013_VerifySalesReportForCurrentQuarter_SalesReturn@3e57cd70</td></tr>
<tr>
<td title='com.c2info.EG360_SalesReportsTCs.TC_014_VerifySalesReportForCurrentYear_SalesReturn.verifyBranchName()'><b>verifyBranchName</b><br>Test class: com.c2info.EG360_SalesReportsTCs.TC_014_VerifySalesReportForCurrentYear_SalesReturn</td>
<td></td>
<td>32</td>
<td>com.c2info.EG360_SalesReportsTCs.TC_014_VerifySalesReportForCurrentYear_SalesReturn@9a7504c</td></tr>
<tr>
<td title='com.c2info.EG360_SalesReportsTCs.TC_008_VerifySalesReportForToday_SalesReturn.verifyBranchShortName()'><b>verifyBranchShortName</b><br>Test class: com.c2info.EG360_SalesReportsTCs.TC_008_VerifySalesReportForToday_SalesReturn</td>
<td></td>
<td>6</td>
<td>com.c2info.EG360_SalesReportsTCs.TC_008_VerifySalesReportForToday_SalesReturn@37d31475</td></tr>
<tr>
<td title='com.c2info.EG360_SalesReportsTCs.TC_009_VerifySalesReportForYesterday_SalesReturn.verifyBranchShortName()'><b>verifyBranchShortName</b><br>Test class: com.c2info.EG360_SalesReportsTCs.TC_009_VerifySalesReportForYesterday_SalesReturn</td>
<td></td>
<td>7</td>
<td>com.c2info.EG360_SalesReportsTCs.TC_009_VerifySalesReportForYesterday_SalesReturn@27808f31</td></tr>
<tr>
<td title='com.c2info.EG360_SalesReportsTCs.TC_010_VerifySalesReportForLastWeek_SalesReturn.verifyBranchShortName()'><b>verifyBranchShortName</b><br>Test class: com.c2info.EG360_SalesReportsTCs.TC_010_VerifySalesReportForLastWeek_SalesReturn</td>
<td></td>
<td>5</td>
<td>com.c2info.EG360_SalesReportsTCs.TC_010_VerifySalesReportForLastWeek_SalesReturn@436e852b</td></tr>
<tr>
<td title='com.c2info.EG360_SalesReportsTCs.TC_011_VerifySalesReportForCurrentMonth_SalesReturn.verifyBranchShortName()'><b>verifyBranchShortName</b><br>Test class: com.c2info.EG360_SalesReportsTCs.TC_011_VerifySalesReportForCurrentMonth_SalesReturn</td>
<td></td>
<td>6</td>
<td>com.c2info.EG360_SalesReportsTCs.TC_011_VerifySalesReportForCurrentMonth_SalesReturn@32d2fa64</td></tr>
<tr>
<td title='com.c2info.EG360_SalesReportsTCs.TC_012_VerifySalesReportForLastMonth_SalesReturn.verifyBranchShortName()'><b>verifyBranchShortName</b><br>Test class: com.c2info.EG360_SalesReportsTCs.TC_012_VerifySalesReportForLastMonth_SalesReturn</td>
<td></td>
<td>7</td>
<td>com.c2info.EG360_SalesReportsTCs.TC_012_VerifySalesReportForLastMonth_SalesReturn@1d8d30f7</td></tr>
<tr>
<td title='com.c2info.EG360_SalesReportsTCs.TC_013_VerifySalesReportForCurrentQuarter_SalesReturn.verifyBranchShortName()'><b>verifyBranchShortName</b><br>Test class: com.c2info.EG360_SalesReportsTCs.TC_013_VerifySalesReportForCurrentQuarter_SalesReturn</td>
<td></td>
<td>4</td>
<td>com.c2info.EG360_SalesReportsTCs.TC_013_VerifySalesReportForCurrentQuarter_SalesReturn@3e57cd70</td></tr>
<tr>
<td title='com.c2info.EG360_SalesReportsTCs.TC_014_VerifySalesReportForCurrentYear_SalesReturn.verifyBranchShortName()'><b>verifyBranchShortName</b><br>Test class: com.c2info.EG360_SalesReportsTCs.TC_014_VerifySalesReportForCurrentYear_SalesReturn</td>
<td></td>
<td>2</td>
<td>com.c2info.EG360_SalesReportsTCs.TC_014_VerifySalesReportForCurrentYear_SalesReturn@9a7504c</td></tr>
<tr>
<td title='com.c2info.EG360_SalesReportsTCs.TC_008_VerifySalesReportForToday_SalesReturn.verifyBranchWiseNumberOfInvoices()'><b>verifyBranchWiseNumberOfInvoices</b><br>Test class: com.c2info.EG360_SalesReportsTCs.TC_008_VerifySalesReportForToday_SalesReturn</td>
<td></td>
<td>6</td>
<td>com.c2info.EG360_SalesReportsTCs.TC_008_VerifySalesReportForToday_SalesReturn@37d31475</td></tr>
<tr>
<td title='com.c2info.EG360_SalesReportsTCs.TC_009_VerifySalesReportForYesterday_SalesReturn.verifyBranchWiseNumberOfInvoices()'><b>verifyBranchWiseNumberOfInvoices</b><br>Test class: com.c2info.EG360_SalesReportsTCs.TC_009_VerifySalesReportForYesterday_SalesReturn</td>
<td></td>
<td>6</td>
<td>com.c2info.EG360_SalesReportsTCs.TC_009_VerifySalesReportForYesterday_SalesReturn@27808f31</td></tr>
<tr>
<td title='com.c2info.EG360_SalesReportsTCs.TC_011_VerifySalesReportForCurrentMonth_SalesReturn.verifyBranchWiseNumberOfInvoices()'><b>verifyBranchWiseNumberOfInvoices</b><br>Test class: com.c2info.EG360_SalesReportsTCs.TC_011_VerifySalesReportForCurrentMonth_SalesReturn</td>
<td></td>
<td>6</td>
<td>com.c2info.EG360_SalesReportsTCs.TC_011_VerifySalesReportForCurrentMonth_SalesReturn@32d2fa64</td></tr>
<tr>
<td title='com.c2info.EG360_SalesReportsTCs.TC_012_VerifySalesReportForLastMonth_SalesReturn.verifyBranchWiseNumberOfInvoices()'><b>verifyBranchWiseNumberOfInvoices</b><br>Test class: com.c2info.EG360_SalesReportsTCs.TC_012_VerifySalesReportForLastMonth_SalesReturn</td>
<td></td>
<td>6</td>
<td>com.c2info.EG360_SalesReportsTCs.TC_012_VerifySalesReportForLastMonth_SalesReturn@1d8d30f7</td></tr>
<tr>
<td title='com.c2info.EG360_SalesReportsTCs.TC_008_VerifySalesReportForToday_SalesReturn.verifyBranchwiseCGSTAmount()'><b>verifyBranchwiseCGSTAmount</b><br>Test class: com.c2info.EG360_SalesReportsTCs.TC_008_VerifySalesReportForToday_SalesReturn</td>
<td></td>
<td>6</td>
<td>com.c2info.EG360_SalesReportsTCs.TC_008_VerifySalesReportForToday_SalesReturn@37d31475</td></tr>
<tr>
<td title='com.c2info.EG360_SalesReportsTCs.TC_009_VerifySalesReportForYesterday_SalesReturn.verifyBranchwiseCGSTAmount()'><b>verifyBranchwiseCGSTAmount</b><br>Test class: com.c2info.EG360_SalesReportsTCs.TC_009_VerifySalesReportForYesterday_SalesReturn</td>
<td></td>
<td>6</td>
<td>com.c2info.EG360_SalesReportsTCs.TC_009_VerifySalesReportForYesterday_SalesReturn@27808f31</td></tr>
<tr>
<td title='com.c2info.EG360_SalesReportsTCs.TC_011_VerifySalesReportForCurrentMonth_SalesReturn.verifyBranchwiseCGSTAmount()'><b>verifyBranchwiseCGSTAmount</b><br>Test class: com.c2info.EG360_SalesReportsTCs.TC_011_VerifySalesReportForCurrentMonth_SalesReturn</td>
<td></td>
<td>6</td>
<td>com.c2info.EG360_SalesReportsTCs.TC_011_VerifySalesReportForCurrentMonth_SalesReturn@32d2fa64</td></tr>
<tr>
<td title='com.c2info.EG360_SalesReportsTCs.TC_012_VerifySalesReportForLastMonth_SalesReturn.verifyBranchwiseCGSTAmount()'><b>verifyBranchwiseCGSTAmount</b><br>Test class: com.c2info.EG360_SalesReportsTCs.TC_012_VerifySalesReportForLastMonth_SalesReturn</td>
<td></td>
<td>6</td>
<td>com.c2info.EG360_SalesReportsTCs.TC_012_VerifySalesReportForLastMonth_SalesReturn@1d8d30f7</td></tr>
<tr>
<td title='com.c2info.EG360_SalesReportsTCs.TC_008_VerifySalesReportForToday_SalesReturn.verifyBranchwiseCessAmount()'><b>verifyBranchwiseCessAmount</b><br>Test class: com.c2info.EG360_SalesReportsTCs.TC_008_VerifySalesReportForToday_SalesReturn</td>
<td></td>
<td>7</td>
<td>com.c2info.EG360_SalesReportsTCs.TC_008_VerifySalesReportForToday_SalesReturn@37d31475</td></tr>
<tr>
<td title='com.c2info.EG360_SalesReportsTCs.TC_009_VerifySalesReportForYesterday_SalesReturn.verifyBranchwiseCessAmount()'><b>verifyBranchwiseCessAmount</b><br>Test class: com.c2info.EG360_SalesReportsTCs.TC_009_VerifySalesReportForYesterday_SalesReturn</td>
<td></td>
<td>6</td>
<td>com.c2info.EG360_SalesReportsTCs.TC_009_VerifySalesReportForYesterday_SalesReturn@27808f31</td></tr>
<tr>
<td title='com.c2info.EG360_SalesReportsTCs.TC_010_VerifySalesReportForLastWeek_SalesReturn.verifyBranchwiseCessAmount()'><b>verifyBranchwiseCessAmount</b><br>Test class: com.c2info.EG360_SalesReportsTCs.TC_010_VerifySalesReportForLastWeek_SalesReturn</td>
<td></td>
<td>4</td>
<td>com.c2info.EG360_SalesReportsTCs.TC_010_VerifySalesReportForLastWeek_SalesReturn@436e852b</td></tr>
<tr>
<td title='com.c2info.EG360_SalesReportsTCs.TC_011_VerifySalesReportForCurrentMonth_SalesReturn.verifyBranchwiseCessAmount()'><b>verifyBranchwiseCessAmount</b><br>Test class: com.c2info.EG360_SalesReportsTCs.TC_011_VerifySalesReportForCurrentMonth_SalesReturn</td>
<td></td>
<td>7</td>
<td>com.c2info.EG360_SalesReportsTCs.TC_011_VerifySalesReportForCurrentMonth_SalesReturn@32d2fa64</td></tr>
<tr>
<td title='com.c2info.EG360_SalesReportsTCs.TC_012_VerifySalesReportForLastMonth_SalesReturn.verifyBranchwiseCessAmount()'><b>verifyBranchwiseCessAmount</b><br>Test class: com.c2info.EG360_SalesReportsTCs.TC_012_VerifySalesReportForLastMonth_SalesReturn</td>
<td></td>
<td>6</td>
<td>com.c2info.EG360_SalesReportsTCs.TC_012_VerifySalesReportForLastMonth_SalesReturn@1d8d30f7</td></tr>
<tr>
<td title='com.c2info.EG360_SalesReportsTCs.TC_013_VerifySalesReportForCurrentQuarter_SalesReturn.verifyBranchwiseCessAmount()'><b>verifyBranchwiseCessAmount</b><br>Test class: com.c2info.EG360_SalesReportsTCs.TC_013_VerifySalesReportForCurrentQuarter_SalesReturn</td>
<td></td>
<td>4</td>
<td>com.c2info.EG360_SalesReportsTCs.TC_013_VerifySalesReportForCurrentQuarter_SalesReturn@3e57cd70</td></tr>
<tr>
<td title='com.c2info.EG360_SalesReportsTCs.TC_008_VerifySalesReportForToday_SalesReturn.verifyBranchwiseDiscAmount()'><b>verifyBranchwiseDiscAmount</b><br>Test class: com.c2info.EG360_SalesReportsTCs.TC_008_VerifySalesReportForToday_SalesReturn</td>
<td></td>
<td>6</td>
<td>com.c2info.EG360_SalesReportsTCs.TC_008_VerifySalesReportForToday_SalesReturn@37d31475</td></tr>
<tr>
<td title='com.c2info.EG360_SalesReportsTCs.TC_009_VerifySalesReportForYesterday_SalesReturn.verifyBranchwiseDiscAmount()'><b>verifyBranchwiseDiscAmount</b><br>Test class: com.c2info.EG360_SalesReportsTCs.TC_009_VerifySalesReportForYesterday_SalesReturn</td>
<td></td>
<td>7</td>
<td>com.c2info.EG360_SalesReportsTCs.TC_009_VerifySalesReportForYesterday_SalesReturn@27808f31</td></tr>
<tr>
<td title='com.c2info.EG360_SalesReportsTCs.TC_011_VerifySalesReportForCurrentMonth_SalesReturn.verifyBranchwiseDiscAmount()'><b>verifyBranchwiseDiscAmount</b><br>Test class: com.c2info.EG360_SalesReportsTCs.TC_011_VerifySalesReportForCurrentMonth_SalesReturn</td>
<td></td>
<td>6</td>
<td>com.c2info.EG360_SalesReportsTCs.TC_011_VerifySalesReportForCurrentMonth_SalesReturn@32d2fa64</td></tr>
<tr>
<td title='com.c2info.EG360_SalesReportsTCs.TC_012_VerifySalesReportForLastMonth_SalesReturn.verifyBranchwiseDiscAmount()'><b>verifyBranchwiseDiscAmount</b><br>Test class: com.c2info.EG360_SalesReportsTCs.TC_012_VerifySalesReportForLastMonth_SalesReturn</td>
<td></td>
<td>6</td>
<td>com.c2info.EG360_SalesReportsTCs.TC_012_VerifySalesReportForLastMonth_SalesReturn@1d8d30f7</td></tr>
<tr>
<td title='com.c2info.EG360_SalesReportsTCs.TC_008_VerifySalesReportForToday_SalesReturn.verifyBranchwiseIGSTAmount()'><b>verifyBranchwiseIGSTAmount</b><br>Test class: com.c2info.EG360_SalesReportsTCs.TC_008_VerifySalesReportForToday_SalesReturn</td>
<td></td>
<td>6</td>
<td>com.c2info.EG360_SalesReportsTCs.TC_008_VerifySalesReportForToday_SalesReturn@37d31475</td></tr>
<tr>
<td title='com.c2info.EG360_SalesReportsTCs.TC_009_VerifySalesReportForYesterday_SalesReturn.verifyBranchwiseIGSTAmount()'><b>verifyBranchwiseIGSTAmount</b><br>Test class: com.c2info.EG360_SalesReportsTCs.TC_009_VerifySalesReportForYesterday_SalesReturn</td>
<td></td>
<td>7</td>
<td>com.c2info.EG360_SalesReportsTCs.TC_009_VerifySalesReportForYesterday_SalesReturn@27808f31</td></tr>
<tr>
<td title='com.c2info.EG360_SalesReportsTCs.TC_008_VerifySalesReportForToday_SalesReturn.verifyBranchwiseInvoiceValAfterDisc()'><b>verifyBranchwiseInvoiceValAfterDisc</b><br>Test class: com.c2info.EG360_SalesReportsTCs.TC_008_VerifySalesReportForToday_SalesReturn</td>
<td></td>
<td>7</td>
<td>com.c2info.EG360_SalesReportsTCs.TC_008_VerifySalesReportForToday_SalesReturn@37d31475</td></tr>
<tr>
<td title='com.c2info.EG360_SalesReportsTCs.TC_009_VerifySalesReportForYesterday_SalesReturn.verifyBranchwiseInvoiceValAfterDisc()'><b>verifyBranchwiseInvoiceValAfterDisc</b><br>Test class: com.c2info.EG360_SalesReportsTCs.TC_009_VerifySalesReportForYesterday_SalesReturn</td>
<td></td>
<td>6</td>
<td>com.c2info.EG360_SalesReportsTCs.TC_009_VerifySalesReportForYesterday_SalesReturn@27808f31</td></tr>
<tr>
<td title='com.c2info.EG360_SalesReportsTCs.TC_008_VerifySalesReportForToday_SalesReturn.verifyBranchwiseInvoiceValTax()'><b>verifyBranchwiseInvoiceValTax</b><br>Test class: com.c2info.EG360_SalesReportsTCs.TC_008_VerifySalesReportForToday_SalesReturn</td>
<td></td>
<td>6</td>
<td>com.c2info.EG360_SalesReportsTCs.TC_008_VerifySalesReportForToday_SalesReturn@37d31475</td></tr>
<tr>
<td title='com.c2info.EG360_SalesReportsTCs.TC_009_VerifySalesReportForYesterday_SalesReturn.verifyBranchwiseInvoiceValTax()'><b>verifyBranchwiseInvoiceValTax</b><br>Test class: com.c2info.EG360_SalesReportsTCs.TC_009_VerifySalesReportForYesterday_SalesReturn</td>
<td></td>
<td>6</td>
<td>com.c2info.EG360_SalesReportsTCs.TC_009_VerifySalesReportForYesterday_SalesReturn@27808f31</td></tr>
<tr>
<td title='com.c2info.EG360_SalesReportsTCs.TC_011_VerifySalesReportForCurrentMonth_SalesReturn.verifyBranchwiseInvoiceValTax()'><b>verifyBranchwiseInvoiceValTax</b><br>Test class: com.c2info.EG360_SalesReportsTCs.TC_011_VerifySalesReportForCurrentMonth_SalesReturn</td>
<td></td>
<td>6</td>
<td>com.c2info.EG360_SalesReportsTCs.TC_011_VerifySalesReportForCurrentMonth_SalesReturn@32d2fa64</td></tr>
<tr>
<td title='com.c2info.EG360_SalesReportsTCs.TC_012_VerifySalesReportForLastMonth_SalesReturn.verifyBranchwiseInvoiceValTax()'><b>verifyBranchwiseInvoiceValTax</b><br>Test class: com.c2info.EG360_SalesReportsTCs.TC_012_VerifySalesReportForLastMonth_SalesReturn</td>
<td></td>
<td>6</td>
<td>com.c2info.EG360_SalesReportsTCs.TC_012_VerifySalesReportForLastMonth_SalesReturn@1d8d30f7</td></tr>
<tr>
<td title='com.c2info.EG360_SalesReportsTCs.TC_008_VerifySalesReportForToday_SalesReturn.verifyBranchwiseNumberOfCustomers()'><b>verifyBranchwiseNumberOfCustomers</b><br>Test class: com.c2info.EG360_SalesReportsTCs.TC_008_VerifySalesReportForToday_SalesReturn</td>
<td></td>
<td>6</td>
<td>com.c2info.EG360_SalesReportsTCs.TC_008_VerifySalesReportForToday_SalesReturn@37d31475</td></tr>
<tr>
<td title='com.c2info.EG360_SalesReportsTCs.TC_009_VerifySalesReportForYesterday_SalesReturn.verifyBranchwiseNumberOfCustomers()'><b>verifyBranchwiseNumberOfCustomers</b><br>Test class: com.c2info.EG360_SalesReportsTCs.TC_009_VerifySalesReportForYesterday_SalesReturn</td>
<td></td>
<td>6</td>
<td>com.c2info.EG360_SalesReportsTCs.TC_009_VerifySalesReportForYesterday_SalesReturn@27808f31</td></tr>
<tr>
<td title='com.c2info.EG360_SalesReportsTCs.TC_010_VerifySalesReportForLastWeek_SalesReturn.verifyBranchwiseNumberOfCustomers()'><b>verifyBranchwiseNumberOfCustomers</b><br>Test class: com.c2info.EG360_SalesReportsTCs.TC_010_VerifySalesReportForLastWeek_SalesReturn</td>
<td></td>
<td>4</td>
<td>com.c2info.EG360_SalesReportsTCs.TC_010_VerifySalesReportForLastWeek_SalesReturn@436e852b</td></tr>
<tr>
<td title='com.c2info.EG360_SalesReportsTCs.TC_011_VerifySalesReportForCurrentMonth_SalesReturn.verifyBranchwiseNumberOfCustomers()'><b>verifyBranchwiseNumberOfCustomers</b><br>Test class: com.c2info.EG360_SalesReportsTCs.TC_011_VerifySalesReportForCurrentMonth_SalesReturn</td>
<td></td>
<td>6</td>
<td>com.c2info.EG360_SalesReportsTCs.TC_011_VerifySalesReportForCurrentMonth_SalesReturn@32d2fa64</td></tr>
<tr>
<td title='com.c2info.EG360_SalesReportsTCs.TC_012_VerifySalesReportForLastMonth_SalesReturn.verifyBranchwiseNumberOfCustomers()'><b>verifyBranchwiseNumberOfCustomers</b><br>Test class: com.c2info.EG360_SalesReportsTCs.TC_012_VerifySalesReportForLastMonth_SalesReturn</td>
<td></td>
<td>6</td>
<td>com.c2info.EG360_SalesReportsTCs.TC_012_VerifySalesReportForLastMonth_SalesReturn@1d8d30f7</td></tr>
<tr>
<td title='com.c2info.EG360_SalesReportsTCs.TC_008_VerifySalesReportForToday_SalesReturn.verifyBranchwiseSGSTAmount()'><b>verifyBranchwiseSGSTAmount</b><br>Test class: com.c2info.EG360_SalesReportsTCs.TC_008_VerifySalesReportForToday_SalesReturn</td>
<td></td>
<td>7</td>
<td>com.c2info.EG360_SalesReportsTCs.TC_008_VerifySalesReportForToday_SalesReturn@37d31475</td></tr>
<tr>
<td title='com.c2info.EG360_SalesReportsTCs.TC_009_VerifySalesReportForYesterday_SalesReturn.verifyBranchwiseSGSTAmount()'><b>verifyBranchwiseSGSTAmount</b><br>Test class: com.c2info.EG360_SalesReportsTCs.TC_009_VerifySalesReportForYesterday_SalesReturn</td>
<td></td>
<td>7</td>
<td>com.c2info.EG360_SalesReportsTCs.TC_009_VerifySalesReportForYesterday_SalesReturn@27808f31</td></tr>
<tr>
<td title='com.c2info.EG360_SalesReportsTCs.TC_011_VerifySalesReportForCurrentMonth_SalesReturn.verifyBranchwiseSGSTAmount()'><b>verifyBranchwiseSGSTAmount</b><br>Test class: com.c2info.EG360_SalesReportsTCs.TC_011_VerifySalesReportForCurrentMonth_SalesReturn</td>
<td></td>
<td>7</td>
<td>com.c2info.EG360_SalesReportsTCs.TC_011_VerifySalesReportForCurrentMonth_SalesReturn@32d2fa64</td></tr>
<tr>
<td title='com.c2info.EG360_SalesReportsTCs.TC_012_VerifySalesReportForLastMonth_SalesReturn.verifyBranchwiseSGSTAmount()'><b>verifyBranchwiseSGSTAmount</b><br>Test class: com.c2info.EG360_SalesReportsTCs.TC_012_VerifySalesReportForLastMonth_SalesReturn</td>
<td></td>
<td>6</td>
<td>com.c2info.EG360_SalesReportsTCs.TC_012_VerifySalesReportForLastMonth_SalesReturn@1d8d30f7</td></tr>
<tr>
<td title='com.c2info.EG360_SalesReportsTCs.TC_008_VerifySalesReportForToday_SalesReturn.verifyBranchwiseServiceChargeAmount()'><b>verifyBranchwiseServiceChargeAmount</b><br>Test class: com.c2info.EG360_SalesReportsTCs.TC_008_VerifySalesReportForToday_SalesReturn</td>
<td></td>
<td>8</td>
<td>com.c2info.EG360_SalesReportsTCs.TC_008_VerifySalesReportForToday_SalesReturn@37d31475</td></tr>
<tr>
<td title='com.c2info.EG360_SalesReportsTCs.TC_009_VerifySalesReportForYesterday_SalesReturn.verifyBranchwiseServiceChargeAmount()'><b>verifyBranchwiseServiceChargeAmount</b><br>Test class: com.c2info.EG360_SalesReportsTCs.TC_009_VerifySalesReportForYesterday_SalesReturn</td>
<td></td>
<td>6</td>
<td>com.c2info.EG360_SalesReportsTCs.TC_009_VerifySalesReportForYesterday_SalesReturn@27808f31</td></tr>
<tr>
<td title='com.c2info.EG360_SalesReportsTCs.TC_010_VerifySalesReportForLastWeek_SalesReturn.verifyBranchwiseServiceChargeAmount()'><b>verifyBranchwiseServiceChargeAmount</b><br>Test class: com.c2info.EG360_SalesReportsTCs.TC_010_VerifySalesReportForLastWeek_SalesReturn</td>
<td></td>
<td>4</td>
<td>com.c2info.EG360_SalesReportsTCs.TC_010_VerifySalesReportForLastWeek_SalesReturn@436e852b</td></tr>
<tr>
<td title='com.c2info.EG360_SalesReportsTCs.TC_011_VerifySalesReportForCurrentMonth_SalesReturn.verifyBranchwiseServiceChargeAmount()'><b>verifyBranchwiseServiceChargeAmount</b><br>Test class: com.c2info.EG360_SalesReportsTCs.TC_011_VerifySalesReportForCurrentMonth_SalesReturn</td>
<td></td>
<td>6</td>
<td>com.c2info.EG360_SalesReportsTCs.TC_011_VerifySalesReportForCurrentMonth_SalesReturn@32d2fa64</td></tr>
<tr>
<td title='com.c2info.EG360_SalesReportsTCs.TC_012_VerifySalesReportForLastMonth_SalesReturn.verifyBranchwiseServiceChargeAmount()'><b>verifyBranchwiseServiceChargeAmount</b><br>Test class: com.c2info.EG360_SalesReportsTCs.TC_012_VerifySalesReportForLastMonth_SalesReturn</td>
<td></td>
<td>6</td>
<td>com.c2info.EG360_SalesReportsTCs.TC_012_VerifySalesReportForLastMonth_SalesReturn@1d8d30f7</td></tr>
<tr>
<td title='com.c2info.EG360_SalesReportsTCs.TC_013_VerifySalesReportForCurrentQuarter_SalesReturn.verifyBranchwiseServiceChargeAmount()'><b>verifyBranchwiseServiceChargeAmount</b><br>Test class: com.c2info.EG360_SalesReportsTCs.TC_013_VerifySalesReportForCurrentQuarter_SalesReturn</td>
<td></td>
<td>4</td>
<td>com.c2info.EG360_SalesReportsTCs.TC_013_VerifySalesReportForCurrentQuarter_SalesReturn@3e57cd70</td></tr>
<tr>
<td title='com.c2info.EG360_SalesReportsTCs.TC_014_VerifySalesReportForCurrentYear_SalesReturn.verifyBranchwiseServiceChargeAmount()'><b>verifyBranchwiseServiceChargeAmount</b><br>Test class: com.c2info.EG360_SalesReportsTCs.TC_014_VerifySalesReportForCurrentYear_SalesReturn</td>
<td></td>
<td>3</td>
<td>com.c2info.EG360_SalesReportsTCs.TC_014_VerifySalesReportForCurrentYear_SalesReturn@9a7504c</td></tr>
<tr>
<td title='com.c2info.EG360_SalesReportsTCs.TC_008_VerifySalesReportForToday_SalesReturn.verifyBranchwiseTaxAmount()'><b>verifyBranchwiseTaxAmount</b><br>Test class: com.c2info.EG360_SalesReportsTCs.TC_008_VerifySalesReportForToday_SalesReturn</td>
<td></td>
<td>7</td>
<td>com.c2info.EG360_SalesReportsTCs.TC_008_VerifySalesReportForToday_SalesReturn@37d31475</td></tr>
</table><p>
</body>
</html>