<?xml version="1.0" encoding="UTF-8"?>
<!-- Generated by org.testng.reporters.JUnitReportReporter -->
<testsuite skipped="0" hostname="ChethanBidare-pc" name="com.c2info.EG360_SalesReportsTCs.VerifySalesReportForToday" tests="13" failures="1" timestamp="03 Aug 2018 09:30:18 GMT" time="843.092" errors="0">
  <testcase name="verifyBranchName" time="83.357" classname="com.c2info.EG360_SalesReportsTCs.VerifySalesReportForToday"/>
  <testcase name="verifyBranchShortName" time="78.809" classname="com.c2info.EG360_SalesReportsTCs.VerifySalesReportForToday"/>
  <testcase name="verifyBranchWiseNumberOfInvoices" time="64.197" classname="com.c2info.EG360_SalesReportsTCs.VerifySalesReportForToday"/>
  <testcase name="verifyBranchwiseNumberOfCustomers" time="64.933" classname="com.c2info.EG360_SalesReportsTCs.VerifySalesReportForToday"/>
  <testcase name="verifyBranchwiseDiscAmount" time="66.574" classname="com.c2info.EG360_SalesReportsTCs.VerifySalesReportForToday"/>
  <testcase name="verifyBranchwiseInvoiceValAfterDisc" time="12.935" classname="com.c2info.EG360_SalesReportsTCs.VerifySalesReportForToday">
    <failure type="java.lang.AssertionError" message="expected [7295.66] but found [7295.65]">
      <![CDATA[java.lang.AssertionError: expected [7295.66] but found [7295.65]
	at org.testng.Assert.fail(Assert.java:93)
	at org.testng.Assert.failNotEquals(Assert.java:512)
	at org.testng.Assert.assertEqualsImpl(Assert.java:134)
	at org.testng.Assert.assertEquals(Assert.java:115)
	at org.testng.Assert.assertEquals(Assert.java:178)
	at com.c2info.EG360_SalesReportsTCs.VerifySalesReportForToday.verifyBranchwiseInvoiceValAfterDisc(VerifySalesReportForToday.java:184)
	at sun.reflect.NativeMethodAccessorImpl.invoke0(Native Method)
	at sun.reflect.NativeMethodAccessorImpl.invoke(NativeMethodAccessorImpl.java:62)
	at sun.reflect.DelegatingMethodAccessorImpl.invoke(DelegatingMethodAccessorImpl.java:43)
	at java.lang.reflect.Method.invoke(Method.java:498)
	at org.testng.internal.MethodInvocationHelper.invokeMethod(MethodInvocationHelper.java:108)
	at org.testng.internal.Invoker.invokeMethod(Invoker.java:661)
	at org.testng.internal.Invoker.invokeTestMethod(Invoker.java:869)
	at org.testng.internal.Invoker.invokeTestMethods(Invoker.java:1193)
	at org.testng.internal.TestMethodWorker.invokeTestMethods(TestMethodWorker.java:126)
	at org.testng.internal.TestMethodWorker.run(TestMethodWorker.java:109)
	at org.testng.TestRunner.privateRun(TestRunner.java:744)
	at org.testng.TestRunner.run(TestRunner.java:602)
	at org.testng.SuiteRunner.runTest(SuiteRunner.java:380)
	at org.testng.SuiteRunner.runSequentially(SuiteRunner.java:375)
	at org.testng.SuiteRunner.privateRun(SuiteRunner.java:340)
	at org.testng.SuiteRunner.run(SuiteRunner.java:289)
	at org.testng.SuiteRunnerWorker.runSuite(SuiteRunnerWorker.java:52)
	at org.testng.SuiteRunnerWorker.run(SuiteRunnerWorker.java:86)
	at org.testng.TestNG.runSuitesSequentially(TestNG.java:1301)
	at org.testng.TestNG.runSuitesLocally(TestNG.java:1226)
	at org.testng.TestNG.runSuites(TestNG.java:1144)
	at org.testng.TestNG.run(TestNG.java:1115)
	at org.testng.remote.AbstractRemoteTestNG.run(AbstractRemoteTestNG.java:114)
	at org.testng.remote.RemoteTestNG.initAndRun(RemoteTestNG.java:251)
	at org.testng.remote.RemoteTestNG.main(RemoteTestNG.java:77)
]]>
    </failure>
  </testcase> <!-- verifyBranchwiseInvoiceValAfterDisc -->
  <testcase name="verifyBranchwiseInvoiceValTax" time="65.198" classname="com.c2info.EG360_SalesReportsTCs.VerifySalesReportForToday"/>
  <testcase name="verifyBranchwiseTaxAmount" time="65.071" classname="com.c2info.EG360_SalesReportsTCs.VerifySalesReportForToday"/>
  <testcase name="verifyBranchwiseCGSTAmount" time="65.538" classname="com.c2info.EG360_SalesReportsTCs.VerifySalesReportForToday"/>
  <testcase name="verifyBranchwiseSGSTAmount" time="68.334" classname="com.c2info.EG360_SalesReportsTCs.VerifySalesReportForToday"/>
  <testcase name="verifyBranchwiseIGSTAmount" time="75.984" classname="com.c2info.EG360_SalesReportsTCs.VerifySalesReportForToday"/>
  <testcase name="verifyBranchwiseCessAmount" time="64.938" classname="com.c2info.EG360_SalesReportsTCs.VerifySalesReportForToday"/>
  <testcase name="verifyBranchwiseServiceChargeAmount" time="67.224" classname="com.c2info.EG360_SalesReportsTCs.VerifySalesReportForToday"/>
</testsuite> <!-- com.c2info.EG360_SalesReportsTCs.VerifySalesReportForToday -->
